[0.000000] (-) TimerEvent: {}
[0.001358] (fp_msgs) JobQueued: {'identifier': 'fp_msgs', 'dependencies': OrderedDict()}
[0.005102] (fp_msgs) JobStarted: {'identifier': 'fp_msgs'}
[0.025504] (fp_msgs) JobProgress: {'identifier': 'fp_msgs', 'progress': 'cmake'}
[0.026157] (fp_msgs) JobProgress: {'identifier': 'fp_msgs', 'progress': 'build'}
[0.026844] (fp_msgs) Command: {'cmd': ['/usr/bin/cmake', '--build', '/home/peter/Documents/EENG_519/Final_Project/src/matlab_msg_gen/glnxa64/build/fp_msgs', '--', '-j16', '-l16'], 'cwd': '/home/peter/Documents/EENG_519/Final_Project/src/matlab_msg_gen/glnxa64/build/fp_msgs', 'env': OrderedDict([('GJS_DEBUG_TOPICS', 'JS ERROR;JS LOG'), ('ARCH', 'glnxa64'), ('USER', 'peter'), ('LOCAL_PYTHON_VENV_PATH', '/home/peter/.matlab/R2022a/ros2/glnxa64/venv'), ('MEMKIND_HEAP_MANAGER', 'TBB'), ('SSH_AGENT_PID', '1808'), ('XDG_SESSION_TYPE', 'x11'), ('KMP_HANDLE_SIGNALS', '0'), ('SHLVL', '1'), ('ICU_TIMEZONE_FILES_DIR', '/usr/local/MATLAB/R2022a/bin/icutzdata'), ('LD_LIBRARY_PATH', '/usr/local/MATLAB/R2022a/sys/ros2/glnxa64/ros2/lib:/usr/lib/x86_64-linux-gnu/'), ('BASEMATLABPATH', ''), ('HOME', '/home/peter'), ('AUTOMOUNT_MAP', ''), ('OLDPWD', '/usr/local/MATLAB/R2022a'), ('DESKTOP_SESSION', 'ubuntu'), ('__KMP_REGISTERED_LIB_4804', '0x7f74e5a9a708-cafe5609-libiomp5.so'), ('MW_LD_SHIM', '/usr/local/MATLAB/R2022a/bin/glnxa64/ld_shim.so.2.31'), ('GIO_LAUNCHED_DESKTOP_FILE', '/usr/share/applications/matlab.desktop'), ('GNOME_SHELL_SESSION_MODE', 'ubuntu'), ('GTK_MODULES', ''), ('KMP_BLOCKTIME', '1'), ('PS1', '(venv)'), ('MANAGERPID', '1378'), ('DBUS_SESSION_BUS_ADDRESS', 'unix:path=/run/user/1000/bus'), ('GIO_LAUNCHED_DESKTOP_FILE_PID', '4804'), ('IM_CONFIG_PHASE', '1'), ('COLCON_PREFIX_PATH', '/usr/local/MATLAB/R2022a/sys/ros2/glnxa64/ros2'), ('LOGNAME', 'peter'), ('JOURNAL_STREAM', '8:48349'), ('_', '/home/peter/.matlab/R2022a/ros2/glnxa64/venv/bin/colcon'), ('PKG_CONFIG_PATH', '/usr/local/MATLAB/R2022a/sys/ros2/glnxa64/ros2/lib/pkgconfig'), ('XDG_SESSION_CLASS', 'user'), ('USERNAME', 'peter'), ('TERM', 'dumb'), ('GNOME_DESKTOP_SESSION_ID', 'this-is-deprecated'), ('WINDOWPATH', '2'), ('PATH', '/usr/local/MATLAB/R2022a/sys/ros2/glnxa64/ros2/bin:/home/peter/.matlab/R2022a/ros2/glnxa64/venv/bin:/home/peter/.matlab/R2022a/ros2/glnxa64/venv/bin:/usr/local/MATLAB/R2022a/toolbox/shared/coder/ninja/glnxa64:/home/peter/.local/bin:/usr/local/sbin:/usr/local/bin:/usr/sbin:/usr/bin:/sbin:/bin:/usr/games:/usr/local/games:/snap/bin:/home/peter/.dotnet/tools:/home/peter/.local/share/JetBrains/Toolbox/scripts'), ('SESSION_MANAGER', 'local/Blade-14:@/tmp/.ICE-unix/1882,unix/Blade-14:/tmp/.ICE-unix/1882'), ('INVOCATION_ID', 'ce92f906c4f54132bb0b3f31bd991b16'), ('XDG_MENU_PREFIX', 'gnome-'), ('XDG_RUNTIME_DIR', '/run/user/1000'), ('TOOLBOX', '/usr/local/MATLAB/R2022a/toolbox'), ('MKL_DOMAIN_NUM_THREADS', ''), ('KMP_INIT_AT_FORK', 'false'), ('DISPLAY', ':0'), ('LD_PRELOAD', ''), ('LANG', 'en_US.UTF-8'), ('XDG_CURRENT_DESKTOP', 'ubuntu:GNOME'), ('PRE_LD_PRELOAD', ''), ('RMW_IMPLEMENTATION', ''), ('XMODIFIERS', '@im=ibus'), ('XDG_SESSION_DESKTOP', 'ubuntu'), ('XAUTHORITY', '/run/user/1000/gdm/Xauthority'), ('SSH_AUTH_SOCK', '/run/user/1000/keyring/ssh'), ('ROS_DOMAIN_ID', '30'), ('AMENT_PREFIX_PATH', '/usr/local/MATLAB/R2022a/sys/ros2/glnxa64/ros2'), ('SHELL', '/bin/bash'), ('XFILESEARCHPATH', '/usr/local/MATLAB/R2022a/sys/java/jre/glnxa64/jre/lib/locale/%L/%T/%N%S:'), ('QT_ACCESSIBILITY', '1'), ('GDMSESSION', 'ubuntu'), ('OSG_LD_LIBRARY_PATH', '/usr/local/MATLAB/R2022a/sys/openscenegraph/lib/glnxa64'), ('GPG_AGENT_INFO', '/run/user/1000/gnupg/S.gpg-agent:0:1'), ('GJS_DEBUG_OUTPUT', 'stderr'), ('VIRTUAL_ENV', '/home/peter/.matlab/R2022a/ros2/glnxa64/venv'), ('KMP_STACKSIZE', '512k'), ('QT_IM_MODULE', 'ibus'), ('PWD', '/home/peter/Documents/EENG_519/Final_Project/src/matlab_msg_gen/glnxa64/build/fp_msgs'), ('XDG_CONFIG_DIRS', '/etc/xdg/xdg-ubuntu:/etc/xdg'), ('DYLD_LIBRARY_PATH', '/usr/local/MATLAB/R2022a/sys/ros2/glnxa64/ros2/lib:'), ('XDG_DATA_DIRS', '/usr/share/ubuntu:/usr/local/share/:/usr/share/:/var/lib/snapd/desktop'), ('MKL_NUM_THREADS', ''), ('MW_PATCH_OFFSETS', '0000104000000050'), ('PYTHONPATH', '/usr/local/MATLAB/R2022a/sys/ros2/glnxa64/ros2/lib/python3.9/site-packages:/home/peter/.matlab/R2022a/ros2/glnxa64/venv/lib/python3.9/site-packages:'), ('LC_NUMERIC', 'C'), ('COLCON', '1'), ('CMAKE_PREFIX_PATH', '/usr/local/MATLAB/R2022a/sys/ros2/glnxa64/ros2')]), 'shell': False}
[0.046845] (fp_msgs) StdoutLine: {'line': b'/usr/bin/cmake -S/home/peter/Documents/EENG_519/Final_Project/src/matlab_msg_gen/glnxa64/src/fp_msgs -B/home/peter/Documents/EENG_519/Final_Project/src/matlab_msg_gen/glnxa64/build/fp_msgs --check-build-system CMakeFiles/Makefile.cmake 0\n'}
[0.067280] (fp_msgs) StdoutLine: {'line': b'-- Found ament_cmake: 0.9.8 (/usr/local/MATLAB/R2022a/sys/ros2/glnxa64/ros2/share/ament_cmake/cmake)\n'}
[0.091373] (fp_msgs) StdoutLine: {'line': b'-- Found PythonInterp: /home/peter/.matlab/R2022a/ros2/glnxa64/venv/bin/python3 (found suitable version "3.9.16", minimum required is "3") \n'}
[0.091774] (fp_msgs) StdoutLine: {'line': b'-- Using PYTHON_EXECUTABLE: /home/peter/.matlab/R2022a/ros2/glnxa64/venv/bin/python3\n'}
[0.099738] (-) TimerEvent: {}
[0.200240] (-) TimerEvent: {}
[0.287518] (fp_msgs) StdoutLine: {'line': b'-- Found ament_cmake_ros: 0.9.2 (/usr/local/MATLAB/R2022a/sys/ros2/glnxa64/ros2/share/ament_cmake_ros/cmake)\n'}
[0.289951] (fp_msgs) StdoutLine: {'line': b'-- Found rosidl_typesupport_c: 1.0.2 (/usr/local/MATLAB/R2022a/sys/ros2/glnxa64/ros2/share/rosidl_typesupport_c/cmake)\n'}
[0.290440] (fp_msgs) StdoutLine: {'line': b'-- Using all available rosidl_typesupport_c: rosidl_typesupport_fastrtps_c;rosidl_typesupport_introspection_c\n'}
[0.292818] (fp_msgs) StdoutLine: {'line': b'-- Found rosidl_adapter: 1.2.1 (/usr/local/MATLAB/R2022a/sys/ros2/glnxa64/ros2/share/rosidl_adapter/cmake)\n'}
[0.300354] (-) TimerEvent: {}
[0.392386] (fp_msgs) StdoutLine: {'line': b'-- Found rosidl_typesupport_cpp: 1.0.2 (/usr/local/MATLAB/R2022a/sys/ros2/glnxa64/ros2/share/rosidl_typesupport_cpp/cmake)\n'}
[0.392955] (fp_msgs) StdoutLine: {'line': b'-- Using all available rosidl_typesupport_cpp: rosidl_typesupport_fastrtps_cpp;rosidl_typesupport_introspection_cpp\n'}
[0.400584] (-) TimerEvent: {}
[0.413304] (fp_msgs) StdoutLine: {'line': b'-- Found rosidl_default_generators: 1.0.1 (/usr/local/MATLAB/R2022a/sys/ros2/glnxa64/ros2/share/rosidl_default_generators/cmake)\n'}
[0.424113] (fp_msgs) StdoutLine: {'line': b'-- Found class_loader: 2.0.2 (/usr/local/MATLAB/R2022a/sys/ros2/glnxa64/ros2/share/class_loader/cmake)\n'}
[0.426695] (fp_msgs) StdoutLine: {'line': b'-- Found geometry_msgs: 2.0.4 (/usr/local/MATLAB/R2022a/sys/ros2/glnxa64/ros2/share/geometry_msgs/cmake)\n'}
[0.483845] (fp_msgs) StdoutLine: {'line': b'-- Found rclcpp: 2.3.1 (/usr/local/MATLAB/R2022a/sys/ros2/glnxa64/ros2/share/rclcpp/cmake)\n'}
[0.500817] (-) TimerEvent: {}
[0.506025] (fp_msgs) StdoutLine: {'line': b'-- Found rmw_implementation_cmake: 1.0.3 (/usr/local/MATLAB/R2022a/sys/ros2/glnxa64/ros2/share/rmw_implementation_cmake/cmake)\n'}
[0.506902] (fp_msgs) StdoutLine: {'line': b"-- Using RMW implementation 'rmw_fastrtps_cpp' as default\n"}
[0.600347] (fp_msgs) StdoutLine: {'line': b'-- Found PythonInterp: /home/peter/.matlab/R2022a/ros2/glnxa64/venv/bin/python3 (found version "3.9.16") \n'}
[0.600850] (-) TimerEvent: {}
[0.701098] (-) TimerEvent: {}
[0.801493] (-) TimerEvent: {}
[0.902157] (-) TimerEvent: {}
[1.002856] (-) TimerEvent: {}
[1.027891] (fp_msgs) StdoutLine: {'line': b'-- Using all available rosidl_typesupport_c: rosidl_typesupport_fastrtps_c;rosidl_typesupport_introspection_c\n'}
[1.103091] (-) TimerEvent: {}
[1.132093] (fp_msgs) StdoutLine: {'line': b'-- Using all available rosidl_typesupport_cpp: rosidl_typesupport_fastrtps_cpp;rosidl_typesupport_introspection_cpp\n'}
[1.153322] (fp_msgs) StdoutLine: {'line': b'-- Found PythonInterp: /home/peter/.matlab/R2022a/ros2/glnxa64/venv/bin/python3 (found suitable version "3.9.16", minimum required is "3.5") \n'}
[1.153711] (fp_msgs) StdoutLine: {'line': b'-- Found python_cmake_module: 0.8.1 (/usr/local/MATLAB/R2022a/sys/ros2/glnxa64/ros2/share/python_cmake_module/cmake)\n'}
[1.170310] (fp_msgs) StdoutLine: {'line': b'-- Using PYTHON_EXECUTABLE: /home/peter/.matlab/R2022a/ros2/glnxa64/venv/bin/python3\n'}
[1.170749] (fp_msgs) StdoutLine: {'line': b'-- Using PYTHON_INCLUDE_DIRS: /home/peter/.matlab/R2022a/ros2/glnxa64/venv/include\n'}
[1.170823] (fp_msgs) StdoutLine: {'line': b'-- Using PYTHON_LIBRARIES: /home/peter/.matlab/R2022a/ros2/glnxa64/venv/lib/libpython3.9.so\n'}
[1.203248] (-) TimerEvent: {}
[1.303788] (-) TimerEvent: {}
[1.319122] (fp_msgs) StdoutLine: {'line': b'-- Using numpy include directory: /home/peter/.matlab/R2022a/ros2/glnxa64/venv/lib/python3.9/site-packages/numpy/core/include\n'}
[1.331223] (fp_msgs) StdoutLine: {'line': b'-- Configuring done\n'}
[1.379826] (fp_msgs) StdoutLine: {'line': b'-- Generating done\n'}
[1.383162] (fp_msgs) StdoutLine: {'line': b'-- Build files have been written to: /home/peter/Documents/EENG_519/Final_Project/src/matlab_msg_gen/glnxa64/build/fp_msgs\n'}
[1.404171] (-) TimerEvent: {}
[1.411555] (fp_msgs) StdoutLine: {'line': b'/usr/bin/cmake -E cmake_progress_start /home/peter/Documents/EENG_519/Final_Project/src/matlab_msg_gen/glnxa64/build/fp_msgs/CMakeFiles /home/peter/Documents/EENG_519/Final_Project/src/matlab_msg_gen/glnxa64/build/fp_msgs//CMakeFiles/progress.marks\n'}
[1.426969] (fp_msgs) StdoutLine: {'line': b'/usr/bin/make  -f CMakeFiles/Makefile2 all\n'}
[1.430304] (fp_msgs) StdoutLine: {'line': b"make[1]: Entering directory '/home/peter/Documents/EENG_519/Final_Project/src/matlab_msg_gen/glnxa64/build/fp_msgs'\n"}
[1.431547] (fp_msgs) StdoutLine: {'line': b'/usr/bin/make  -f CMakeFiles/fp_msgs__cpp.dir/build.make CMakeFiles/fp_msgs__cpp.dir/depend\n'}
[1.432071] (fp_msgs) StdoutLine: {'line': b'/usr/bin/make  -f CMakeFiles/fp_msgs__rosidl_generator_c.dir/build.make CMakeFiles/fp_msgs__rosidl_generator_c.dir/depend\n'}
[1.433307] (fp_msgs) StdoutLine: {'line': b"make[2]: Entering directory '/home/peter/Documents/EENG_519/Final_Project/src/matlab_msg_gen/glnxa64/build/fp_msgs'\n"}
[1.434150] (fp_msgs) StdoutLine: {'line': b'cd /home/peter/Documents/EENG_519/Final_Project/src/matlab_msg_gen/glnxa64/build/fp_msgs && /usr/bin/cmake -E cmake_depends "Unix Makefiles" /home/peter/Documents/EENG_519/Final_Project/src/matlab_msg_gen/glnxa64/src/fp_msgs /home/peter/Documents/EENG_519/Final_Project/src/matlab_msg_gen/glnxa64/src/fp_msgs /home/peter/Documents/EENG_519/Final_Project/src/matlab_msg_gen/glnxa64/build/fp_msgs /home/peter/Documents/EENG_519/Final_Project/src/matlab_msg_gen/glnxa64/build/fp_msgs /home/peter/Documents/EENG_519/Final_Project/src/matlab_msg_gen/glnxa64/build/fp_msgs/CMakeFiles/fp_msgs__cpp.dir/DependInfo.cmake --color=\n'}
[1.434569] (fp_msgs) StdoutLine: {'line': b"make[2]: Entering directory '/home/peter/Documents/EENG_519/Final_Project/src/matlab_msg_gen/glnxa64/build/fp_msgs'\n"}
[1.435376] (fp_msgs) StdoutLine: {'line': b'cd /home/peter/Documents/EENG_519/Final_Project/src/matlab_msg_gen/glnxa64/build/fp_msgs && /usr/bin/cmake -E cmake_depends "Unix Makefiles" /home/peter/Documents/EENG_519/Final_Project/src/matlab_msg_gen/glnxa64/src/fp_msgs /home/peter/Documents/EENG_519/Final_Project/src/matlab_msg_gen/glnxa64/src/fp_msgs /home/peter/Documents/EENG_519/Final_Project/src/matlab_msg_gen/glnxa64/build/fp_msgs /home/peter/Documents/EENG_519/Final_Project/src/matlab_msg_gen/glnxa64/build/fp_msgs /home/peter/Documents/EENG_519/Final_Project/src/matlab_msg_gen/glnxa64/build/fp_msgs/CMakeFiles/fp_msgs__rosidl_generator_c.dir/DependInfo.cmake --color=\n'}
[1.445841] (fp_msgs) StdoutLine: {'line': b'\x1b[35m\x1b[1mConsolidate compiler generated dependencies of target fp_msgs__rosidl_generator_c\x1b[0m\n'}
[1.447266] (fp_msgs) StdoutLine: {'line': b"make[2]: Leaving directory '/home/peter/Documents/EENG_519/Final_Project/src/matlab_msg_gen/glnxa64/build/fp_msgs'\n"}
[1.447558] (fp_msgs) StdoutLine: {'line': b'/usr/bin/make  -f CMakeFiles/fp_msgs__cpp.dir/build.make CMakeFiles/fp_msgs__cpp.dir/build\n'}
[1.448047] (fp_msgs) StdoutLine: {'line': b"make[2]: Leaving directory '/home/peter/Documents/EENG_519/Final_Project/src/matlab_msg_gen/glnxa64/build/fp_msgs'\n"}
[1.448191] (fp_msgs) StdoutLine: {'line': b'/usr/bin/make  -f CMakeFiles/fp_msgs__rosidl_generator_c.dir/build.make CMakeFiles/fp_msgs__rosidl_generator_c.dir/build\n'}
[1.449279] (fp_msgs) StdoutLine: {'line': b"make[2]: Entering directory '/home/peter/Documents/EENG_519/Final_Project/src/matlab_msg_gen/glnxa64/build/fp_msgs'\n"}
[1.449353] (fp_msgs) StdoutLine: {'line': b"make[2]: Nothing to be done for 'CMakeFiles/fp_msgs__cpp.dir/build'.\n"}
[1.449405] (fp_msgs) StdoutLine: {'line': b"make[2]: Leaving directory '/home/peter/Documents/EENG_519/Final_Project/src/matlab_msg_gen/glnxa64/build/fp_msgs'\n"}
[1.449906] (fp_msgs) StdoutLine: {'line': b"make[2]: Entering directory '/home/peter/Documents/EENG_519/Final_Project/src/matlab_msg_gen/glnxa64/build/fp_msgs'\n"}
[1.450032] (fp_msgs) StdoutLine: {'line': b"make[2]: Nothing to be done for 'CMakeFiles/fp_msgs__rosidl_generator_c.dir/build'.\n"}
[1.450120] (fp_msgs) StdoutLine: {'line': b"make[2]: Leaving directory '/home/peter/Documents/EENG_519/Final_Project/src/matlab_msg_gen/glnxa64/build/fp_msgs'\n"}
[1.461525] (fp_msgs) StdoutLine: {'line': b'[  7%] Built target fp_msgs__cpp\n'}
[1.461928] (fp_msgs) StdoutLine: {'line': b'[ 11%] Built target fp_msgs__rosidl_generator_c\n'}
[1.462818] (fp_msgs) StdoutLine: {'line': b'/usr/bin/make  -f CMakeFiles/fp_msgs__rosidl_typesupport_cpp.dir/build.make CMakeFiles/fp_msgs__rosidl_typesupport_cpp.dir/depend\n'}
[1.463861] (fp_msgs) StdoutLine: {'line': b'/usr/bin/make  -f CMakeFiles/fp_msgs__rosidl_typesupport_fastrtps_cpp.dir/build.make CMakeFiles/fp_msgs__rosidl_typesupport_fastrtps_cpp.dir/depend\n'}
[1.464666] (fp_msgs) StdoutLine: {'line': b'/usr/bin/make  -f CMakeFiles/fp_msgs__rosidl_typesupport_introspection_c.dir/build.make CMakeFiles/fp_msgs__rosidl_typesupport_introspection_c.dir/depend\n'}
[1.464810] (fp_msgs) StdoutLine: {'line': b'/usr/bin/make  -f CMakeFiles/fp_msgs__rosidl_typesupport_c.dir/build.make CMakeFiles/fp_msgs__rosidl_typesupport_c.dir/depend\n'}
[1.464920] (fp_msgs) StdoutLine: {'line': b'/usr/bin/make  -f CMakeFiles/fp_msgs__rosidl_typesupport_introspection_cpp.dir/build.make CMakeFiles/fp_msgs__rosidl_typesupport_introspection_cpp.dir/depend\n'}
[1.465362] (fp_msgs) StdoutLine: {'line': b"make[2]: Entering directory '/home/peter/Documents/EENG_519/Final_Project/src/matlab_msg_gen/glnxa64/build/fp_msgs'\n"}
[1.465487] (fp_msgs) StdoutLine: {'line': b"make[2]: Entering directory '/home/peter/Documents/EENG_519/Final_Project/src/matlab_msg_gen/glnxa64/build/fp_msgs'\n"}
[1.465593] (fp_msgs) StdoutLine: {'line': b'cd /home/peter/Documents/EENG_519/Final_Project/src/matlab_msg_gen/glnxa64/build/fp_msgs && /usr/bin/cmake -E cmake_depends "Unix Makefiles" /home/peter/Documents/EENG_519/Final_Project/src/matlab_msg_gen/glnxa64/src/fp_msgs /home/peter/Documents/EENG_519/Final_Project/src/matlab_msg_gen/glnxa64/src/fp_msgs /home/peter/Documents/EENG_519/Final_Project/src/matlab_msg_gen/glnxa64/build/fp_msgs /home/peter/Documents/EENG_519/Final_Project/src/matlab_msg_gen/glnxa64/build/fp_msgs /home/peter/Documents/EENG_519/Final_Project/src/matlab_msg_gen/glnxa64/build/fp_msgs/CMakeFiles/fp_msgs__rosidl_typesupport_fastrtps_cpp.dir/DependInfo.cmake --color=\n'}
[1.465784] (fp_msgs) StdoutLine: {'line': b'cd /home/peter/Documents/EENG_519/Final_Project/src/matlab_msg_gen/glnxa64/build/fp_msgs && /usr/bin/cmake -E cmake_depends "Unix Makefiles" /home/peter/Documents/EENG_519/Final_Project/src/matlab_msg_gen/glnxa64/src/fp_msgs /home/peter/Documents/EENG_519/Final_Project/src/matlab_msg_gen/glnxa64/src/fp_msgs /home/peter/Documents/EENG_519/Final_Project/src/matlab_msg_gen/glnxa64/build/fp_msgs /home/peter/Documents/EENG_519/Final_Project/src/matlab_msg_gen/glnxa64/build/fp_msgs /home/peter/Documents/EENG_519/Final_Project/src/matlab_msg_gen/glnxa64/build/fp_msgs/CMakeFiles/fp_msgs__rosidl_typesupport_cpp.dir/DependInfo.cmake --color=\n'}
[1.466110] (fp_msgs) StdoutLine: {'line': b"make[2]: Entering directory '/home/peter/Documents/EENG_519/Final_Project/src/matlab_msg_gen/glnxa64/build/fp_msgs'\n"}
[1.466253] (fp_msgs) StdoutLine: {'line': b'cd /home/peter/Documents/EENG_519/Final_Project/src/matlab_msg_gen/glnxa64/build/fp_msgs && /usr/bin/cmake -E cmake_depends "Unix Makefiles" /home/peter/Documents/EENG_519/Final_Project/src/matlab_msg_gen/glnxa64/src/fp_msgs /home/peter/Documents/EENG_519/Final_Project/src/matlab_msg_gen/glnxa64/src/fp_msgs /home/peter/Documents/EENG_519/Final_Project/src/matlab_msg_gen/glnxa64/build/fp_msgs /home/peter/Documents/EENG_519/Final_Project/src/matlab_msg_gen/glnxa64/build/fp_msgs /home/peter/Documents/EENG_519/Final_Project/src/matlab_msg_gen/glnxa64/build/fp_msgs/CMakeFiles/fp_msgs__rosidl_typesupport_introspection_cpp.dir/DependInfo.cmake --color=\n'}
[1.466381] (fp_msgs) StdoutLine: {'line': b"make[2]: Entering directory '/home/peter/Documents/EENG_519/Final_Project/src/matlab_msg_gen/glnxa64/build/fp_msgs'\n"}
[1.466489] (fp_msgs) StdoutLine: {'line': b'cd /home/peter/Documents/EENG_519/Final_Project/src/matlab_msg_gen/glnxa64/build/fp_msgs && /usr/bin/cmake -E cmake_depends "Unix Makefiles" /home/peter/Documents/EENG_519/Final_Project/src/matlab_msg_gen/glnxa64/src/fp_msgs /home/peter/Documents/EENG_519/Final_Project/src/matlab_msg_gen/glnxa64/src/fp_msgs /home/peter/Documents/EENG_519/Final_Project/src/matlab_msg_gen/glnxa64/build/fp_msgs /home/peter/Documents/EENG_519/Final_Project/src/matlab_msg_gen/glnxa64/build/fp_msgs /home/peter/Documents/EENG_519/Final_Project/src/matlab_msg_gen/glnxa64/build/fp_msgs/CMakeFiles/fp_msgs__rosidl_typesupport_c.dir/DependInfo.cmake --color=\n'}
[1.466688] (fp_msgs) StdoutLine: {'line': b"make[2]: Entering directory '/home/peter/Documents/EENG_519/Final_Project/src/matlab_msg_gen/glnxa64/build/fp_msgs'\n"}
[1.466780] (fp_msgs) StdoutLine: {'line': b'cd /home/peter/Documents/EENG_519/Final_Project/src/matlab_msg_gen/glnxa64/build/fp_msgs && /usr/bin/cmake -E cmake_depends "Unix Makefiles" /home/peter/Documents/EENG_519/Final_Project/src/matlab_msg_gen/glnxa64/src/fp_msgs /home/peter/Documents/EENG_519/Final_Project/src/matlab_msg_gen/glnxa64/src/fp_msgs /home/peter/Documents/EENG_519/Final_Project/src/matlab_msg_gen/glnxa64/build/fp_msgs /home/peter/Documents/EENG_519/Final_Project/src/matlab_msg_gen/glnxa64/build/fp_msgs /home/peter/Documents/EENG_519/Final_Project/src/matlab_msg_gen/glnxa64/build/fp_msgs/CMakeFiles/fp_msgs__rosidl_typesupport_introspection_c.dir/DependInfo.cmake --color=\n'}
[1.477510] (fp_msgs) StdoutLine: {'line': b'\x1b[35m\x1b[1mConsolidate compiler generated dependencies of target fp_msgs__rosidl_typesupport_c\x1b[0m\n'}
[1.478129] (fp_msgs) StdoutLine: {'line': b'\x1b[35m\x1b[1mConsolidate compiler generated dependencies of target fp_msgs__rosidl_typesupport_introspection_c\x1b[0m\n'}
[1.478250] (fp_msgs) StdoutLine: {'line': b'\x1b[35m\x1b[1mConsolidate compiler generated dependencies of target fp_msgs__rosidl_typesupport_introspection_cpp\x1b[0m\n'}
[1.478343] (fp_msgs) StdoutLine: {'line': b'\x1b[35m\x1b[1mConsolidate compiler generated dependencies of target fp_msgs__rosidl_typesupport_fastrtps_cpp\x1b[0m\n'}
[1.478421] (fp_msgs) StdoutLine: {'line': b'\x1b[35m\x1b[1mConsolidate compiler generated dependencies of target fp_msgs__rosidl_typesupport_cpp\x1b[0m\n'}
[1.481403] (fp_msgs) StdoutLine: {'line': b"make[2]: Leaving directory '/home/peter/Documents/EENG_519/Final_Project/src/matlab_msg_gen/glnxa64/build/fp_msgs'\n"}
[1.481792] (fp_msgs) StdoutLine: {'line': b'/usr/bin/make  -f CMakeFiles/fp_msgs__rosidl_typesupport_c.dir/build.make CMakeFiles/fp_msgs__rosidl_typesupport_c.dir/build\n'}
[1.481945] (fp_msgs) StdoutLine: {'line': b"make[2]: Leaving directory '/home/peter/Documents/EENG_519/Final_Project/src/matlab_msg_gen/glnxa64/build/fp_msgs'\n"}
[1.482097] (fp_msgs) StdoutLine: {'line': b'/usr/bin/make  -f CMakeFiles/fp_msgs__rosidl_typesupport_introspection_c.dir/build.make CMakeFiles/fp_msgs__rosidl_typesupport_introspection_c.dir/build\n'}
[1.482274] (fp_msgs) StdoutLine: {'line': b"make[2]: Leaving directory '/home/peter/Documents/EENG_519/Final_Project/src/matlab_msg_gen/glnxa64/build/fp_msgs'\n"}
[1.482398] (fp_msgs) StdoutLine: {'line': b'/usr/bin/make  -f CMakeFiles/fp_msgs__rosidl_typesupport_introspection_cpp.dir/build.make CMakeFiles/fp_msgs__rosidl_typesupport_introspection_cpp.dir/build\n'}
[1.482813] (fp_msgs) StdoutLine: {'line': b"make[2]: Leaving directory '/home/peter/Documents/EENG_519/Final_Project/src/matlab_msg_gen/glnxa64/build/fp_msgs'\n"}
[1.483016] (fp_msgs) StdoutLine: {'line': b'/usr/bin/make  -f CMakeFiles/fp_msgs__rosidl_typesupport_fastrtps_cpp.dir/build.make CMakeFiles/fp_msgs__rosidl_typesupport_fastrtps_cpp.dir/build\n'}
[1.483388] (fp_msgs) StdoutLine: {'line': b"make[2]: Leaving directory '/home/peter/Documents/EENG_519/Final_Project/src/matlab_msg_gen/glnxa64/build/fp_msgs'\n"}
[1.483622] (fp_msgs) StdoutLine: {'line': b'/usr/bin/make  -f CMakeFiles/fp_msgs__rosidl_typesupport_cpp.dir/build.make CMakeFiles/fp_msgs__rosidl_typesupport_cpp.dir/build\n'}
[1.483816] (fp_msgs) StdoutLine: {'line': b"make[2]: Entering directory '/home/peter/Documents/EENG_519/Final_Project/src/matlab_msg_gen/glnxa64/build/fp_msgs'\n"}
[1.483912] (fp_msgs) StdoutLine: {'line': b"make[2]: Nothing to be done for 'CMakeFiles/fp_msgs__rosidl_typesupport_c.dir/build'.\n"}
[1.483995] (fp_msgs) StdoutLine: {'line': b"make[2]: Leaving directory '/home/peter/Documents/EENG_519/Final_Project/src/matlab_msg_gen/glnxa64/build/fp_msgs'\n"}
[1.484124] (fp_msgs) StdoutLine: {'line': b"make[2]: Entering directory '/home/peter/Documents/EENG_519/Final_Project/src/matlab_msg_gen/glnxa64/build/fp_msgs'\n"}
[1.484213] (fp_msgs) StdoutLine: {'line': b"make[2]: Nothing to be done for 'CMakeFiles/fp_msgs__rosidl_typesupport_introspection_c.dir/build'.\n"}
[1.484328] (fp_msgs) StdoutLine: {'line': b"make[2]: Leaving directory '/home/peter/Documents/EENG_519/Final_Project/src/matlab_msg_gen/glnxa64/build/fp_msgs'\n"}
[1.484920] (fp_msgs) StdoutLine: {'line': b"make[2]: Entering directory '/home/peter/Documents/EENG_519/Final_Project/src/matlab_msg_gen/glnxa64/build/fp_msgs'\n"}
[1.485014] (fp_msgs) StdoutLine: {'line': b"make[2]: Nothing to be done for 'CMakeFiles/fp_msgs__rosidl_typesupport_introspection_cpp.dir/build'.\n"}
[1.485090] (fp_msgs) StdoutLine: {'line': b"make[2]: Leaving directory '/home/peter/Documents/EENG_519/Final_Project/src/matlab_msg_gen/glnxa64/build/fp_msgs'\n"}
[1.486011] (fp_msgs) StdoutLine: {'line': b"make[2]: Entering directory '/home/peter/Documents/EENG_519/Final_Project/src/matlab_msg_gen/glnxa64/build/fp_msgs'\n"}
[1.486141] (fp_msgs) StdoutLine: {'line': b"make[2]: Nothing to be done for 'CMakeFiles/fp_msgs__rosidl_typesupport_cpp.dir/build'.\n"}
[1.486224] (fp_msgs) StdoutLine: {'line': b"make[2]: Leaving directory '/home/peter/Documents/EENG_519/Final_Project/src/matlab_msg_gen/glnxa64/build/fp_msgs'\n"}
[1.486302] (fp_msgs) StdoutLine: {'line': b"make[2]: Entering directory '/home/peter/Documents/EENG_519/Final_Project/src/matlab_msg_gen/glnxa64/build/fp_msgs'\n"}
[1.486379] (fp_msgs) StdoutLine: {'line': b"make[2]: Nothing to be done for 'CMakeFiles/fp_msgs__rosidl_typesupport_fastrtps_cpp.dir/build'.\n"}
[1.486455] (fp_msgs) StdoutLine: {'line': b"make[2]: Leaving directory '/home/peter/Documents/EENG_519/Final_Project/src/matlab_msg_gen/glnxa64/build/fp_msgs'\n"}
[1.497118] (fp_msgs) StdoutLine: {'line': b'[ 38%] Built target fp_msgs__rosidl_typesupport_fastrtps_cpp\n'}
[1.497639] (fp_msgs) StdoutLine: {'line': b'[ 40%] Built target fp_msgs__rosidl_typesupport_introspection_c\n'}
[1.497720] (fp_msgs) StdoutLine: {'line': b'[ 40%] Built target fp_msgs__rosidl_typesupport_c\n'}
[1.498576] (fp_msgs) StdoutLine: {'line': b'[ 50%] Built target fp_msgs__rosidl_typesupport_cpp\n'}
[1.498741] (fp_msgs) StdoutLine: {'line': b'/usr/bin/make  -f CMakeFiles/fp_msgs__rosidl_typesupport_fastrtps_c.dir/build.make CMakeFiles/fp_msgs__rosidl_typesupport_fastrtps_c.dir/depend\n'}
[1.501153] (fp_msgs) StdoutLine: {'line': b"make[2]: Entering directory '/home/peter/Documents/EENG_519/Final_Project/src/matlab_msg_gen/glnxa64/build/fp_msgs'\n"}
[1.501264] (fp_msgs) StdoutLine: {'line': b'cd /home/peter/Documents/EENG_519/Final_Project/src/matlab_msg_gen/glnxa64/build/fp_msgs && /usr/bin/cmake -E cmake_depends "Unix Makefiles" /home/peter/Documents/EENG_519/Final_Project/src/matlab_msg_gen/glnxa64/src/fp_msgs /home/peter/Documents/EENG_519/Final_Project/src/matlab_msg_gen/glnxa64/src/fp_msgs /home/peter/Documents/EENG_519/Final_Project/src/matlab_msg_gen/glnxa64/build/fp_msgs /home/peter/Documents/EENG_519/Final_Project/src/matlab_msg_gen/glnxa64/build/fp_msgs /home/peter/Documents/EENG_519/Final_Project/src/matlab_msg_gen/glnxa64/build/fp_msgs/CMakeFiles/fp_msgs__rosidl_typesupport_fastrtps_c.dir/DependInfo.cmake --color=\n'}
[1.504297] (-) TimerEvent: {}
[1.504901] (fp_msgs) StdoutLine: {'line': b'[ 59%] Built target fp_msgs__rosidl_typesupport_introspection_cpp\n'}
[1.517522] (fp_msgs) StdoutLine: {'line': b'\x1b[35m\x1b[1mConsolidate compiler generated dependencies of target fp_msgs__rosidl_typesupport_fastrtps_c\x1b[0m\n'}
[1.521267] (fp_msgs) StdoutLine: {'line': b"make[2]: Leaving directory '/home/peter/Documents/EENG_519/Final_Project/src/matlab_msg_gen/glnxa64/build/fp_msgs'\n"}
[1.521681] (fp_msgs) StdoutLine: {'line': b'/usr/bin/make  -f CMakeFiles/fp_msgs__rosidl_typesupport_fastrtps_c.dir/build.make CMakeFiles/fp_msgs__rosidl_typesupport_fastrtps_c.dir/build\n'}
[1.526786] (fp_msgs) StdoutLine: {'line': b"make[2]: Entering directory '/home/peter/Documents/EENG_519/Final_Project/src/matlab_msg_gen/glnxa64/build/fp_msgs'\n"}
[1.527086] (fp_msgs) StdoutLine: {'line': b"make[2]: Nothing to be done for 'CMakeFiles/fp_msgs__rosidl_typesupport_fastrtps_c.dir/build'.\n"}
[1.527152] (fp_msgs) StdoutLine: {'line': b"make[2]: Leaving directory '/home/peter/Documents/EENG_519/Final_Project/src/matlab_msg_gen/glnxa64/build/fp_msgs'\n"}
[1.540205] (fp_msgs) StdoutLine: {'line': b'[ 69%] Built target fp_msgs__rosidl_typesupport_fastrtps_c\n'}
[1.541555] (fp_msgs) StdoutLine: {'line': b'/usr/bin/make  -f CMakeFiles/fp_msgs.dir/build.make CMakeFiles/fp_msgs.dir/depend\n'}
[1.542709] (fp_msgs) StdoutLine: {'line': b"make[2]: Entering directory '/home/peter/Documents/EENG_519/Final_Project/src/matlab_msg_gen/glnxa64/build/fp_msgs'\n"}
[1.542929] (fp_msgs) StdoutLine: {'line': b'cd /home/peter/Documents/EENG_519/Final_Project/src/matlab_msg_gen/glnxa64/build/fp_msgs && /usr/bin/cmake -E cmake_depends "Unix Makefiles" /home/peter/Documents/EENG_519/Final_Project/src/matlab_msg_gen/glnxa64/src/fp_msgs /home/peter/Documents/EENG_519/Final_Project/src/matlab_msg_gen/glnxa64/src/fp_msgs /home/peter/Documents/EENG_519/Final_Project/src/matlab_msg_gen/glnxa64/build/fp_msgs /home/peter/Documents/EENG_519/Final_Project/src/matlab_msg_gen/glnxa64/build/fp_msgs /home/peter/Documents/EENG_519/Final_Project/src/matlab_msg_gen/glnxa64/build/fp_msgs/CMakeFiles/fp_msgs.dir/DependInfo.cmake --color=\n'}
[1.559056] (fp_msgs) StdoutLine: {'line': b"make[2]: Leaving directory '/home/peter/Documents/EENG_519/Final_Project/src/matlab_msg_gen/glnxa64/build/fp_msgs'\n"}
[1.560419] (fp_msgs) StdoutLine: {'line': b'/usr/bin/make  -f CMakeFiles/fp_msgs.dir/build.make CMakeFiles/fp_msgs.dir/build\n'}
[1.560579] (fp_msgs) StdoutLine: {'line': b"make[2]: Entering directory '/home/peter/Documents/EENG_519/Final_Project/src/matlab_msg_gen/glnxa64/build/fp_msgs'\n"}
[1.560672] (fp_msgs) StdoutLine: {'line': b"make[2]: Nothing to be done for 'CMakeFiles/fp_msgs.dir/build'.\n"}
[1.560762] (fp_msgs) StdoutLine: {'line': b"make[2]: Leaving directory '/home/peter/Documents/EENG_519/Final_Project/src/matlab_msg_gen/glnxa64/build/fp_msgs'\n"}
[1.573629] (fp_msgs) StdoutLine: {'line': b'[ 69%] Built target fp_msgs\n'}
[1.574842] (fp_msgs) StdoutLine: {'line': b'/usr/bin/make  -f fp_msgs__py/CMakeFiles/fp_msgs__py.dir/build.make fp_msgs__py/CMakeFiles/fp_msgs__py.dir/depend\n'}
[1.575245] (fp_msgs) StdoutLine: {'line': b'/usr/bin/make  -f CMakeFiles/fp_msgs_matlab.dir/build.make CMakeFiles/fp_msgs_matlab.dir/depend\n'}
[1.576411] (fp_msgs) StdoutLine: {'line': b"make[2]: Entering directory '/home/peter/Documents/EENG_519/Final_Project/src/matlab_msg_gen/glnxa64/build/fp_msgs'\n"}
[1.576538] (fp_msgs) StdoutLine: {'line': b'cd /home/peter/Documents/EENG_519/Final_Project/src/matlab_msg_gen/glnxa64/build/fp_msgs && /usr/bin/cmake -E cmake_depends "Unix Makefiles" /home/peter/Documents/EENG_519/Final_Project/src/matlab_msg_gen/glnxa64/src/fp_msgs /home/peter/Documents/EENG_519/Final_Project/src/matlab_msg_gen/glnxa64/build/fp_msgs/fp_msgs__py /home/peter/Documents/EENG_519/Final_Project/src/matlab_msg_gen/glnxa64/build/fp_msgs /home/peter/Documents/EENG_519/Final_Project/src/matlab_msg_gen/glnxa64/build/fp_msgs/fp_msgs__py /home/peter/Documents/EENG_519/Final_Project/src/matlab_msg_gen/glnxa64/build/fp_msgs/fp_msgs__py/CMakeFiles/fp_msgs__py.dir/DependInfo.cmake --color=\n'}
[1.576661] (fp_msgs) StdoutLine: {'line': b"make[2]: Entering directory '/home/peter/Documents/EENG_519/Final_Project/src/matlab_msg_gen/glnxa64/build/fp_msgs'\n"}
[1.576721] (fp_msgs) StdoutLine: {'line': b'cd /home/peter/Documents/EENG_519/Final_Project/src/matlab_msg_gen/glnxa64/build/fp_msgs && /usr/bin/cmake -E cmake_depends "Unix Makefiles" /home/peter/Documents/EENG_519/Final_Project/src/matlab_msg_gen/glnxa64/src/fp_msgs /home/peter/Documents/EENG_519/Final_Project/src/matlab_msg_gen/glnxa64/src/fp_msgs /home/peter/Documents/EENG_519/Final_Project/src/matlab_msg_gen/glnxa64/build/fp_msgs /home/peter/Documents/EENG_519/Final_Project/src/matlab_msg_gen/glnxa64/build/fp_msgs /home/peter/Documents/EENG_519/Final_Project/src/matlab_msg_gen/glnxa64/build/fp_msgs/CMakeFiles/fp_msgs_matlab.dir/DependInfo.cmake --color=\n'}
[1.588388] (fp_msgs) StdoutLine: {'line': b'\x1b[35m\x1b[1mConsolidate compiler generated dependencies of target fp_msgs_matlab\x1b[0m\n'}
[1.588897] (fp_msgs) StdoutLine: {'line': b"make[2]: Leaving directory '/home/peter/Documents/EENG_519/Final_Project/src/matlab_msg_gen/glnxa64/build/fp_msgs'\n"}
[1.589039] (fp_msgs) StdoutLine: {'line': b'/usr/bin/make  -f fp_msgs__py/CMakeFiles/fp_msgs__py.dir/build.make fp_msgs__py/CMakeFiles/fp_msgs__py.dir/build\n'}
[1.591808] (fp_msgs) StdoutLine: {'line': b"make[2]: Entering directory '/home/peter/Documents/EENG_519/Final_Project/src/matlab_msg_gen/glnxa64/build/fp_msgs'\n"}
[1.592463] (fp_msgs) StdoutLine: {'line': b"make[2]: Nothing to be done for 'fp_msgs__py/CMakeFiles/fp_msgs__py.dir/build'.\n"}
[1.592562] (fp_msgs) StdoutLine: {'line': b"make[2]: Leaving directory '/home/peter/Documents/EENG_519/Final_Project/src/matlab_msg_gen/glnxa64/build/fp_msgs'\n"}
[1.596278] (fp_msgs) StdoutLine: {'line': b"make[2]: Leaving directory '/home/peter/Documents/EENG_519/Final_Project/src/matlab_msg_gen/glnxa64/build/fp_msgs'\n"}
[1.596545] (fp_msgs) StdoutLine: {'line': b'/usr/bin/make  -f CMakeFiles/fp_msgs_matlab.dir/build.make CMakeFiles/fp_msgs_matlab.dir/build\n'}
[1.600967] (fp_msgs) StdoutLine: {'line': b"make[2]: Entering directory '/home/peter/Documents/EENG_519/Final_Project/src/matlab_msg_gen/glnxa64/build/fp_msgs'\n"}
[1.601446] (fp_msgs) StdoutLine: {'line': b"make[2]: Nothing to be done for 'CMakeFiles/fp_msgs_matlab.dir/build'.\n"}
[1.601536] (fp_msgs) StdoutLine: {'line': b"make[2]: Leaving directory '/home/peter/Documents/EENG_519/Final_Project/src/matlab_msg_gen/glnxa64/build/fp_msgs'\n"}
[1.604476] (-) TimerEvent: {}
[1.605277] (fp_msgs) StdoutLine: {'line': b'[ 71%] Built target fp_msgs__py\n'}
[1.606869] (fp_msgs) StdoutLine: {'line': b'/usr/bin/make  -f CMakeFiles/fp_msgs__python.dir/build.make CMakeFiles/fp_msgs__python.dir/depend\n'}
[1.608478] (fp_msgs) StdoutLine: {'line': b"make[2]: Entering directory '/home/peter/Documents/EENG_519/Final_Project/src/matlab_msg_gen/glnxa64/build/fp_msgs'\n"}
[1.608600] (fp_msgs) StdoutLine: {'line': b'cd /home/peter/Documents/EENG_519/Final_Project/src/matlab_msg_gen/glnxa64/build/fp_msgs && /usr/bin/cmake -E cmake_depends "Unix Makefiles" /home/peter/Documents/EENG_519/Final_Project/src/matlab_msg_gen/glnxa64/src/fp_msgs /home/peter/Documents/EENG_519/Final_Project/src/matlab_msg_gen/glnxa64/src/fp_msgs /home/peter/Documents/EENG_519/Final_Project/src/matlab_msg_gen/glnxa64/build/fp_msgs /home/peter/Documents/EENG_519/Final_Project/src/matlab_msg_gen/glnxa64/build/fp_msgs /home/peter/Documents/EENG_519/Final_Project/src/matlab_msg_gen/glnxa64/build/fp_msgs/CMakeFiles/fp_msgs__python.dir/DependInfo.cmake --color=\n'}
[1.615121] (fp_msgs) StdoutLine: {'line': b'[ 78%] Built target fp_msgs_matlab\n'}
[1.621993] (fp_msgs) StdoutLine: {'line': b'\x1b[35m\x1b[1mConsolidate compiler generated dependencies of target fp_msgs__python\x1b[0m\n'}
[1.626379] (fp_msgs) StdoutLine: {'line': b"make[2]: Leaving directory '/home/peter/Documents/EENG_519/Final_Project/src/matlab_msg_gen/glnxa64/build/fp_msgs'\n"}
[1.626698] (fp_msgs) StdoutLine: {'line': b'/usr/bin/make  -f CMakeFiles/fp_msgs__python.dir/build.make CMakeFiles/fp_msgs__python.dir/build\n'}
[1.628532] (fp_msgs) StdoutLine: {'line': b"make[2]: Entering directory '/home/peter/Documents/EENG_519/Final_Project/src/matlab_msg_gen/glnxa64/build/fp_msgs'\n"}
[1.628815] (fp_msgs) StdoutLine: {'line': b"make[2]: Nothing to be done for 'CMakeFiles/fp_msgs__python.dir/build'.\n"}
[1.628884] (fp_msgs) StdoutLine: {'line': b"make[2]: Leaving directory '/home/peter/Documents/EENG_519/Final_Project/src/matlab_msg_gen/glnxa64/build/fp_msgs'\n"}
[1.640662] (fp_msgs) StdoutLine: {'line': b'[ 85%] Built target fp_msgs__python\n'}
[1.641891] (fp_msgs) StdoutLine: {'line': b'/usr/bin/make  -f CMakeFiles/fp_msgs__rosidl_typesupport_fastrtps_c__pyext.dir/build.make CMakeFiles/fp_msgs__rosidl_typesupport_fastrtps_c__pyext.dir/depend\n'}
[1.642321] (fp_msgs) StdoutLine: {'line': b'/usr/bin/make  -f CMakeFiles/fp_msgs__rosidl_typesupport_introspection_c__pyext.dir/build.make CMakeFiles/fp_msgs__rosidl_typesupport_introspection_c__pyext.dir/depend\n'}
[1.642683] (fp_msgs) StdoutLine: {'line': b'/usr/bin/make  -f CMakeFiles/fp_msgs__rosidl_typesupport_c__pyext.dir/build.make CMakeFiles/fp_msgs__rosidl_typesupport_c__pyext.dir/depend\n'}
[1.643482] (fp_msgs) StdoutLine: {'line': b"make[2]: Entering directory '/home/peter/Documents/EENG_519/Final_Project/src/matlab_msg_gen/glnxa64/build/fp_msgs'\n"}
[1.643610] (fp_msgs) StdoutLine: {'line': b'cd /home/peter/Documents/EENG_519/Final_Project/src/matlab_msg_gen/glnxa64/build/fp_msgs && /usr/bin/cmake -E cmake_depends "Unix Makefiles" /home/peter/Documents/EENG_519/Final_Project/src/matlab_msg_gen/glnxa64/src/fp_msgs /home/peter/Documents/EENG_519/Final_Project/src/matlab_msg_gen/glnxa64/src/fp_msgs /home/peter/Documents/EENG_519/Final_Project/src/matlab_msg_gen/glnxa64/build/fp_msgs /home/peter/Documents/EENG_519/Final_Project/src/matlab_msg_gen/glnxa64/build/fp_msgs /home/peter/Documents/EENG_519/Final_Project/src/matlab_msg_gen/glnxa64/build/fp_msgs/CMakeFiles/fp_msgs__rosidl_typesupport_fastrtps_c__pyext.dir/DependInfo.cmake --color=\n'}
[1.643801] (fp_msgs) StdoutLine: {'line': b"make[2]: Entering directory '/home/peter/Documents/EENG_519/Final_Project/src/matlab_msg_gen/glnxa64/build/fp_msgs'\n"}
[1.643898] (fp_msgs) StdoutLine: {'line': b'cd /home/peter/Documents/EENG_519/Final_Project/src/matlab_msg_gen/glnxa64/build/fp_msgs && /usr/bin/cmake -E cmake_depends "Unix Makefiles" /home/peter/Documents/EENG_519/Final_Project/src/matlab_msg_gen/glnxa64/src/fp_msgs /home/peter/Documents/EENG_519/Final_Project/src/matlab_msg_gen/glnxa64/src/fp_msgs /home/peter/Documents/EENG_519/Final_Project/src/matlab_msg_gen/glnxa64/build/fp_msgs /home/peter/Documents/EENG_519/Final_Project/src/matlab_msg_gen/glnxa64/build/fp_msgs /home/peter/Documents/EENG_519/Final_Project/src/matlab_msg_gen/glnxa64/build/fp_msgs/CMakeFiles/fp_msgs__rosidl_typesupport_c__pyext.dir/DependInfo.cmake --color=\n'}
[1.643992] (fp_msgs) StdoutLine: {'line': b"make[2]: Entering directory '/home/peter/Documents/EENG_519/Final_Project/src/matlab_msg_gen/glnxa64/build/fp_msgs'\n"}
[1.644078] (fp_msgs) StdoutLine: {'line': b'cd /home/peter/Documents/EENG_519/Final_Project/src/matlab_msg_gen/glnxa64/build/fp_msgs && /usr/bin/cmake -E cmake_depends "Unix Makefiles" /home/peter/Documents/EENG_519/Final_Project/src/matlab_msg_gen/glnxa64/src/fp_msgs /home/peter/Documents/EENG_519/Final_Project/src/matlab_msg_gen/glnxa64/src/fp_msgs /home/peter/Documents/EENG_519/Final_Project/src/matlab_msg_gen/glnxa64/build/fp_msgs /home/peter/Documents/EENG_519/Final_Project/src/matlab_msg_gen/glnxa64/build/fp_msgs /home/peter/Documents/EENG_519/Final_Project/src/matlab_msg_gen/glnxa64/build/fp_msgs/CMakeFiles/fp_msgs__rosidl_typesupport_introspection_c__pyext.dir/DependInfo.cmake --color=\n'}
[1.657007] (fp_msgs) StdoutLine: {'line': b'\x1b[35m\x1b[1mConsolidate compiler generated dependencies of target fp_msgs__rosidl_typesupport_introspection_c__pyext\x1b[0m\n'}
[1.657248] (fp_msgs) StdoutLine: {'line': b'\x1b[35m\x1b[1mConsolidate compiler generated dependencies of target fp_msgs__rosidl_typesupport_fastrtps_c__pyext\x1b[0m\n'}
[1.657356] (fp_msgs) StdoutLine: {'line': b'\x1b[35m\x1b[1mConsolidate compiler generated dependencies of target fp_msgs__rosidl_typesupport_c__pyext\x1b[0m\n'}
[1.660638] (fp_msgs) StdoutLine: {'line': b"make[2]: Leaving directory '/home/peter/Documents/EENG_519/Final_Project/src/matlab_msg_gen/glnxa64/build/fp_msgs'\n"}
[1.660921] (fp_msgs) StdoutLine: {'line': b"make[2]: Leaving directory '/home/peter/Documents/EENG_519/Final_Project/src/matlab_msg_gen/glnxa64/build/fp_msgs'\n"}
[1.661015] (fp_msgs) StdoutLine: {'line': b"make[2]: Leaving directory '/home/peter/Documents/EENG_519/Final_Project/src/matlab_msg_gen/glnxa64/build/fp_msgs'\n"}
[1.661098] (fp_msgs) StdoutLine: {'line': b'/usr/bin/make  -f CMakeFiles/fp_msgs__rosidl_typesupport_fastrtps_c__pyext.dir/build.make CMakeFiles/fp_msgs__rosidl_typesupport_fastrtps_c__pyext.dir/build\n'}
[1.661192] (fp_msgs) StdoutLine: {'line': b'/usr/bin/make  -f CMakeFiles/fp_msgs__rosidl_typesupport_introspection_c__pyext.dir/build.make CMakeFiles/fp_msgs__rosidl_typesupport_introspection_c__pyext.dir/build\n'}
[1.661330] (fp_msgs) StdoutLine: {'line': b'/usr/bin/make  -f CMakeFiles/fp_msgs__rosidl_typesupport_c__pyext.dir/build.make CMakeFiles/fp_msgs__rosidl_typesupport_c__pyext.dir/build\n'}
[1.662479] (fp_msgs) StdoutLine: {'line': b"make[2]: Entering directory '/home/peter/Documents/EENG_519/Final_Project/src/matlab_msg_gen/glnxa64/build/fp_msgs'\n"}
[1.662584] (fp_msgs) StdoutLine: {'line': b"make[2]: Nothing to be done for 'CMakeFiles/fp_msgs__rosidl_typesupport_introspection_c__pyext.dir/build'.\n"}
[1.662656] (fp_msgs) StdoutLine: {'line': b"make[2]: Leaving directory '/home/peter/Documents/EENG_519/Final_Project/src/matlab_msg_gen/glnxa64/build/fp_msgs'\n"}
[1.662730] (fp_msgs) StdoutLine: {'line': b"make[2]: Entering directory '/home/peter/Documents/EENG_519/Final_Project/src/matlab_msg_gen/glnxa64/build/fp_msgs'\n"}
[1.662796] (fp_msgs) StdoutLine: {'line': b"make[2]: Nothing to be done for 'CMakeFiles/fp_msgs__rosidl_typesupport_fastrtps_c__pyext.dir/build'.\n"}
[1.662863] (fp_msgs) StdoutLine: {'line': b"make[2]: Leaving directory '/home/peter/Documents/EENG_519/Final_Project/src/matlab_msg_gen/glnxa64/build/fp_msgs'\n"}
[1.662933] (fp_msgs) StdoutLine: {'line': b"make[2]: Entering directory '/home/peter/Documents/EENG_519/Final_Project/src/matlab_msg_gen/glnxa64/build/fp_msgs'\n"}
[1.662994] (fp_msgs) StdoutLine: {'line': b"make[2]: Nothing to be done for 'CMakeFiles/fp_msgs__rosidl_typesupport_c__pyext.dir/build'.\n"}
[1.663058] (fp_msgs) StdoutLine: {'line': b"make[2]: Leaving directory '/home/peter/Documents/EENG_519/Final_Project/src/matlab_msg_gen/glnxa64/build/fp_msgs'\n"}
[1.674341] (fp_msgs) StdoutLine: {'line': b'[100%] Built target fp_msgs__rosidl_typesupport_c__pyext\n'}
[1.674770] (fp_msgs) StdoutLine: {'line': b'[100%] Built target fp_msgs__rosidl_typesupport_introspection_c__pyext\n'}
[1.674854] (fp_msgs) StdoutLine: {'line': b'[100%] Built target fp_msgs__rosidl_typesupport_fastrtps_c__pyext\n'}
[1.674979] (fp_msgs) StdoutLine: {'line': b"make[1]: Leaving directory '/home/peter/Documents/EENG_519/Final_Project/src/matlab_msg_gen/glnxa64/build/fp_msgs'\n"}
[1.675085] (fp_msgs) StdoutLine: {'line': b'/usr/bin/cmake -E cmake_progress_start /home/peter/Documents/EENG_519/Final_Project/src/matlab_msg_gen/glnxa64/build/fp_msgs/CMakeFiles 0\n'}
[1.692615] (fp_msgs) CommandEnded: {'returncode': 0}
[1.704774] (-) TimerEvent: {}
[1.752121] (fp_msgs) JobProgress: {'identifier': 'fp_msgs', 'progress': 'install'}
[1.768449] (fp_msgs) Command: {'cmd': ['/usr/bin/cmake', '--install', '/home/peter/Documents/EENG_519/Final_Project/src/matlab_msg_gen/glnxa64/build/fp_msgs'], 'cwd': '/home/peter/Documents/EENG_519/Final_Project/src/matlab_msg_gen/glnxa64/build/fp_msgs', 'env': OrderedDict([('GJS_DEBUG_TOPICS', 'JS ERROR;JS LOG'), ('ARCH', 'glnxa64'), ('USER', 'peter'), ('LOCAL_PYTHON_VENV_PATH', '/home/peter/.matlab/R2022a/ros2/glnxa64/venv'), ('MEMKIND_HEAP_MANAGER', 'TBB'), ('SSH_AGENT_PID', '1808'), ('XDG_SESSION_TYPE', 'x11'), ('KMP_HANDLE_SIGNALS', '0'), ('SHLVL', '1'), ('ICU_TIMEZONE_FILES_DIR', '/usr/local/MATLAB/R2022a/bin/icutzdata'), ('LD_LIBRARY_PATH', '/usr/local/MATLAB/R2022a/sys/ros2/glnxa64/ros2/lib:/usr/lib/x86_64-linux-gnu/'), ('BASEMATLABPATH', ''), ('HOME', '/home/peter'), ('AUTOMOUNT_MAP', ''), ('OLDPWD', '/usr/local/MATLAB/R2022a'), ('DESKTOP_SESSION', 'ubuntu'), ('__KMP_REGISTERED_LIB_4804', '0x7f74e5a9a708-cafe5609-libiomp5.so'), ('MW_LD_SHIM', '/usr/local/MATLAB/R2022a/bin/glnxa64/ld_shim.so.2.31'), ('GIO_LAUNCHED_DESKTOP_FILE', '/usr/share/applications/matlab.desktop'), ('GNOME_SHELL_SESSION_MODE', 'ubuntu'), ('GTK_MODULES', ''), ('KMP_BLOCKTIME', '1'), ('PS1', '(venv)'), ('MANAGERPID', '1378'), ('DBUS_SESSION_BUS_ADDRESS', 'unix:path=/run/user/1000/bus'), ('GIO_LAUNCHED_DESKTOP_FILE_PID', '4804'), ('IM_CONFIG_PHASE', '1'), ('COLCON_PREFIX_PATH', '/usr/local/MATLAB/R2022a/sys/ros2/glnxa64/ros2'), ('LOGNAME', 'peter'), ('JOURNAL_STREAM', '8:48349'), ('_', '/home/peter/.matlab/R2022a/ros2/glnxa64/venv/bin/colcon'), ('PKG_CONFIG_PATH', '/usr/local/MATLAB/R2022a/sys/ros2/glnxa64/ros2/lib/pkgconfig'), ('XDG_SESSION_CLASS', 'user'), ('USERNAME', 'peter'), ('TERM', 'dumb'), ('GNOME_DESKTOP_SESSION_ID', 'this-is-deprecated'), ('WINDOWPATH', '2'), ('PATH', '/usr/local/MATLAB/R2022a/sys/ros2/glnxa64/ros2/bin:/home/peter/.matlab/R2022a/ros2/glnxa64/venv/bin:/home/peter/.matlab/R2022a/ros2/glnxa64/venv/bin:/usr/local/MATLAB/R2022a/toolbox/shared/coder/ninja/glnxa64:/home/peter/.local/bin:/usr/local/sbin:/usr/local/bin:/usr/sbin:/usr/bin:/sbin:/bin:/usr/games:/usr/local/games:/snap/bin:/home/peter/.dotnet/tools:/home/peter/.local/share/JetBrains/Toolbox/scripts'), ('SESSION_MANAGER', 'local/Blade-14:@/tmp/.ICE-unix/1882,unix/Blade-14:/tmp/.ICE-unix/1882'), ('INVOCATION_ID', 'ce92f906c4f54132bb0b3f31bd991b16'), ('XDG_MENU_PREFIX', 'gnome-'), ('XDG_RUNTIME_DIR', '/run/user/1000'), ('TOOLBOX', '/usr/local/MATLAB/R2022a/toolbox'), ('MKL_DOMAIN_NUM_THREADS', ''), ('KMP_INIT_AT_FORK', 'false'), ('DISPLAY', ':0'), ('LD_PRELOAD', ''), ('LANG', 'en_US.UTF-8'), ('XDG_CURRENT_DESKTOP', 'ubuntu:GNOME'), ('PRE_LD_PRELOAD', ''), ('RMW_IMPLEMENTATION', ''), ('XMODIFIERS', '@im=ibus'), ('XDG_SESSION_DESKTOP', 'ubuntu'), ('XAUTHORITY', '/run/user/1000/gdm/Xauthority'), ('SSH_AUTH_SOCK', '/run/user/1000/keyring/ssh'), ('ROS_DOMAIN_ID', '30'), ('AMENT_PREFIX_PATH', '/usr/local/MATLAB/R2022a/sys/ros2/glnxa64/ros2'), ('SHELL', '/bin/bash'), ('XFILESEARCHPATH', '/usr/local/MATLAB/R2022a/sys/java/jre/glnxa64/jre/lib/locale/%L/%T/%N%S:'), ('QT_ACCESSIBILITY', '1'), ('GDMSESSION', 'ubuntu'), ('OSG_LD_LIBRARY_PATH', '/usr/local/MATLAB/R2022a/sys/openscenegraph/lib/glnxa64'), ('GPG_AGENT_INFO', '/run/user/1000/gnupg/S.gpg-agent:0:1'), ('GJS_DEBUG_OUTPUT', 'stderr'), ('VIRTUAL_ENV', '/home/peter/.matlab/R2022a/ros2/glnxa64/venv'), ('KMP_STACKSIZE', '512k'), ('QT_IM_MODULE', 'ibus'), ('PWD', '/home/peter/Documents/EENG_519/Final_Project/src/matlab_msg_gen/glnxa64/build/fp_msgs'), ('XDG_CONFIG_DIRS', '/etc/xdg/xdg-ubuntu:/etc/xdg'), ('DYLD_LIBRARY_PATH', '/usr/local/MATLAB/R2022a/sys/ros2/glnxa64/ros2/lib:'), ('XDG_DATA_DIRS', '/usr/share/ubuntu:/usr/local/share/:/usr/share/:/var/lib/snapd/desktop'), ('MKL_NUM_THREADS', ''), ('MW_PATCH_OFFSETS', '0000104000000050'), ('PYTHONPATH', '/usr/local/MATLAB/R2022a/sys/ros2/glnxa64/ros2/lib/python3.9/site-packages:/home/peter/.matlab/R2022a/ros2/glnxa64/venv/lib/python3.9/site-packages:'), ('LC_NUMERIC', 'C'), ('COLCON', '1'), ('CMAKE_PREFIX_PATH', '/usr/local/MATLAB/R2022a/sys/ros2/glnxa64/ros2')]), 'shell': False}
[1.786063] (fp_msgs) StdoutLine: {'line': b'-- Install configuration: "Release"\n'}
[1.786416] (fp_msgs) StdoutLine: {'line': b'-- Up-to-date: /home/peter/Documents/EENG_519/Final_Project/src/matlab_msg_gen/glnxa64/install/share/ament_index/resource_index/rosidl_interfaces/fp_msgs\n'}
[1.786494] (fp_msgs) StdoutLine: {'line': b'-- Up-to-date: /home/peter/Documents/EENG_519/Final_Project/src/matlab_msg_gen/glnxa64/install/include/fp_msgs\n'}
[1.786561] (fp_msgs) StdoutLine: {'line': b'-- Up-to-date: /home/peter/Documents/EENG_519/Final_Project/src/matlab_msg_gen/glnxa64/install/include/fp_msgs/msg\n'}
[1.786772] (fp_msgs) StdoutLine: {'line': b'-- Up-to-date: /home/peter/Documents/EENG_519/Final_Project/src/matlab_msg_gen/glnxa64/install/include/fp_msgs/msg/point_rpy.h\n'}
[1.786857] (fp_msgs) StdoutLine: {'line': b'-- Up-to-date: /home/peter/Documents/EENG_519/Final_Project/src/matlab_msg_gen/glnxa64/install/include/fp_msgs/msg/sigma_id.h\n'}
[1.786930] (fp_msgs) StdoutLine: {'line': b'-- Up-to-date: /home/peter/Documents/EENG_519/Final_Project/src/matlab_msg_gen/glnxa64/install/include/fp_msgs/msg/detail\n'}
[1.787011] (fp_msgs) StdoutLine: {'line': b'-- Up-to-date: /home/peter/Documents/EENG_519/Final_Project/src/matlab_msg_gen/glnxa64/install/include/fp_msgs/msg/detail/sigma_id__type_support.h\n'}
[1.787082] (fp_msgs) StdoutLine: {'line': b'-- Up-to-date: /home/peter/Documents/EENG_519/Final_Project/src/matlab_msg_gen/glnxa64/install/include/fp_msgs/msg/detail/sigma_id__functions.c\n'}
[1.787154] (fp_msgs) StdoutLine: {'line': b'-- Up-to-date: /home/peter/Documents/EENG_519/Final_Project/src/matlab_msg_gen/glnxa64/install/include/fp_msgs/msg/detail/sigma_id__struct.h\n'}
[1.787222] (fp_msgs) StdoutLine: {'line': b'-- Up-to-date: /home/peter/Documents/EENG_519/Final_Project/src/matlab_msg_gen/glnxa64/install/include/fp_msgs/msg/detail/sigma_id__functions.h\n'}
[1.787417] (fp_msgs) StdoutLine: {'line': b'-- Up-to-date: /home/peter/Documents/EENG_519/Final_Project/src/matlab_msg_gen/glnxa64/install/include/fp_msgs/msg/detail/point_rpy__functions.h\n'}
[1.787491] (fp_msgs) StdoutLine: {'line': b'-- Up-to-date: /home/peter/Documents/EENG_519/Final_Project/src/matlab_msg_gen/glnxa64/install/include/fp_msgs/msg/detail/point_rpy__functions.c\n'}
[1.787557] (fp_msgs) StdoutLine: {'line': b'-- Up-to-date: /home/peter/Documents/EENG_519/Final_Project/src/matlab_msg_gen/glnxa64/install/include/fp_msgs/msg/detail/point_rpy__type_support.h\n'}
[1.787626] (fp_msgs) StdoutLine: {'line': b'-- Up-to-date: /home/peter/Documents/EENG_519/Final_Project/src/matlab_msg_gen/glnxa64/install/include/fp_msgs/msg/detail/point_rpy__struct.h\n'}
[1.787692] (fp_msgs) StdoutLine: {'line': b'-- Up-to-date: /home/peter/Documents/EENG_519/Final_Project/src/matlab_msg_gen/glnxa64/install/include/fp_msgs/msg/rosidl_generator_c__visibility_control.h\n'}
[1.787759] (fp_msgs) StdoutLine: {'line': b'-- Up-to-date: /home/peter/Documents/EENG_519/Final_Project/src/matlab_msg_gen/glnxa64/install/share/fp_msgs/environment/library_path.sh\n'}
[1.787825] (fp_msgs) StdoutLine: {'line': b'-- Installing: /home/peter/Documents/EENG_519/Final_Project/src/matlab_msg_gen/glnxa64/install/share/fp_msgs/environment/library_path.dsv\n'}
[1.787890] (fp_msgs) StdoutLine: {'line': b'-- Up-to-date: /home/peter/Documents/EENG_519/Final_Project/src/matlab_msg_gen/glnxa64/install/lib/libfp_msgs__rosidl_generator_c.so\n'}
[1.787958] (fp_msgs) StdoutLine: {'line': b'-- Up-to-date: /home/peter/Documents/EENG_519/Final_Project/src/matlab_msg_gen/glnxa64/install/include/fp_msgs\n'}
[1.788024] (fp_msgs) StdoutLine: {'line': b'-- Up-to-date: /home/peter/Documents/EENG_519/Final_Project/src/matlab_msg_gen/glnxa64/install/include/fp_msgs/msg\n'}
[1.788091] (fp_msgs) StdoutLine: {'line': b'-- Up-to-date: /home/peter/Documents/EENG_519/Final_Project/src/matlab_msg_gen/glnxa64/install/include/fp_msgs/msg/detail\n'}
[1.788371] (fp_msgs) StdoutLine: {'line': b'-- Up-to-date: /home/peter/Documents/EENG_519/Final_Project/src/matlab_msg_gen/glnxa64/install/include/fp_msgs/msg/detail/point_rpy__rosidl_typesupport_fastrtps_c.h\n'}
[1.788446] (fp_msgs) StdoutLine: {'line': b'-- Up-to-date: /home/peter/Documents/EENG_519/Final_Project/src/matlab_msg_gen/glnxa64/install/include/fp_msgs/msg/detail/sigma_id__rosidl_typesupport_fastrtps_c.h\n'}
[1.788507] (fp_msgs) StdoutLine: {'line': b'-- Up-to-date: /home/peter/Documents/EENG_519/Final_Project/src/matlab_msg_gen/glnxa64/install/include/fp_msgs/msg/rosidl_typesupport_fastrtps_c__visibility_control.h\n'}
[1.788576] (fp_msgs) StdoutLine: {'line': b'-- Up-to-date: /home/peter/Documents/EENG_519/Final_Project/src/matlab_msg_gen/glnxa64/install/lib/libfp_msgs__rosidl_typesupport_fastrtps_c.so\n'}
[1.788631] (fp_msgs) StdoutLine: {'line': b'-- Up-to-date: /home/peter/Documents/EENG_519/Final_Project/src/matlab_msg_gen/glnxa64/install/include/fp_msgs\n'}
[1.788683] (fp_msgs) StdoutLine: {'line': b'-- Up-to-date: /home/peter/Documents/EENG_519/Final_Project/src/matlab_msg_gen/glnxa64/install/include/fp_msgs/msg\n'}
[1.788731] (fp_msgs) StdoutLine: {'line': b'-- Up-to-date: /home/peter/Documents/EENG_519/Final_Project/src/matlab_msg_gen/glnxa64/install/include/fp_msgs/msg/detail\n'}
[1.788802] (fp_msgs) StdoutLine: {'line': b'-- Up-to-date: /home/peter/Documents/EENG_519/Final_Project/src/matlab_msg_gen/glnxa64/install/include/fp_msgs/msg/detail/point_rpy__rosidl_typesupport_fastrtps_cpp.hpp\n'}
[1.788881] (fp_msgs) StdoutLine: {'line': b'-- Up-to-date: /home/peter/Documents/EENG_519/Final_Project/src/matlab_msg_gen/glnxa64/install/include/fp_msgs/msg/detail/sigma_id__rosidl_typesupport_fastrtps_cpp.hpp\n'}
[1.788961] (fp_msgs) StdoutLine: {'line': b'-- Up-to-date: /home/peter/Documents/EENG_519/Final_Project/src/matlab_msg_gen/glnxa64/install/include/fp_msgs/msg/detail/dds_fastrtps\n'}
[1.789015] (fp_msgs) StdoutLine: {'line': b'-- Up-to-date: /home/peter/Documents/EENG_519/Final_Project/src/matlab_msg_gen/glnxa64/install/include/fp_msgs/msg/rosidl_typesupport_fastrtps_cpp__visibility_control.h\n'}
[1.789068] (fp_msgs) StdoutLine: {'line': b'-- Up-to-date: /home/peter/Documents/EENG_519/Final_Project/src/matlab_msg_gen/glnxa64/install/lib/libfp_msgs__rosidl_typesupport_fastrtps_cpp.so\n'}
[1.789117] (fp_msgs) StdoutLine: {'line': b'-- Up-to-date: /home/peter/Documents/EENG_519/Final_Project/src/matlab_msg_gen/glnxa64/install/include/fp_msgs\n'}
[1.789165] (fp_msgs) StdoutLine: {'line': b'-- Up-to-date: /home/peter/Documents/EENG_519/Final_Project/src/matlab_msg_gen/glnxa64/install/include/fp_msgs/msg\n'}
[1.789213] (fp_msgs) StdoutLine: {'line': b'-- Up-to-date: /home/peter/Documents/EENG_519/Final_Project/src/matlab_msg_gen/glnxa64/install/include/fp_msgs/msg/rosidl_typesupport_introspection_c__visibility_control.h\n'}
[1.789270] (fp_msgs) StdoutLine: {'line': b'-- Up-to-date: /home/peter/Documents/EENG_519/Final_Project/src/matlab_msg_gen/glnxa64/install/include/fp_msgs/msg/detail\n'}
[1.789321] (fp_msgs) StdoutLine: {'line': b'-- Up-to-date: /home/peter/Documents/EENG_519/Final_Project/src/matlab_msg_gen/glnxa64/install/include/fp_msgs/msg/detail/point_rpy__type_support.c\n'}
[1.789371] (fp_msgs) StdoutLine: {'line': b'-- Up-to-date: /home/peter/Documents/EENG_519/Final_Project/src/matlab_msg_gen/glnxa64/install/include/fp_msgs/msg/detail/point_rpy__rosidl_typesupport_introspection_c.h\n'}
[1.789432] (fp_msgs) StdoutLine: {'line': b'-- Up-to-date: /home/peter/Documents/EENG_519/Final_Project/src/matlab_msg_gen/glnxa64/install/include/fp_msgs/msg/detail/sigma_id__type_support.c\n'}
[1.789481] (fp_msgs) StdoutLine: {'line': b'-- Up-to-date: /home/peter/Documents/EENG_519/Final_Project/src/matlab_msg_gen/glnxa64/install/include/fp_msgs/msg/detail/sigma_id__rosidl_typesupport_introspection_c.h\n'}
[1.789530] (fp_msgs) StdoutLine: {'line': b'-- Up-to-date: /home/peter/Documents/EENG_519/Final_Project/src/matlab_msg_gen/glnxa64/install/lib/libfp_msgs__rosidl_typesupport_introspection_c.so\n'}
[1.789583] (fp_msgs) StdoutLine: {'line': b'-- Up-to-date: /home/peter/Documents/EENG_519/Final_Project/src/matlab_msg_gen/glnxa64/install/lib/libfp_msgs__rosidl_typesupport_c.so\n'}
[1.789631] (fp_msgs) StdoutLine: {'line': b'-- Up-to-date: /home/peter/Documents/EENG_519/Final_Project/src/matlab_msg_gen/glnxa64/install/include/fp_msgs\n'}
[1.789678] (fp_msgs) StdoutLine: {'line': b'-- Up-to-date: /home/peter/Documents/EENG_519/Final_Project/src/matlab_msg_gen/glnxa64/install/include/fp_msgs/msg\n'}
[1.789724] (fp_msgs) StdoutLine: {'line': b'-- Up-to-date: /home/peter/Documents/EENG_519/Final_Project/src/matlab_msg_gen/glnxa64/install/include/fp_msgs/msg/sigma_id.hpp\n'}
[1.789773] (fp_msgs) StdoutLine: {'line': b'-- Up-to-date: /home/peter/Documents/EENG_519/Final_Project/src/matlab_msg_gen/glnxa64/install/include/fp_msgs/msg/detail\n'}
[1.789822] (fp_msgs) StdoutLine: {'line': b'-- Up-to-date: /home/peter/Documents/EENG_519/Final_Project/src/matlab_msg_gen/glnxa64/install/include/fp_msgs/msg/detail/point_rpy__struct.hpp\n'}
[1.789869] (fp_msgs) StdoutLine: {'line': b'-- Up-to-date: /home/peter/Documents/EENG_519/Final_Project/src/matlab_msg_gen/glnxa64/install/include/fp_msgs/msg/detail/point_rpy__builder.hpp\n'}
[1.789922] (fp_msgs) StdoutLine: {'line': b'-- Up-to-date: /home/peter/Documents/EENG_519/Final_Project/src/matlab_msg_gen/glnxa64/install/include/fp_msgs/msg/detail/point_rpy__traits.hpp\n'}
[1.789973] (fp_msgs) StdoutLine: {'line': b'-- Up-to-date: /home/peter/Documents/EENG_519/Final_Project/src/matlab_msg_gen/glnxa64/install/include/fp_msgs/msg/detail/sigma_id__builder.hpp\n'}
[1.790020] (fp_msgs) StdoutLine: {'line': b'-- Up-to-date: /home/peter/Documents/EENG_519/Final_Project/src/matlab_msg_gen/glnxa64/install/include/fp_msgs/msg/detail/sigma_id__struct.hpp\n'}
[1.790070] (fp_msgs) StdoutLine: {'line': b'-- Up-to-date: /home/peter/Documents/EENG_519/Final_Project/src/matlab_msg_gen/glnxa64/install/include/fp_msgs/msg/detail/sigma_id__traits.hpp\n'}
[1.790121] (fp_msgs) StdoutLine: {'line': b'-- Up-to-date: /home/peter/Documents/EENG_519/Final_Project/src/matlab_msg_gen/glnxa64/install/include/fp_msgs/msg/point_rpy.hpp\n'}
[1.790175] (fp_msgs) StdoutLine: {'line': b'-- Up-to-date: /home/peter/Documents/EENG_519/Final_Project/src/matlab_msg_gen/glnxa64/install/include/fp_msgs\n'}
[1.790224] (fp_msgs) StdoutLine: {'line': b'-- Up-to-date: /home/peter/Documents/EENG_519/Final_Project/src/matlab_msg_gen/glnxa64/install/include/fp_msgs/msg\n'}
[1.790275] (fp_msgs) StdoutLine: {'line': b'-- Up-to-date: /home/peter/Documents/EENG_519/Final_Project/src/matlab_msg_gen/glnxa64/install/include/fp_msgs/msg/detail\n'}
[1.790325] (fp_msgs) StdoutLine: {'line': b'-- Up-to-date: /home/peter/Documents/EENG_519/Final_Project/src/matlab_msg_gen/glnxa64/install/include/fp_msgs/msg/detail/sigma_id__rosidl_typesupport_introspection_cpp.hpp\n'}
[1.790374] (fp_msgs) StdoutLine: {'line': b'-- Up-to-date: /home/peter/Documents/EENG_519/Final_Project/src/matlab_msg_gen/glnxa64/install/include/fp_msgs/msg/detail/point_rpy__type_support.cpp\n'}
[1.790423] (fp_msgs) StdoutLine: {'line': b'-- Up-to-date: /home/peter/Documents/EENG_519/Final_Project/src/matlab_msg_gen/glnxa64/install/include/fp_msgs/msg/detail/sigma_id__type_support.cpp\n'}
[1.790499] (fp_msgs) StdoutLine: {'line': b'-- Up-to-date: /home/peter/Documents/EENG_519/Final_Project/src/matlab_msg_gen/glnxa64/install/include/fp_msgs/msg/detail/point_rpy__rosidl_typesupport_introspection_cpp.hpp\n'}
[1.790582] (fp_msgs) StdoutLine: {'line': b'-- Up-to-date: /home/peter/Documents/EENG_519/Final_Project/src/matlab_msg_gen/glnxa64/install/lib/libfp_msgs__rosidl_typesupport_introspection_cpp.so\n'}
[1.790659] (fp_msgs) StdoutLine: {'line': b'-- Up-to-date: /home/peter/Documents/EENG_519/Final_Project/src/matlab_msg_gen/glnxa64/install/lib/libfp_msgs__rosidl_typesupport_cpp.so\n'}
[1.790713] (fp_msgs) StdoutLine: {'line': b'-- Up-to-date: /home/peter/Documents/EENG_519/Final_Project/src/matlab_msg_gen/glnxa64/install/share/fp_msgs/environment/pythonpath.sh\n'}
[1.790790] (fp_msgs) StdoutLine: {'line': b'-- Installing: /home/peter/Documents/EENG_519/Final_Project/src/matlab_msg_gen/glnxa64/install/share/fp_msgs/environment/pythonpath.dsv\n'}
[1.790859] (fp_msgs) StdoutLine: {'line': b'-- Installing: /home/peter/Documents/EENG_519/Final_Project/src/matlab_msg_gen/glnxa64/install/lib/python3.9/site-packages/fp_msgs/__init__.py\n'}
[1.805422] (-) TimerEvent: {}
[1.826644] (fp_msgs) StdoutLine: {'line': b"Compiling '/home/peter/Documents/EENG_519/Final_Project/src/matlab_msg_gen/glnxa64/install/lib/python3.9/site-packages/fp_msgs/__init__.py'...\n"}
[1.836036] (fp_msgs) StdoutLine: {'line': b'-- Up-to-date: /home/peter/Documents/EENG_519/Final_Project/src/matlab_msg_gen/glnxa64/install/lib/python3.9/site-packages/fp_msgs/msg\n'}
[1.836395] (fp_msgs) StdoutLine: {'line': b'-- Up-to-date: /home/peter/Documents/EENG_519/Final_Project/src/matlab_msg_gen/glnxa64/install/lib/python3.9/site-packages/fp_msgs/msg/__init__.py\n'}
[1.836551] (fp_msgs) StdoutLine: {'line': b'-- Up-to-date: /home/peter/Documents/EENG_519/Final_Project/src/matlab_msg_gen/glnxa64/install/lib/python3.9/site-packages/fp_msgs/msg/_point_rpy.py\n'}
[1.836660] (fp_msgs) StdoutLine: {'line': b'-- Up-to-date: /home/peter/Documents/EENG_519/Final_Project/src/matlab_msg_gen/glnxa64/install/lib/python3.9/site-packages/fp_msgs/msg/_sigma_id.py\n'}
[1.836764] (fp_msgs) StdoutLine: {'line': b'-- Up-to-date: /home/peter/Documents/EENG_519/Final_Project/src/matlab_msg_gen/glnxa64/install/lib/python3.9/site-packages/fp_msgs/msg/_sigma_id_s.c\n'}
[1.836866] (fp_msgs) StdoutLine: {'line': b'-- Up-to-date: /home/peter/Documents/EENG_519/Final_Project/src/matlab_msg_gen/glnxa64/install/lib/python3.9/site-packages/fp_msgs/msg/_point_rpy_s.c\n'}
[1.836962] (fp_msgs) StdoutLine: {'line': b'-- Up-to-date: /home/peter/Documents/EENG_519/Final_Project/src/matlab_msg_gen/glnxa64/install/lib/python3.9/site-packages/fp_msgs/fp_msgs_s__rosidl_typesupport_fastrtps_c.cpython-39-x86_64-linux-gnu.so\n'}
[1.837059] (fp_msgs) StdoutLine: {'line': b'-- Up-to-date: /home/peter/Documents/EENG_519/Final_Project/src/matlab_msg_gen/glnxa64/install/lib/python3.9/site-packages/fp_msgs/fp_msgs_s__rosidl_typesupport_introspection_c.cpython-39-x86_64-linux-gnu.so\n'}
[1.837202] (fp_msgs) StdoutLine: {'line': b'-- Up-to-date: /home/peter/Documents/EENG_519/Final_Project/src/matlab_msg_gen/glnxa64/install/lib/python3.9/site-packages/fp_msgs/fp_msgs_s__rosidl_typesupport_c.cpython-39-x86_64-linux-gnu.so\n'}
[1.837298] (fp_msgs) StdoutLine: {'line': b'-- Up-to-date: /home/peter/Documents/EENG_519/Final_Project/src/matlab_msg_gen/glnxa64/install/lib/libfp_msgs__python.so\n'}
[1.837394] (fp_msgs) StdoutLine: {'line': b'-- Up-to-date: /home/peter/Documents/EENG_519/Final_Project/src/matlab_msg_gen/glnxa64/install/share/fp_msgs/msg/PointRPY.idl\n'}
[1.837493] (fp_msgs) StdoutLine: {'line': b'-- Up-to-date: /home/peter/Documents/EENG_519/Final_Project/src/matlab_msg_gen/glnxa64/install/share/fp_msgs/msg/SigmaID.idl\n'}
[1.837590] (fp_msgs) StdoutLine: {'line': b'-- Up-to-date: /home/peter/Documents/EENG_519/Final_Project/src/matlab_msg_gen/glnxa64/install/share/fp_msgs/msg/PointRPY.msg\n'}
[1.837724] (fp_msgs) StdoutLine: {'line': b'-- Up-to-date: /home/peter/Documents/EENG_519/Final_Project/src/matlab_msg_gen/glnxa64/install/share/fp_msgs/msg/SigmaID.msg\n'}
[1.837827] (fp_msgs) StdoutLine: {'line': b'-- Up-to-date: /home/peter/Documents/EENG_519/Final_Project/src/matlab_msg_gen/glnxa64/install/include\n'}
[1.837928] (fp_msgs) StdoutLine: {'line': b'-- Up-to-date: /home/peter/Documents/EENG_519/Final_Project/src/matlab_msg_gen/glnxa64/install/include/fp_msgs\n'}
[1.838037] (fp_msgs) StdoutLine: {'line': b'-- Up-to-date: /home/peter/Documents/EENG_519/Final_Project/src/matlab_msg_gen/glnxa64/install/include/fp_msgs/visibility_control.h\n'}
[1.838140] (fp_msgs) StdoutLine: {'line': b'-- Up-to-date: /home/peter/Documents/EENG_519/Final_Project/src/matlab_msg_gen/glnxa64/install/lib/libfp_msgs_matlab.so\n'}
[1.838241] (fp_msgs) StdoutLine: {'line': b'-- Up-to-date: /home/peter/Documents/EENG_519/Final_Project/src/matlab_msg_gen/glnxa64/install/m/\n'}
[1.838470] (fp_msgs) StdoutLine: {'line': b'-- Up-to-date: /home/peter/Documents/EENG_519/Final_Project/src/matlab_msg_gen/glnxa64/install/m//+ros\n'}
[1.838572] (fp_msgs) StdoutLine: {'line': b'-- Up-to-date: /home/peter/Documents/EENG_519/Final_Project/src/matlab_msg_gen/glnxa64/install/m//+ros/+internal\n'}
[1.838677] (fp_msgs) StdoutLine: {'line': b'-- Up-to-date: /home/peter/Documents/EENG_519/Final_Project/src/matlab_msg_gen/glnxa64/install/m//+ros/+internal/+ros2\n'}
[1.838787] (fp_msgs) StdoutLine: {'line': b'-- Up-to-date: /home/peter/Documents/EENG_519/Final_Project/src/matlab_msg_gen/glnxa64/install/m//+ros/+internal/+ros2/+custommessages\n'}
[1.838944] (fp_msgs) StdoutLine: {'line': b'-- Up-to-date: /home/peter/Documents/EENG_519/Final_Project/src/matlab_msg_gen/glnxa64/install/m//+ros/+internal/+ros2/+custommessages/+fp_msgs\n'}
[1.839089] (fp_msgs) StdoutLine: {'line': b'-- Up-to-date: /home/peter/Documents/EENG_519/Final_Project/src/matlab_msg_gen/glnxa64/install/m//+ros/+internal/+ros2/+custommessages/+fp_msgs/fp_msgs_msg_PointRPY_2To1_Converter.m\n'}
[1.839229] (fp_msgs) StdoutLine: {'line': b'-- Up-to-date: /home/peter/Documents/EENG_519/Final_Project/src/matlab_msg_gen/glnxa64/install/m//+ros/+internal/+ros2/+custommessages/+fp_msgs/fp_msgs_msg_SigmaID_1To2_Converter.m\n'}
[1.839337] (fp_msgs) StdoutLine: {'line': b'-- Up-to-date: /home/peter/Documents/EENG_519/Final_Project/src/matlab_msg_gen/glnxa64/install/m//+ros/+internal/+ros2/+custommessages/+fp_msgs/pointRPY.m\n'}
[1.839510] (fp_msgs) StdoutLine: {'line': b'-- Up-to-date: /home/peter/Documents/EENG_519/Final_Project/src/matlab_msg_gen/glnxa64/install/m//+ros/+internal/+ros2/+custommessages/+fp_msgs/fp_msgs_msg_PointRPY_1To2_Converter.m\n'}
[1.839662] (fp_msgs) StdoutLine: {'line': b'-- Up-to-date: /home/peter/Documents/EENG_519/Final_Project/src/matlab_msg_gen/glnxa64/install/m//+ros/+internal/+ros2/+custommessages/+fp_msgs/fp_msgs_msg_SigmaID_2To1_Converter.m\n'}
[1.839773] (fp_msgs) StdoutLine: {'line': b'-- Up-to-date: /home/peter/Documents/EENG_519/Final_Project/src/matlab_msg_gen/glnxa64/install/m//+ros/+internal/+ros2/+custommessages/+fp_msgs/sigmaID.m\n'}
[1.839908] (fp_msgs) StdoutLine: {'line': b'-- Up-to-date: /home/peter/Documents/EENG_519/Final_Project/src/matlab_msg_gen/glnxa64/install/share/ament_index/resource_index/package_run_dependencies/fp_msgs\n'}
[1.840038] (fp_msgs) StdoutLine: {'line': b'-- Up-to-date: /home/peter/Documents/EENG_519/Final_Project/src/matlab_msg_gen/glnxa64/install/share/ament_index/resource_index/parent_prefix_path/fp_msgs\n'}
[1.840148] (fp_msgs) StdoutLine: {'line': b'-- Up-to-date: /home/peter/Documents/EENG_519/Final_Project/src/matlab_msg_gen/glnxa64/install/share/fp_msgs/environment/ament_prefix_path.sh\n'}
[1.840258] (fp_msgs) StdoutLine: {'line': b'-- Installing: /home/peter/Documents/EENG_519/Final_Project/src/matlab_msg_gen/glnxa64/install/share/fp_msgs/environment/ament_prefix_path.dsv\n'}
[1.840364] (fp_msgs) StdoutLine: {'line': b'-- Up-to-date: /home/peter/Documents/EENG_519/Final_Project/src/matlab_msg_gen/glnxa64/install/share/fp_msgs/environment/path.sh\n'}
[1.840477] (fp_msgs) StdoutLine: {'line': b'-- Installing: /home/peter/Documents/EENG_519/Final_Project/src/matlab_msg_gen/glnxa64/install/share/fp_msgs/environment/path.dsv\n'}
[1.840583] (fp_msgs) StdoutLine: {'line': b'-- Up-to-date: /home/peter/Documents/EENG_519/Final_Project/src/matlab_msg_gen/glnxa64/install/share/fp_msgs/local_setup.bash\n'}
[1.840681] (fp_msgs) StdoutLine: {'line': b'-- Up-to-date: /home/peter/Documents/EENG_519/Final_Project/src/matlab_msg_gen/glnxa64/install/share/fp_msgs/local_setup.sh\n'}
[1.840777] (fp_msgs) StdoutLine: {'line': b'-- Up-to-date: /home/peter/Documents/EENG_519/Final_Project/src/matlab_msg_gen/glnxa64/install/share/fp_msgs/local_setup.zsh\n'}
[1.840876] (fp_msgs) StdoutLine: {'line': b'-- Installing: /home/peter/Documents/EENG_519/Final_Project/src/matlab_msg_gen/glnxa64/install/share/fp_msgs/local_setup.dsv\n'}
[1.841038] (fp_msgs) StdoutLine: {'line': b'-- Installing: /home/peter/Documents/EENG_519/Final_Project/src/matlab_msg_gen/glnxa64/install/share/fp_msgs/package.dsv\n'}
[1.841129] (fp_msgs) StdoutLine: {'line': b'-- Up-to-date: /home/peter/Documents/EENG_519/Final_Project/src/matlab_msg_gen/glnxa64/install/share/ament_index/resource_index/packages/fp_msgs\n'}
[1.841216] (fp_msgs) StdoutLine: {'line': b'-- Up-to-date: /home/peter/Documents/EENG_519/Final_Project/src/matlab_msg_gen/glnxa64/install/share/fp_msgs/cmake/fp_msgs__rosidl_generator_cExport.cmake\n'}
[1.841311] (fp_msgs) StdoutLine: {'line': b'-- Up-to-date: /home/peter/Documents/EENG_519/Final_Project/src/matlab_msg_gen/glnxa64/install/share/fp_msgs/cmake/fp_msgs__rosidl_generator_cExport-release.cmake\n'}
[1.841396] (fp_msgs) StdoutLine: {'line': b'-- Up-to-date: /home/peter/Documents/EENG_519/Final_Project/src/matlab_msg_gen/glnxa64/install/share/fp_msgs/cmake/fp_msgs__rosidl_typesupport_introspection_cExport.cmake\n'}
[1.841468] (fp_msgs) StdoutLine: {'line': b'-- Up-to-date: /home/peter/Documents/EENG_519/Final_Project/src/matlab_msg_gen/glnxa64/install/share/fp_msgs/cmake/fp_msgs__rosidl_typesupport_introspection_cExport-release.cmake\n'}
[1.841543] (fp_msgs) StdoutLine: {'line': b'-- Up-to-date: /home/peter/Documents/EENG_519/Final_Project/src/matlab_msg_gen/glnxa64/install/share/fp_msgs/cmake/fp_msgs__rosidl_typesupport_cExport.cmake\n'}
[1.841612] (fp_msgs) StdoutLine: {'line': b'-- Up-to-date: /home/peter/Documents/EENG_519/Final_Project/src/matlab_msg_gen/glnxa64/install/share/fp_msgs/cmake/fp_msgs__rosidl_typesupport_cExport-release.cmake\n'}
[1.841679] (fp_msgs) StdoutLine: {'line': b'-- Up-to-date: /home/peter/Documents/EENG_519/Final_Project/src/matlab_msg_gen/glnxa64/install/share/fp_msgs/cmake/fp_msgs__rosidl_generator_cppExport.cmake\n'}
[1.841752] (fp_msgs) StdoutLine: {'line': b'-- Up-to-date: /home/peter/Documents/EENG_519/Final_Project/src/matlab_msg_gen/glnxa64/install/share/fp_msgs/cmake/fp_msgs__rosidl_typesupport_introspection_cppExport.cmake\n'}
[1.841817] (fp_msgs) StdoutLine: {'line': b'-- Up-to-date: /home/peter/Documents/EENG_519/Final_Project/src/matlab_msg_gen/glnxa64/install/share/fp_msgs/cmake/fp_msgs__rosidl_typesupport_introspection_cppExport-release.cmake\n'}
[1.841884] (fp_msgs) StdoutLine: {'line': b'-- Up-to-date: /home/peter/Documents/EENG_519/Final_Project/src/matlab_msg_gen/glnxa64/install/share/fp_msgs/cmake/fp_msgs__rosidl_typesupport_cppExport.cmake\n'}
[1.841949] (fp_msgs) StdoutLine: {'line': b'-- Up-to-date: /home/peter/Documents/EENG_519/Final_Project/src/matlab_msg_gen/glnxa64/install/share/fp_msgs/cmake/fp_msgs__rosidl_typesupport_cppExport-release.cmake\n'}
[1.842016] (fp_msgs) StdoutLine: {'line': b'-- Up-to-date: /home/peter/Documents/EENG_519/Final_Project/src/matlab_msg_gen/glnxa64/install/share/fp_msgs/cmake/rosidl_cmake-extras.cmake\n'}
[1.842085] (fp_msgs) StdoutLine: {'line': b'-- Up-to-date: /home/peter/Documents/EENG_519/Final_Project/src/matlab_msg_gen/glnxa64/install/share/fp_msgs/cmake/ament_cmake_export_dependencies-extras.cmake\n'}
[1.842154] (fp_msgs) StdoutLine: {'line': b'-- Up-to-date: /home/peter/Documents/EENG_519/Final_Project/src/matlab_msg_gen/glnxa64/install/share/fp_msgs/cmake/ament_cmake_export_libraries-extras.cmake\n'}
[1.842220] (fp_msgs) StdoutLine: {'line': b'-- Up-to-date: /home/peter/Documents/EENG_519/Final_Project/src/matlab_msg_gen/glnxa64/install/share/fp_msgs/cmake/ament_cmake_export_targets-extras.cmake\n'}
[1.842302] (fp_msgs) StdoutLine: {'line': b'-- Up-to-date: /home/peter/Documents/EENG_519/Final_Project/src/matlab_msg_gen/glnxa64/install/share/fp_msgs/cmake/ament_cmake_export_include_directories-extras.cmake\n'}
[1.842370] (fp_msgs) StdoutLine: {'line': b'-- Up-to-date: /home/peter/Documents/EENG_519/Final_Project/src/matlab_msg_gen/glnxa64/install/share/fp_msgs/cmake/rosidl_cmake_export_typesupport_libraries-extras.cmake\n'}
[1.842436] (fp_msgs) StdoutLine: {'line': b'-- Up-to-date: /home/peter/Documents/EENG_519/Final_Project/src/matlab_msg_gen/glnxa64/install/share/fp_msgs/cmake/rosidl_cmake_export_typesupport_targets-extras.cmake\n'}
[1.842506] (fp_msgs) StdoutLine: {'line': b'-- Up-to-date: /home/peter/Documents/EENG_519/Final_Project/src/matlab_msg_gen/glnxa64/install/share/fp_msgs/cmake/fp_msgsConfig.cmake\n'}
[1.842577] (fp_msgs) StdoutLine: {'line': b'-- Up-to-date: /home/peter/Documents/EENG_519/Final_Project/src/matlab_msg_gen/glnxa64/install/share/fp_msgs/cmake/fp_msgsConfig-version.cmake\n'}
[1.842680] (fp_msgs) StdoutLine: {'line': b'-- Installing: /home/peter/Documents/EENG_519/Final_Project/src/matlab_msg_gen/glnxa64/install/share/fp_msgs/package.xml\n'}
[1.846586] (fp_msgs) CommandEnded: {'returncode': 0}
[1.905696] (-) TimerEvent: {}
[2.011453] (-) TimerEvent: {}
[2.017057] (fp_msgs) JobEnded: {'identifier': 'fp_msgs', 'rc': 0}
[2.018527] (-) EventReactorShutdown: {}
