/usr/bin/cmake -S/home/peter/Documents/EENG_519/Final_Project/src/matlab_msg_gen/glnxa64/src/fp_msgs -B/home/peter/Documents/EENG_519/Final_Project/src/matlab_msg_gen/glnxa64/build/fp_msgs --check-build-system CMakeFiles/Makefile.cmake 0
-- Found ament_cmake: 0.9.8 (/usr/local/MATLAB/R2022a/sys/ros2/glnxa64/ros2/share/ament_cmake/cmake)
-- Found PythonInterp: /home/peter/.matlab/R2022a/ros2/glnxa64/venv/bin/python3 (found suitable version "3.9.16", minimum required is "3") 
-- Using PYTHON_EXECUTABLE: /home/peter/.matlab/R2022a/ros2/glnxa64/venv/bin/python3
-- Found ament_cmake_ros: 0.9.2 (/usr/local/MATLAB/R2022a/sys/ros2/glnxa64/ros2/share/ament_cmake_ros/cmake)
-- Found rosidl_typesupport_c: 1.0.2 (/usr/local/MATLAB/R2022a/sys/ros2/glnxa64/ros2/share/rosidl_typesupport_c/cmake)
-- Using all available rosidl_typesupport_c: rosidl_typesupport_fastrtps_c;rosidl_typesupport_introspection_c
-- Found rosidl_adapter: 1.2.1 (/usr/local/MATLAB/R2022a/sys/ros2/glnxa64/ros2/share/rosidl_adapter/cmake)
-- Found rosidl_typesupport_cpp: 1.0.2 (/usr/local/MATLAB/R2022a/sys/ros2/glnxa64/ros2/share/rosidl_typesupport_cpp/cmake)
-- Using all available rosidl_typesupport_cpp: rosidl_typesupport_fastrtps_cpp;rosidl_typesupport_introspection_cpp
-- Found rosidl_default_generators: 1.0.1 (/usr/local/MATLAB/R2022a/sys/ros2/glnxa64/ros2/share/rosidl_default_generators/cmake)
-- Found class_loader: 2.0.2 (/usr/local/MATLAB/R2022a/sys/ros2/glnxa64/ros2/share/class_loader/cmake)
-- Found geometry_msgs: 2.0.4 (/usr/local/MATLAB/R2022a/sys/ros2/glnxa64/ros2/share/geometry_msgs/cmake)
-- Found rclcpp: 2.3.1 (/usr/local/MATLAB/R2022a/sys/ros2/glnxa64/ros2/share/rclcpp/cmake)
-- Found rmw_implementation_cmake: 1.0.3 (/usr/local/MATLAB/R2022a/sys/ros2/glnxa64/ros2/share/rmw_implementation_cmake/cmake)
-- Using RMW implementation 'rmw_fastrtps_cpp' as default
-- Found PythonInterp: /home/peter/.matlab/R2022a/ros2/glnxa64/venv/bin/python3 (found version "3.9.16") 
-- Using all available rosidl_typesupport_c: rosidl_typesupport_fastrtps_c;rosidl_typesupport_introspection_c
-- Using all available rosidl_typesupport_cpp: rosidl_typesupport_fastrtps_cpp;rosidl_typesupport_introspection_cpp
-- Found PythonInterp: /home/peter/.matlab/R2022a/ros2/glnxa64/venv/bin/python3 (found suitable version "3.9.16", minimum required is "3.5") 
-- Found python_cmake_module: 0.8.1 (/usr/local/MATLAB/R2022a/sys/ros2/glnxa64/ros2/share/python_cmake_module/cmake)
-- Using PYTHON_EXECUTABLE: /home/peter/.matlab/R2022a/ros2/glnxa64/venv/bin/python3
-- Using PYTHON_INCLUDE_DIRS: /home/peter/.matlab/R2022a/ros2/glnxa64/venv/include
-- Using PYTHON_LIBRARIES: /home/peter/.matlab/R2022a/ros2/glnxa64/venv/lib/libpython3.9.so
-- Using numpy include directory: /home/peter/.matlab/R2022a/ros2/glnxa64/venv/lib/python3.9/site-packages/numpy/core/include
-- Configuring done
-- Generating done
-- Build files have been written to: /home/peter/Documents/EENG_519/Final_Project/src/matlab_msg_gen/glnxa64/build/fp_msgs
/usr/bin/cmake -E cmake_progress_start /home/peter/Documents/EENG_519/Final_Project/src/matlab_msg_gen/glnxa64/build/fp_msgs/CMakeFiles /home/peter/Documents/EENG_519/Final_Project/src/matlab_msg_gen/glnxa64/build/fp_msgs//CMakeFiles/progress.marks
/usr/bin/make  -f CMakeFiles/Makefile2 all
make[1]: Entering directory '/home/peter/Documents/EENG_519/Final_Project/src/matlab_msg_gen/glnxa64/build/fp_msgs'
/usr/bin/make  -f CMakeFiles/fp_msgs__cpp.dir/build.make CMakeFiles/fp_msgs__cpp.dir/depend
/usr/bin/make  -f CMakeFiles/fp_msgs__rosidl_generator_c.dir/build.make CMakeFiles/fp_msgs__rosidl_generator_c.dir/depend
make[2]: Entering directory '/home/peter/Documents/EENG_519/Final_Project/src/matlab_msg_gen/glnxa64/build/fp_msgs'
cd /home/peter/Documents/EENG_519/Final_Project/src/matlab_msg_gen/glnxa64/build/fp_msgs && /usr/bin/cmake -E cmake_depends "Unix Makefiles" /home/peter/Documents/EENG_519/Final_Project/src/matlab_msg_gen/glnxa64/src/fp_msgs /home/peter/Documents/EENG_519/Final_Project/src/matlab_msg_gen/glnxa64/src/fp_msgs /home/peter/Documents/EENG_519/Final_Project/src/matlab_msg_gen/glnxa64/build/fp_msgs /home/peter/Documents/EENG_519/Final_Project/src/matlab_msg_gen/glnxa64/build/fp_msgs /home/peter/Documents/EENG_519/Final_Project/src/matlab_msg_gen/glnxa64/build/fp_msgs/CMakeFiles/fp_msgs__cpp.dir/DependInfo.cmake --color=
make[2]: Entering directory '/home/peter/Documents/EENG_519/Final_Project/src/matlab_msg_gen/glnxa64/build/fp_msgs'
cd /home/peter/Documents/EENG_519/Final_Project/src/matlab_msg_gen/glnxa64/build/fp_msgs && /usr/bin/cmake -E cmake_depends "Unix Makefiles" /home/peter/Documents/EENG_519/Final_Project/src/matlab_msg_gen/glnxa64/src/fp_msgs /home/peter/Documents/EENG_519/Final_Project/src/matlab_msg_gen/glnxa64/src/fp_msgs /home/peter/Documents/EENG_519/Final_Project/src/matlab_msg_gen/glnxa64/build/fp_msgs /home/peter/Documents/EENG_519/Final_Project/src/matlab_msg_gen/glnxa64/build/fp_msgs /home/peter/Documents/EENG_519/Final_Project/src/matlab_msg_gen/glnxa64/build/fp_msgs/CMakeFiles/fp_msgs__rosidl_generator_c.dir/DependInfo.cmake --color=
[35m[1mConsolidate compiler generated dependencies of target fp_msgs__rosidl_generator_c[0m
make[2]: Leaving directory '/home/peter/Documents/EENG_519/Final_Project/src/matlab_msg_gen/glnxa64/build/fp_msgs'
/usr/bin/make  -f CMakeFiles/fp_msgs__cpp.dir/build.make CMakeFiles/fp_msgs__cpp.dir/build
make[2]: Leaving directory '/home/peter/Documents/EENG_519/Final_Project/src/matlab_msg_gen/glnxa64/build/fp_msgs'
/usr/bin/make  -f CMakeFiles/fp_msgs__rosidl_generator_c.dir/build.make CMakeFiles/fp_msgs__rosidl_generator_c.dir/build
make[2]: Entering directory '/home/peter/Documents/EENG_519/Final_Project/src/matlab_msg_gen/glnxa64/build/fp_msgs'
make[2]: Nothing to be done for 'CMakeFiles/fp_msgs__cpp.dir/build'.
make[2]: Leaving directory '/home/peter/Documents/EENG_519/Final_Project/src/matlab_msg_gen/glnxa64/build/fp_msgs'
make[2]: Entering directory '/home/peter/Documents/EENG_519/Final_Project/src/matlab_msg_gen/glnxa64/build/fp_msgs'
make[2]: Nothing to be done for 'CMakeFiles/fp_msgs__rosidl_generator_c.dir/build'.
make[2]: Leaving directory '/home/peter/Documents/EENG_519/Final_Project/src/matlab_msg_gen/glnxa64/build/fp_msgs'
[  7%] Built target fp_msgs__cpp
[ 11%] Built target fp_msgs__rosidl_generator_c
/usr/bin/make  -f CMakeFiles/fp_msgs__rosidl_typesupport_cpp.dir/build.make CMakeFiles/fp_msgs__rosidl_typesupport_cpp.dir/depend
/usr/bin/make  -f CMakeFiles/fp_msgs__rosidl_typesupport_fastrtps_cpp.dir/build.make CMakeFiles/fp_msgs__rosidl_typesupport_fastrtps_cpp.dir/depend
/usr/bin/make  -f CMakeFiles/fp_msgs__rosidl_typesupport_introspection_c.dir/build.make CMakeFiles/fp_msgs__rosidl_typesupport_introspection_c.dir/depend
/usr/bin/make  -f CMakeFiles/fp_msgs__rosidl_typesupport_c.dir/build.make CMakeFiles/fp_msgs__rosidl_typesupport_c.dir/depend
/usr/bin/make  -f CMakeFiles/fp_msgs__rosidl_typesupport_introspection_cpp.dir/build.make CMakeFiles/fp_msgs__rosidl_typesupport_introspection_cpp.dir/depend
make[2]: Entering directory '/home/peter/Documents/EENG_519/Final_Project/src/matlab_msg_gen/glnxa64/build/fp_msgs'
make[2]: Entering directory '/home/peter/Documents/EENG_519/Final_Project/src/matlab_msg_gen/glnxa64/build/fp_msgs'
cd /home/peter/Documents/EENG_519/Final_Project/src/matlab_msg_gen/glnxa64/build/fp_msgs && /usr/bin/cmake -E cmake_depends "Unix Makefiles" /home/peter/Documents/EENG_519/Final_Project/src/matlab_msg_gen/glnxa64/src/fp_msgs /home/peter/Documents/EENG_519/Final_Project/src/matlab_msg_gen/glnxa64/src/fp_msgs /home/peter/Documents/EENG_519/Final_Project/src/matlab_msg_gen/glnxa64/build/fp_msgs /home/peter/Documents/EENG_519/Final_Project/src/matlab_msg_gen/glnxa64/build/fp_msgs /home/peter/Documents/EENG_519/Final_Project/src/matlab_msg_gen/glnxa64/build/fp_msgs/CMakeFiles/fp_msgs__rosidl_typesupport_fastrtps_cpp.dir/DependInfo.cmake --color=
cd /home/peter/Documents/EENG_519/Final_Project/src/matlab_msg_gen/glnxa64/build/fp_msgs && /usr/bin/cmake -E cmake_depends "Unix Makefiles" /home/peter/Documents/EENG_519/Final_Project/src/matlab_msg_gen/glnxa64/src/fp_msgs /home/peter/Documents/EENG_519/Final_Project/src/matlab_msg_gen/glnxa64/src/fp_msgs /home/peter/Documents/EENG_519/Final_Project/src/matlab_msg_gen/glnxa64/build/fp_msgs /home/peter/Documents/EENG_519/Final_Project/src/matlab_msg_gen/glnxa64/build/fp_msgs /home/peter/Documents/EENG_519/Final_Project/src/matlab_msg_gen/glnxa64/build/fp_msgs/CMakeFiles/fp_msgs__rosidl_typesupport_cpp.dir/DependInfo.cmake --color=
make[2]: Entering directory '/home/peter/Documents/EENG_519/Final_Project/src/matlab_msg_gen/glnxa64/build/fp_msgs'
cd /home/peter/Documents/EENG_519/Final_Project/src/matlab_msg_gen/glnxa64/build/fp_msgs && /usr/bin/cmake -E cmake_depends "Unix Makefiles" /home/peter/Documents/EENG_519/Final_Project/src/matlab_msg_gen/glnxa64/src/fp_msgs /home/peter/Documents/EENG_519/Final_Project/src/matlab_msg_gen/glnxa64/src/fp_msgs /home/peter/Documents/EENG_519/Final_Project/src/matlab_msg_gen/glnxa64/build/fp_msgs /home/peter/Documents/EENG_519/Final_Project/src/matlab_msg_gen/glnxa64/build/fp_msgs /home/peter/Documents/EENG_519/Final_Project/src/matlab_msg_gen/glnxa64/build/fp_msgs/CMakeFiles/fp_msgs__rosidl_typesupport_introspection_cpp.dir/DependInfo.cmake --color=
make[2]: Entering directory '/home/peter/Documents/EENG_519/Final_Project/src/matlab_msg_gen/glnxa64/build/fp_msgs'
cd /home/peter/Documents/EENG_519/Final_Project/src/matlab_msg_gen/glnxa64/build/fp_msgs && /usr/bin/cmake -E cmake_depends "Unix Makefiles" /home/peter/Documents/EENG_519/Final_Project/src/matlab_msg_gen/glnxa64/src/fp_msgs /home/peter/Documents/EENG_519/Final_Project/src/matlab_msg_gen/glnxa64/src/fp_msgs /home/peter/Documents/EENG_519/Final_Project/src/matlab_msg_gen/glnxa64/build/fp_msgs /home/peter/Documents/EENG_519/Final_Project/src/matlab_msg_gen/glnxa64/build/fp_msgs /home/peter/Documents/EENG_519/Final_Project/src/matlab_msg_gen/glnxa64/build/fp_msgs/CMakeFiles/fp_msgs__rosidl_typesupport_c.dir/DependInfo.cmake --color=
make[2]: Entering directory '/home/peter/Documents/EENG_519/Final_Project/src/matlab_msg_gen/glnxa64/build/fp_msgs'
cd /home/peter/Documents/EENG_519/Final_Project/src/matlab_msg_gen/glnxa64/build/fp_msgs && /usr/bin/cmake -E cmake_depends "Unix Makefiles" /home/peter/Documents/EENG_519/Final_Project/src/matlab_msg_gen/glnxa64/src/fp_msgs /home/peter/Documents/EENG_519/Final_Project/src/matlab_msg_gen/glnxa64/src/fp_msgs /home/peter/Documents/EENG_519/Final_Project/src/matlab_msg_gen/glnxa64/build/fp_msgs /home/peter/Documents/EENG_519/Final_Project/src/matlab_msg_gen/glnxa64/build/fp_msgs /home/peter/Documents/EENG_519/Final_Project/src/matlab_msg_gen/glnxa64/build/fp_msgs/CMakeFiles/fp_msgs__rosidl_typesupport_introspection_c.dir/DependInfo.cmake --color=
[35m[1mConsolidate compiler generated dependencies of target fp_msgs__rosidl_typesupport_c[0m
[35m[1mConsolidate compiler generated dependencies of target fp_msgs__rosidl_typesupport_introspection_c[0m
[35m[1mConsolidate compiler generated dependencies of target fp_msgs__rosidl_typesupport_introspection_cpp[0m
[35m[1mConsolidate compiler generated dependencies of target fp_msgs__rosidl_typesupport_fastrtps_cpp[0m
[35m[1mConsolidate compiler generated dependencies of target fp_msgs__rosidl_typesupport_cpp[0m
make[2]: Leaving directory '/home/peter/Documents/EENG_519/Final_Project/src/matlab_msg_gen/glnxa64/build/fp_msgs'
/usr/bin/make  -f CMakeFiles/fp_msgs__rosidl_typesupport_c.dir/build.make CMakeFiles/fp_msgs__rosidl_typesupport_c.dir/build
make[2]: Leaving directory '/home/peter/Documents/EENG_519/Final_Project/src/matlab_msg_gen/glnxa64/build/fp_msgs'
/usr/bin/make  -f CMakeFiles/fp_msgs__rosidl_typesupport_introspection_c.dir/build.make CMakeFiles/fp_msgs__rosidl_typesupport_introspection_c.dir/build
make[2]: Leaving directory '/home/peter/Documents/EENG_519/Final_Project/src/matlab_msg_gen/glnxa64/build/fp_msgs'
/usr/bin/make  -f CMakeFiles/fp_msgs__rosidl_typesupport_introspection_cpp.dir/build.make CMakeFiles/fp_msgs__rosidl_typesupport_introspection_cpp.dir/build
make[2]: Leaving directory '/home/peter/Documents/EENG_519/Final_Project/src/matlab_msg_gen/glnxa64/build/fp_msgs'
/usr/bin/make  -f CMakeFiles/fp_msgs__rosidl_typesupport_fastrtps_cpp.dir/build.make CMakeFiles/fp_msgs__rosidl_typesupport_fastrtps_cpp.dir/build
make[2]: Leaving directory '/home/peter/Documents/EENG_519/Final_Project/src/matlab_msg_gen/glnxa64/build/fp_msgs'
/usr/bin/make  -f CMakeFiles/fp_msgs__rosidl_typesupport_cpp.dir/build.make CMakeFiles/fp_msgs__rosidl_typesupport_cpp.dir/build
make[2]: Entering directory '/home/peter/Documents/EENG_519/Final_Project/src/matlab_msg_gen/glnxa64/build/fp_msgs'
make[2]: Nothing to be done for 'CMakeFiles/fp_msgs__rosidl_typesupport_c.dir/build'.
make[2]: Leaving directory '/home/peter/Documents/EENG_519/Final_Project/src/matlab_msg_gen/glnxa64/build/fp_msgs'
make[2]: Entering directory '/home/peter/Documents/EENG_519/Final_Project/src/matlab_msg_gen/glnxa64/build/fp_msgs'
make[2]: Nothing to be done for 'CMakeFiles/fp_msgs__rosidl_typesupport_introspection_c.dir/build'.
make[2]: Leaving directory '/home/peter/Documents/EENG_519/Final_Project/src/matlab_msg_gen/glnxa64/build/fp_msgs'
make[2]: Entering directory '/home/peter/Documents/EENG_519/Final_Project/src/matlab_msg_gen/glnxa64/build/fp_msgs'
make[2]: Nothing to be done for 'CMakeFiles/fp_msgs__rosidl_typesupport_introspection_cpp.dir/build'.
make[2]: Leaving directory '/home/peter/Documents/EENG_519/Final_Project/src/matlab_msg_gen/glnxa64/build/fp_msgs'
make[2]: Entering directory '/home/peter/Documents/EENG_519/Final_Project/src/matlab_msg_gen/glnxa64/build/fp_msgs'
make[2]: Nothing to be done for 'CMakeFiles/fp_msgs__rosidl_typesupport_cpp.dir/build'.
make[2]: Leaving directory '/home/peter/Documents/EENG_519/Final_Project/src/matlab_msg_gen/glnxa64/build/fp_msgs'
make[2]: Entering directory '/home/peter/Documents/EENG_519/Final_Project/src/matlab_msg_gen/glnxa64/build/fp_msgs'
make[2]: Nothing to be done for 'CMakeFiles/fp_msgs__rosidl_typesupport_fastrtps_cpp.dir/build'.
make[2]: Leaving directory '/home/peter/Documents/EENG_519/Final_Project/src/matlab_msg_gen/glnxa64/build/fp_msgs'
[ 38%] Built target fp_msgs__rosidl_typesupport_fastrtps_cpp
[ 40%] Built target fp_msgs__rosidl_typesupport_introspection_c
[ 40%] Built target fp_msgs__rosidl_typesupport_c
[ 50%] Built target fp_msgs__rosidl_typesupport_cpp
/usr/bin/make  -f CMakeFiles/fp_msgs__rosidl_typesupport_fastrtps_c.dir/build.make CMakeFiles/fp_msgs__rosidl_typesupport_fastrtps_c.dir/depend
make[2]: Entering directory '/home/peter/Documents/EENG_519/Final_Project/src/matlab_msg_gen/glnxa64/build/fp_msgs'
cd /home/peter/Documents/EENG_519/Final_Project/src/matlab_msg_gen/glnxa64/build/fp_msgs && /usr/bin/cmake -E cmake_depends "Unix Makefiles" /home/peter/Documents/EENG_519/Final_Project/src/matlab_msg_gen/glnxa64/src/fp_msgs /home/peter/Documents/EENG_519/Final_Project/src/matlab_msg_gen/glnxa64/src/fp_msgs /home/peter/Documents/EENG_519/Final_Project/src/matlab_msg_gen/glnxa64/build/fp_msgs /home/peter/Documents/EENG_519/Final_Project/src/matlab_msg_gen/glnxa64/build/fp_msgs /home/peter/Documents/EENG_519/Final_Project/src/matlab_msg_gen/glnxa64/build/fp_msgs/CMakeFiles/fp_msgs__rosidl_typesupport_fastrtps_c.dir/DependInfo.cmake --color=
[ 59%] Built target fp_msgs__rosidl_typesupport_introspection_cpp
[35m[1mConsolidate compiler generated dependencies of target fp_msgs__rosidl_typesupport_fastrtps_c[0m
make[2]: Leaving directory '/home/peter/Documents/EENG_519/Final_Project/src/matlab_msg_gen/glnxa64/build/fp_msgs'
/usr/bin/make  -f CMakeFiles/fp_msgs__rosidl_typesupport_fastrtps_c.dir/build.make CMakeFiles/fp_msgs__rosidl_typesupport_fastrtps_c.dir/build
make[2]: Entering directory '/home/peter/Documents/EENG_519/Final_Project/src/matlab_msg_gen/glnxa64/build/fp_msgs'
make[2]: Nothing to be done for 'CMakeFiles/fp_msgs__rosidl_typesupport_fastrtps_c.dir/build'.
make[2]: Leaving directory '/home/peter/Documents/EENG_519/Final_Project/src/matlab_msg_gen/glnxa64/build/fp_msgs'
[ 69%] Built target fp_msgs__rosidl_typesupport_fastrtps_c
/usr/bin/make  -f CMakeFiles/fp_msgs.dir/build.make CMakeFiles/fp_msgs.dir/depend
make[2]: Entering directory '/home/peter/Documents/EENG_519/Final_Project/src/matlab_msg_gen/glnxa64/build/fp_msgs'
cd /home/peter/Documents/EENG_519/Final_Project/src/matlab_msg_gen/glnxa64/build/fp_msgs && /usr/bin/cmake -E cmake_depends "Unix Makefiles" /home/peter/Documents/EENG_519/Final_Project/src/matlab_msg_gen/glnxa64/src/fp_msgs /home/peter/Documents/EENG_519/Final_Project/src/matlab_msg_gen/glnxa64/src/fp_msgs /home/peter/Documents/EENG_519/Final_Project/src/matlab_msg_gen/glnxa64/build/fp_msgs /home/peter/Documents/EENG_519/Final_Project/src/matlab_msg_gen/glnxa64/build/fp_msgs /home/peter/Documents/EENG_519/Final_Project/src/matlab_msg_gen/glnxa64/build/fp_msgs/CMakeFiles/fp_msgs.dir/DependInfo.cmake --color=
make[2]: Leaving directory '/home/peter/Documents/EENG_519/Final_Project/src/matlab_msg_gen/glnxa64/build/fp_msgs'
/usr/bin/make  -f CMakeFiles/fp_msgs.dir/build.make CMakeFiles/fp_msgs.dir/build
make[2]: Entering directory '/home/peter/Documents/EENG_519/Final_Project/src/matlab_msg_gen/glnxa64/build/fp_msgs'
make[2]: Nothing to be done for 'CMakeFiles/fp_msgs.dir/build'.
make[2]: Leaving directory '/home/peter/Documents/EENG_519/Final_Project/src/matlab_msg_gen/glnxa64/build/fp_msgs'
[ 69%] Built target fp_msgs
/usr/bin/make  -f fp_msgs__py/CMakeFiles/fp_msgs__py.dir/build.make fp_msgs__py/CMakeFiles/fp_msgs__py.dir/depend
/usr/bin/make  -f CMakeFiles/fp_msgs_matlab.dir/build.make CMakeFiles/fp_msgs_matlab.dir/depend
make[2]: Entering directory '/home/peter/Documents/EENG_519/Final_Project/src/matlab_msg_gen/glnxa64/build/fp_msgs'
cd /home/peter/Documents/EENG_519/Final_Project/src/matlab_msg_gen/glnxa64/build/fp_msgs && /usr/bin/cmake -E cmake_depends "Unix Makefiles" /home/peter/Documents/EENG_519/Final_Project/src/matlab_msg_gen/glnxa64/src/fp_msgs /home/peter/Documents/EENG_519/Final_Project/src/matlab_msg_gen/glnxa64/build/fp_msgs/fp_msgs__py /home/peter/Documents/EENG_519/Final_Project/src/matlab_msg_gen/glnxa64/build/fp_msgs /home/peter/Documents/EENG_519/Final_Project/src/matlab_msg_gen/glnxa64/build/fp_msgs/fp_msgs__py /home/peter/Documents/EENG_519/Final_Project/src/matlab_msg_gen/glnxa64/build/fp_msgs/fp_msgs__py/CMakeFiles/fp_msgs__py.dir/DependInfo.cmake --color=
make[2]: Entering directory '/home/peter/Documents/EENG_519/Final_Project/src/matlab_msg_gen/glnxa64/build/fp_msgs'
cd /home/peter/Documents/EENG_519/Final_Project/src/matlab_msg_gen/glnxa64/build/fp_msgs && /usr/bin/cmake -E cmake_depends "Unix Makefiles" /home/peter/Documents/EENG_519/Final_Project/src/matlab_msg_gen/glnxa64/src/fp_msgs /home/peter/Documents/EENG_519/Final_Project/src/matlab_msg_gen/glnxa64/src/fp_msgs /home/peter/Documents/EENG_519/Final_Project/src/matlab_msg_gen/glnxa64/build/fp_msgs /home/peter/Documents/EENG_519/Final_Project/src/matlab_msg_gen/glnxa64/build/fp_msgs /home/peter/Documents/EENG_519/Final_Project/src/matlab_msg_gen/glnxa64/build/fp_msgs/CMakeFiles/fp_msgs_matlab.dir/DependInfo.cmake --color=
[35m[1mConsolidate compiler generated dependencies of target fp_msgs_matlab[0m
make[2]: Leaving directory '/home/peter/Documents/EENG_519/Final_Project/src/matlab_msg_gen/glnxa64/build/fp_msgs'
/usr/bin/make  -f fp_msgs__py/CMakeFiles/fp_msgs__py.dir/build.make fp_msgs__py/CMakeFiles/fp_msgs__py.dir/build
make[2]: Entering directory '/home/peter/Documents/EENG_519/Final_Project/src/matlab_msg_gen/glnxa64/build/fp_msgs'
make[2]: Nothing to be done for 'fp_msgs__py/CMakeFiles/fp_msgs__py.dir/build'.
make[2]: Leaving directory '/home/peter/Documents/EENG_519/Final_Project/src/matlab_msg_gen/glnxa64/build/fp_msgs'
make[2]: Leaving directory '/home/peter/Documents/EENG_519/Final_Project/src/matlab_msg_gen/glnxa64/build/fp_msgs'
/usr/bin/make  -f CMakeFiles/fp_msgs_matlab.dir/build.make CMakeFiles/fp_msgs_matlab.dir/build
make[2]: Entering directory '/home/peter/Documents/EENG_519/Final_Project/src/matlab_msg_gen/glnxa64/build/fp_msgs'
make[2]: Nothing to be done for 'CMakeFiles/fp_msgs_matlab.dir/build'.
make[2]: Leaving directory '/home/peter/Documents/EENG_519/Final_Project/src/matlab_msg_gen/glnxa64/build/fp_msgs'
[ 71%] Built target fp_msgs__py
/usr/bin/make  -f CMakeFiles/fp_msgs__python.dir/build.make CMakeFiles/fp_msgs__python.dir/depend
make[2]: Entering directory '/home/peter/Documents/EENG_519/Final_Project/src/matlab_msg_gen/glnxa64/build/fp_msgs'
cd /home/peter/Documents/EENG_519/Final_Project/src/matlab_msg_gen/glnxa64/build/fp_msgs && /usr/bin/cmake -E cmake_depends "Unix Makefiles" /home/peter/Documents/EENG_519/Final_Project/src/matlab_msg_gen/glnxa64/src/fp_msgs /home/peter/Documents/EENG_519/Final_Project/src/matlab_msg_gen/glnxa64/src/fp_msgs /home/peter/Documents/EENG_519/Final_Project/src/matlab_msg_gen/glnxa64/build/fp_msgs /home/peter/Documents/EENG_519/Final_Project/src/matlab_msg_gen/glnxa64/build/fp_msgs /home/peter/Documents/EENG_519/Final_Project/src/matlab_msg_gen/glnxa64/build/fp_msgs/CMakeFiles/fp_msgs__python.dir/DependInfo.cmake --color=
[ 78%] Built target fp_msgs_matlab
[35m[1mConsolidate compiler generated dependencies of target fp_msgs__python[0m
make[2]: Leaving directory '/home/peter/Documents/EENG_519/Final_Project/src/matlab_msg_gen/glnxa64/build/fp_msgs'
/usr/bin/make  -f CMakeFiles/fp_msgs__python.dir/build.make CMakeFiles/fp_msgs__python.dir/build
make[2]: Entering directory '/home/peter/Documents/EENG_519/Final_Project/src/matlab_msg_gen/glnxa64/build/fp_msgs'
make[2]: Nothing to be done for 'CMakeFiles/fp_msgs__python.dir/build'.
make[2]: Leaving directory '/home/peter/Documents/EENG_519/Final_Project/src/matlab_msg_gen/glnxa64/build/fp_msgs'
[ 85%] Built target fp_msgs__python
/usr/bin/make  -f CMakeFiles/fp_msgs__rosidl_typesupport_fastrtps_c__pyext.dir/build.make CMakeFiles/fp_msgs__rosidl_typesupport_fastrtps_c__pyext.dir/depend
/usr/bin/make  -f CMakeFiles/fp_msgs__rosidl_typesupport_introspection_c__pyext.dir/build.make CMakeFiles/fp_msgs__rosidl_typesupport_introspection_c__pyext.dir/depend
/usr/bin/make  -f CMakeFiles/fp_msgs__rosidl_typesupport_c__pyext.dir/build.make CMakeFiles/fp_msgs__rosidl_typesupport_c__pyext.dir/depend
make[2]: Entering directory '/home/peter/Documents/EENG_519/Final_Project/src/matlab_msg_gen/glnxa64/build/fp_msgs'
cd /home/peter/Documents/EENG_519/Final_Project/src/matlab_msg_gen/glnxa64/build/fp_msgs && /usr/bin/cmake -E cmake_depends "Unix Makefiles" /home/peter/Documents/EENG_519/Final_Project/src/matlab_msg_gen/glnxa64/src/fp_msgs /home/peter/Documents/EENG_519/Final_Project/src/matlab_msg_gen/glnxa64/src/fp_msgs /home/peter/Documents/EENG_519/Final_Project/src/matlab_msg_gen/glnxa64/build/fp_msgs /home/peter/Documents/EENG_519/Final_Project/src/matlab_msg_gen/glnxa64/build/fp_msgs /home/peter/Documents/EENG_519/Final_Project/src/matlab_msg_gen/glnxa64/build/fp_msgs/CMakeFiles/fp_msgs__rosidl_typesupport_fastrtps_c__pyext.dir/DependInfo.cmake --color=
make[2]: Entering directory '/home/peter/Documents/EENG_519/Final_Project/src/matlab_msg_gen/glnxa64/build/fp_msgs'
cd /home/peter/Documents/EENG_519/Final_Project/src/matlab_msg_gen/glnxa64/build/fp_msgs && /usr/bin/cmake -E cmake_depends "Unix Makefiles" /home/peter/Documents/EENG_519/Final_Project/src/matlab_msg_gen/glnxa64/src/fp_msgs /home/peter/Documents/EENG_519/Final_Project/src/matlab_msg_gen/glnxa64/src/fp_msgs /home/peter/Documents/EENG_519/Final_Project/src/matlab_msg_gen/glnxa64/build/fp_msgs /home/peter/Documents/EENG_519/Final_Project/src/matlab_msg_gen/glnxa64/build/fp_msgs /home/peter/Documents/EENG_519/Final_Project/src/matlab_msg_gen/glnxa64/build/fp_msgs/CMakeFiles/fp_msgs__rosidl_typesupport_c__pyext.dir/DependInfo.cmake --color=
make[2]: Entering directory '/home/peter/Documents/EENG_519/Final_Project/src/matlab_msg_gen/glnxa64/build/fp_msgs'
cd /home/peter/Documents/EENG_519/Final_Project/src/matlab_msg_gen/glnxa64/build/fp_msgs && /usr/bin/cmake -E cmake_depends "Unix Makefiles" /home/peter/Documents/EENG_519/Final_Project/src/matlab_msg_gen/glnxa64/src/fp_msgs /home/peter/Documents/EENG_519/Final_Project/src/matlab_msg_gen/glnxa64/src/fp_msgs /home/peter/Documents/EENG_519/Final_Project/src/matlab_msg_gen/glnxa64/build/fp_msgs /home/peter/Documents/EENG_519/Final_Project/src/matlab_msg_gen/glnxa64/build/fp_msgs /home/peter/Documents/EENG_519/Final_Project/src/matlab_msg_gen/glnxa64/build/fp_msgs/CMakeFiles/fp_msgs__rosidl_typesupport_introspection_c__pyext.dir/DependInfo.cmake --color=
[35m[1mConsolidate compiler generated dependencies of target fp_msgs__rosidl_typesupport_introspection_c__pyext[0m
[35m[1mConsolidate compiler generated dependencies of target fp_msgs__rosidl_typesupport_fastrtps_c__pyext[0m
[35m[1mConsolidate compiler generated dependencies of target fp_msgs__rosidl_typesupport_c__pyext[0m
make[2]: Leaving directory '/home/peter/Documents/EENG_519/Final_Project/src/matlab_msg_gen/glnxa64/build/fp_msgs'
make[2]: Leaving directory '/home/peter/Documents/EENG_519/Final_Project/src/matlab_msg_gen/glnxa64/build/fp_msgs'
make[2]: Leaving directory '/home/peter/Documents/EENG_519/Final_Project/src/matlab_msg_gen/glnxa64/build/fp_msgs'
/usr/bin/make  -f CMakeFiles/fp_msgs__rosidl_typesupport_fastrtps_c__pyext.dir/build.make CMakeFiles/fp_msgs__rosidl_typesupport_fastrtps_c__pyext.dir/build
/usr/bin/make  -f CMakeFiles/fp_msgs__rosidl_typesupport_introspection_c__pyext.dir/build.make CMakeFiles/fp_msgs__rosidl_typesupport_introspection_c__pyext.dir/build
/usr/bin/make  -f CMakeFiles/fp_msgs__rosidl_typesupport_c__pyext.dir/build.make CMakeFiles/fp_msgs__rosidl_typesupport_c__pyext.dir/build
make[2]: Entering directory '/home/peter/Documents/EENG_519/Final_Project/src/matlab_msg_gen/glnxa64/build/fp_msgs'
make[2]: Nothing to be done for 'CMakeFiles/fp_msgs__rosidl_typesupport_introspection_c__pyext.dir/build'.
make[2]: Leaving directory '/home/peter/Documents/EENG_519/Final_Project/src/matlab_msg_gen/glnxa64/build/fp_msgs'
make[2]: Entering directory '/home/peter/Documents/EENG_519/Final_Project/src/matlab_msg_gen/glnxa64/build/fp_msgs'
make[2]: Nothing to be done for 'CMakeFiles/fp_msgs__rosidl_typesupport_fastrtps_c__pyext.dir/build'.
make[2]: Leaving directory '/home/peter/Documents/EENG_519/Final_Project/src/matlab_msg_gen/glnxa64/build/fp_msgs'
make[2]: Entering directory '/home/peter/Documents/EENG_519/Final_Project/src/matlab_msg_gen/glnxa64/build/fp_msgs'
make[2]: Nothing to be done for 'CMakeFiles/fp_msgs__rosidl_typesupport_c__pyext.dir/build'.
make[2]: Leaving directory '/home/peter/Documents/EENG_519/Final_Project/src/matlab_msg_gen/glnxa64/build/fp_msgs'
[100%] Built target fp_msgs__rosidl_typesupport_c__pyext
[100%] Built target fp_msgs__rosidl_typesupport_introspection_c__pyext
[100%] Built target fp_msgs__rosidl_typesupport_fastrtps_c__pyext
make[1]: Leaving directory '/home/peter/Documents/EENG_519/Final_Project/src/matlab_msg_gen/glnxa64/build/fp_msgs'
/usr/bin/cmake -E cmake_progress_start /home/peter/Documents/EENG_519/Final_Project/src/matlab_msg_gen/glnxa64/build/fp_msgs/CMakeFiles 0
-- Install configuration: "Release"
-- Up-to-date: /home/peter/Documents/EENG_519/Final_Project/src/matlab_msg_gen/glnxa64/install/share/ament_index/resource_index/rosidl_interfaces/fp_msgs
-- Up-to-date: /home/peter/Documents/EENG_519/Final_Project/src/matlab_msg_gen/glnxa64/install/include/fp_msgs
-- Up-to-date: /home/peter/Documents/EENG_519/Final_Project/src/matlab_msg_gen/glnxa64/install/include/fp_msgs/msg
-- Up-to-date: /home/peter/Documents/EENG_519/Final_Project/src/matlab_msg_gen/glnxa64/install/include/fp_msgs/msg/point_rpy.h
-- Up-to-date: /home/peter/Documents/EENG_519/Final_Project/src/matlab_msg_gen/glnxa64/install/include/fp_msgs/msg/sigma_id.h
-- Up-to-date: /home/peter/Documents/EENG_519/Final_Project/src/matlab_msg_gen/glnxa64/install/include/fp_msgs/msg/detail
-- Up-to-date: /home/peter/Documents/EENG_519/Final_Project/src/matlab_msg_gen/glnxa64/install/include/fp_msgs/msg/detail/sigma_id__type_support.h
-- Up-to-date: /home/peter/Documents/EENG_519/Final_Project/src/matlab_msg_gen/glnxa64/install/include/fp_msgs/msg/detail/sigma_id__functions.c
-- Up-to-date: /home/peter/Documents/EENG_519/Final_Project/src/matlab_msg_gen/glnxa64/install/include/fp_msgs/msg/detail/sigma_id__struct.h
-- Up-to-date: /home/peter/Documents/EENG_519/Final_Project/src/matlab_msg_gen/glnxa64/install/include/fp_msgs/msg/detail/sigma_id__functions.h
-- Up-to-date: /home/peter/Documents/EENG_519/Final_Project/src/matlab_msg_gen/glnxa64/install/include/fp_msgs/msg/detail/point_rpy__functions.h
-- Up-to-date: /home/peter/Documents/EENG_519/Final_Project/src/matlab_msg_gen/glnxa64/install/include/fp_msgs/msg/detail/point_rpy__functions.c
-- Up-to-date: /home/peter/Documents/EENG_519/Final_Project/src/matlab_msg_gen/glnxa64/install/include/fp_msgs/msg/detail/point_rpy__type_support.h
-- Up-to-date: /home/peter/Documents/EENG_519/Final_Project/src/matlab_msg_gen/glnxa64/install/include/fp_msgs/msg/detail/point_rpy__struct.h
-- Up-to-date: /home/peter/Documents/EENG_519/Final_Project/src/matlab_msg_gen/glnxa64/install/include/fp_msgs/msg/rosidl_generator_c__visibility_control.h
-- Up-to-date: /home/peter/Documents/EENG_519/Final_Project/src/matlab_msg_gen/glnxa64/install/share/fp_msgs/environment/library_path.sh
-- Installing: /home/peter/Documents/EENG_519/Final_Project/src/matlab_msg_gen/glnxa64/install/share/fp_msgs/environment/library_path.dsv
-- Up-to-date: /home/peter/Documents/EENG_519/Final_Project/src/matlab_msg_gen/glnxa64/install/lib/libfp_msgs__rosidl_generator_c.so
-- Up-to-date: /home/peter/Documents/EENG_519/Final_Project/src/matlab_msg_gen/glnxa64/install/include/fp_msgs
-- Up-to-date: /home/peter/Documents/EENG_519/Final_Project/src/matlab_msg_gen/glnxa64/install/include/fp_msgs/msg
-- Up-to-date: /home/peter/Documents/EENG_519/Final_Project/src/matlab_msg_gen/glnxa64/install/include/fp_msgs/msg/detail
-- Up-to-date: /home/peter/Documents/EENG_519/Final_Project/src/matlab_msg_gen/glnxa64/install/include/fp_msgs/msg/detail/point_rpy__rosidl_typesupport_fastrtps_c.h
-- Up-to-date: /home/peter/Documents/EENG_519/Final_Project/src/matlab_msg_gen/glnxa64/install/include/fp_msgs/msg/detail/sigma_id__rosidl_typesupport_fastrtps_c.h
-- Up-to-date: /home/peter/Documents/EENG_519/Final_Project/src/matlab_msg_gen/glnxa64/install/include/fp_msgs/msg/rosidl_typesupport_fastrtps_c__visibility_control.h
-- Up-to-date: /home/peter/Documents/EENG_519/Final_Project/src/matlab_msg_gen/glnxa64/install/lib/libfp_msgs__rosidl_typesupport_fastrtps_c.so
-- Up-to-date: /home/peter/Documents/EENG_519/Final_Project/src/matlab_msg_gen/glnxa64/install/include/fp_msgs
-- Up-to-date: /home/peter/Documents/EENG_519/Final_Project/src/matlab_msg_gen/glnxa64/install/include/fp_msgs/msg
-- Up-to-date: /home/peter/Documents/EENG_519/Final_Project/src/matlab_msg_gen/glnxa64/install/include/fp_msgs/msg/detail
-- Up-to-date: /home/peter/Documents/EENG_519/Final_Project/src/matlab_msg_gen/glnxa64/install/include/fp_msgs/msg/detail/point_rpy__rosidl_typesupport_fastrtps_cpp.hpp
-- Up-to-date: /home/peter/Documents/EENG_519/Final_Project/src/matlab_msg_gen/glnxa64/install/include/fp_msgs/msg/detail/sigma_id__rosidl_typesupport_fastrtps_cpp.hpp
-- Up-to-date: /home/peter/Documents/EENG_519/Final_Project/src/matlab_msg_gen/glnxa64/install/include/fp_msgs/msg/detail/dds_fastrtps
-- Up-to-date: /home/peter/Documents/EENG_519/Final_Project/src/matlab_msg_gen/glnxa64/install/include/fp_msgs/msg/rosidl_typesupport_fastrtps_cpp__visibility_control.h
-- Up-to-date: /home/peter/Documents/EENG_519/Final_Project/src/matlab_msg_gen/glnxa64/install/lib/libfp_msgs__rosidl_typesupport_fastrtps_cpp.so
-- Up-to-date: /home/peter/Documents/EENG_519/Final_Project/src/matlab_msg_gen/glnxa64/install/include/fp_msgs
-- Up-to-date: /home/peter/Documents/EENG_519/Final_Project/src/matlab_msg_gen/glnxa64/install/include/fp_msgs/msg
-- Up-to-date: /home/peter/Documents/EENG_519/Final_Project/src/matlab_msg_gen/glnxa64/install/include/fp_msgs/msg/rosidl_typesupport_introspection_c__visibility_control.h
-- Up-to-date: /home/peter/Documents/EENG_519/Final_Project/src/matlab_msg_gen/glnxa64/install/include/fp_msgs/msg/detail
-- Up-to-date: /home/peter/Documents/EENG_519/Final_Project/src/matlab_msg_gen/glnxa64/install/include/fp_msgs/msg/detail/point_rpy__type_support.c
-- Up-to-date: /home/peter/Documents/EENG_519/Final_Project/src/matlab_msg_gen/glnxa64/install/include/fp_msgs/msg/detail/point_rpy__rosidl_typesupport_introspection_c.h
-- Up-to-date: /home/peter/Documents/EENG_519/Final_Project/src/matlab_msg_gen/glnxa64/install/include/fp_msgs/msg/detail/sigma_id__type_support.c
-- Up-to-date: /home/peter/Documents/EENG_519/Final_Project/src/matlab_msg_gen/glnxa64/install/include/fp_msgs/msg/detail/sigma_id__rosidl_typesupport_introspection_c.h
-- Up-to-date: /home/peter/Documents/EENG_519/Final_Project/src/matlab_msg_gen/glnxa64/install/lib/libfp_msgs__rosidl_typesupport_introspection_c.so
-- Up-to-date: /home/peter/Documents/EENG_519/Final_Project/src/matlab_msg_gen/glnxa64/install/lib/libfp_msgs__rosidl_typesupport_c.so
-- Up-to-date: /home/peter/Documents/EENG_519/Final_Project/src/matlab_msg_gen/glnxa64/install/include/fp_msgs
-- Up-to-date: /home/peter/Documents/EENG_519/Final_Project/src/matlab_msg_gen/glnxa64/install/include/fp_msgs/msg
-- Up-to-date: /home/peter/Documents/EENG_519/Final_Project/src/matlab_msg_gen/glnxa64/install/include/fp_msgs/msg/sigma_id.hpp
-- Up-to-date: /home/peter/Documents/EENG_519/Final_Project/src/matlab_msg_gen/glnxa64/install/include/fp_msgs/msg/detail
-- Up-to-date: /home/peter/Documents/EENG_519/Final_Project/src/matlab_msg_gen/glnxa64/install/include/fp_msgs/msg/detail/point_rpy__struct.hpp
-- Up-to-date: /home/peter/Documents/EENG_519/Final_Project/src/matlab_msg_gen/glnxa64/install/include/fp_msgs/msg/detail/point_rpy__builder.hpp
-- Up-to-date: /home/peter/Documents/EENG_519/Final_Project/src/matlab_msg_gen/glnxa64/install/include/fp_msgs/msg/detail/point_rpy__traits.hpp
-- Up-to-date: /home/peter/Documents/EENG_519/Final_Project/src/matlab_msg_gen/glnxa64/install/include/fp_msgs/msg/detail/sigma_id__builder.hpp
-- Up-to-date: /home/peter/Documents/EENG_519/Final_Project/src/matlab_msg_gen/glnxa64/install/include/fp_msgs/msg/detail/sigma_id__struct.hpp
-- Up-to-date: /home/peter/Documents/EENG_519/Final_Project/src/matlab_msg_gen/glnxa64/install/include/fp_msgs/msg/detail/sigma_id__traits.hpp
-- Up-to-date: /home/peter/Documents/EENG_519/Final_Project/src/matlab_msg_gen/glnxa64/install/include/fp_msgs/msg/point_rpy.hpp
-- Up-to-date: /home/peter/Documents/EENG_519/Final_Project/src/matlab_msg_gen/glnxa64/install/include/fp_msgs
-- Up-to-date: /home/peter/Documents/EENG_519/Final_Project/src/matlab_msg_gen/glnxa64/install/include/fp_msgs/msg
-- Up-to-date: /home/peter/Documents/EENG_519/Final_Project/src/matlab_msg_gen/glnxa64/install/include/fp_msgs/msg/detail
-- Up-to-date: /home/peter/Documents/EENG_519/Final_Project/src/matlab_msg_gen/glnxa64/install/include/fp_msgs/msg/detail/sigma_id__rosidl_typesupport_introspection_cpp.hpp
-- Up-to-date: /home/peter/Documents/EENG_519/Final_Project/src/matlab_msg_gen/glnxa64/install/include/fp_msgs/msg/detail/point_rpy__type_support.cpp
-- Up-to-date: /home/peter/Documents/EENG_519/Final_Project/src/matlab_msg_gen/glnxa64/install/include/fp_msgs/msg/detail/sigma_id__type_support.cpp
-- Up-to-date: /home/peter/Documents/EENG_519/Final_Project/src/matlab_msg_gen/glnxa64/install/include/fp_msgs/msg/detail/point_rpy__rosidl_typesupport_introspection_cpp.hpp
-- Up-to-date: /home/peter/Documents/EENG_519/Final_Project/src/matlab_msg_gen/glnxa64/install/lib/libfp_msgs__rosidl_typesupport_introspection_cpp.so
-- Up-to-date: /home/peter/Documents/EENG_519/Final_Project/src/matlab_msg_gen/glnxa64/install/lib/libfp_msgs__rosidl_typesupport_cpp.so
-- Up-to-date: /home/peter/Documents/EENG_519/Final_Project/src/matlab_msg_gen/glnxa64/install/share/fp_msgs/environment/pythonpath.sh
-- Installing: /home/peter/Documents/EENG_519/Final_Project/src/matlab_msg_gen/glnxa64/install/share/fp_msgs/environment/pythonpath.dsv
-- Installing: /home/peter/Documents/EENG_519/Final_Project/src/matlab_msg_gen/glnxa64/install/lib/python3.9/site-packages/fp_msgs/__init__.py
Compiling '/home/peter/Documents/EENG_519/Final_Project/src/matlab_msg_gen/glnxa64/install/lib/python3.9/site-packages/fp_msgs/__init__.py'...
-- Up-to-date: /home/peter/Documents/EENG_519/Final_Project/src/matlab_msg_gen/glnxa64/install/lib/python3.9/site-packages/fp_msgs/msg
-- Up-to-date: /home/peter/Documents/EENG_519/Final_Project/src/matlab_msg_gen/glnxa64/install/lib/python3.9/site-packages/fp_msgs/msg/__init__.py
-- Up-to-date: /home/peter/Documents/EENG_519/Final_Project/src/matlab_msg_gen/glnxa64/install/lib/python3.9/site-packages/fp_msgs/msg/_point_rpy.py
-- Up-to-date: /home/peter/Documents/EENG_519/Final_Project/src/matlab_msg_gen/glnxa64/install/lib/python3.9/site-packages/fp_msgs/msg/_sigma_id.py
-- Up-to-date: /home/peter/Documents/EENG_519/Final_Project/src/matlab_msg_gen/glnxa64/install/lib/python3.9/site-packages/fp_msgs/msg/_sigma_id_s.c
-- Up-to-date: /home/peter/Documents/EENG_519/Final_Project/src/matlab_msg_gen/glnxa64/install/lib/python3.9/site-packages/fp_msgs/msg/_point_rpy_s.c
-- Up-to-date: /home/peter/Documents/EENG_519/Final_Project/src/matlab_msg_gen/glnxa64/install/lib/python3.9/site-packages/fp_msgs/fp_msgs_s__rosidl_typesupport_fastrtps_c.cpython-39-x86_64-linux-gnu.so
-- Up-to-date: /home/peter/Documents/EENG_519/Final_Project/src/matlab_msg_gen/glnxa64/install/lib/python3.9/site-packages/fp_msgs/fp_msgs_s__rosidl_typesupport_introspection_c.cpython-39-x86_64-linux-gnu.so
-- Up-to-date: /home/peter/Documents/EENG_519/Final_Project/src/matlab_msg_gen/glnxa64/install/lib/python3.9/site-packages/fp_msgs/fp_msgs_s__rosidl_typesupport_c.cpython-39-x86_64-linux-gnu.so
-- Up-to-date: /home/peter/Documents/EENG_519/Final_Project/src/matlab_msg_gen/glnxa64/install/lib/libfp_msgs__python.so
-- Up-to-date: /home/peter/Documents/EENG_519/Final_Project/src/matlab_msg_gen/glnxa64/install/share/fp_msgs/msg/PointRPY.idl
-- Up-to-date: /home/peter/Documents/EENG_519/Final_Project/src/matlab_msg_gen/glnxa64/install/share/fp_msgs/msg/SigmaID.idl
-- Up-to-date: /home/peter/Documents/EENG_519/Final_Project/src/matlab_msg_gen/glnxa64/install/share/fp_msgs/msg/PointRPY.msg
-- Up-to-date: /home/peter/Documents/EENG_519/Final_Project/src/matlab_msg_gen/glnxa64/install/share/fp_msgs/msg/SigmaID.msg
-- Up-to-date: /home/peter/Documents/EENG_519/Final_Project/src/matlab_msg_gen/glnxa64/install/include
-- Up-to-date: /home/peter/Documents/EENG_519/Final_Project/src/matlab_msg_gen/glnxa64/install/include/fp_msgs
-- Up-to-date: /home/peter/Documents/EENG_519/Final_Project/src/matlab_msg_gen/glnxa64/install/include/fp_msgs/visibility_control.h
-- Up-to-date: /home/peter/Documents/EENG_519/Final_Project/src/matlab_msg_gen/glnxa64/install/lib/libfp_msgs_matlab.so
-- Up-to-date: /home/peter/Documents/EENG_519/Final_Project/src/matlab_msg_gen/glnxa64/install/m/
-- Up-to-date: /home/peter/Documents/EENG_519/Final_Project/src/matlab_msg_gen/glnxa64/install/m//+ros
-- Up-to-date: /home/peter/Documents/EENG_519/Final_Project/src/matlab_msg_gen/glnxa64/install/m//+ros/+internal
-- Up-to-date: /home/peter/Documents/EENG_519/Final_Project/src/matlab_msg_gen/glnxa64/install/m//+ros/+internal/+ros2
-- Up-to-date: /home/peter/Documents/EENG_519/Final_Project/src/matlab_msg_gen/glnxa64/install/m//+ros/+internal/+ros2/+custommessages
-- Up-to-date: /home/peter/Documents/EENG_519/Final_Project/src/matlab_msg_gen/glnxa64/install/m//+ros/+internal/+ros2/+custommessages/+fp_msgs
-- Up-to-date: /home/peter/Documents/EENG_519/Final_Project/src/matlab_msg_gen/glnxa64/install/m//+ros/+internal/+ros2/+custommessages/+fp_msgs/fp_msgs_msg_PointRPY_2To1_Converter.m
-- Up-to-date: /home/peter/Documents/EENG_519/Final_Project/src/matlab_msg_gen/glnxa64/install/m//+ros/+internal/+ros2/+custommessages/+fp_msgs/fp_msgs_msg_SigmaID_1To2_Converter.m
-- Up-to-date: /home/peter/Documents/EENG_519/Final_Project/src/matlab_msg_gen/glnxa64/install/m//+ros/+internal/+ros2/+custommessages/+fp_msgs/pointRPY.m
-- Up-to-date: /home/peter/Documents/EENG_519/Final_Project/src/matlab_msg_gen/glnxa64/install/m//+ros/+internal/+ros2/+custommessages/+fp_msgs/fp_msgs_msg_PointRPY_1To2_Converter.m
-- Up-to-date: /home/peter/Documents/EENG_519/Final_Project/src/matlab_msg_gen/glnxa64/install/m//+ros/+internal/+ros2/+custommessages/+fp_msgs/fp_msgs_msg_SigmaID_2To1_Converter.m
-- Up-to-date: /home/peter/Documents/EENG_519/Final_Project/src/matlab_msg_gen/glnxa64/install/m//+ros/+internal/+ros2/+custommessages/+fp_msgs/sigmaID.m
-- Up-to-date: /home/peter/Documents/EENG_519/Final_Project/src/matlab_msg_gen/glnxa64/install/share/ament_index/resource_index/package_run_dependencies/fp_msgs
-- Up-to-date: /home/peter/Documents/EENG_519/Final_Project/src/matlab_msg_gen/glnxa64/install/share/ament_index/resource_index/parent_prefix_path/fp_msgs
-- Up-to-date: /home/peter/Documents/EENG_519/Final_Project/src/matlab_msg_gen/glnxa64/install/share/fp_msgs/environment/ament_prefix_path.sh
-- Installing: /home/peter/Documents/EENG_519/Final_Project/src/matlab_msg_gen/glnxa64/install/share/fp_msgs/environment/ament_prefix_path.dsv
-- Up-to-date: /home/peter/Documents/EENG_519/Final_Project/src/matlab_msg_gen/glnxa64/install/share/fp_msgs/environment/path.sh
-- Installing: /home/peter/Documents/EENG_519/Final_Project/src/matlab_msg_gen/glnxa64/install/share/fp_msgs/environment/path.dsv
-- Up-to-date: /home/peter/Documents/EENG_519/Final_Project/src/matlab_msg_gen/glnxa64/install/share/fp_msgs/local_setup.bash
-- Up-to-date: /home/peter/Documents/EENG_519/Final_Project/src/matlab_msg_gen/glnxa64/install/share/fp_msgs/local_setup.sh
-- Up-to-date: /home/peter/Documents/EENG_519/Final_Project/src/matlab_msg_gen/glnxa64/install/share/fp_msgs/local_setup.zsh
-- Installing: /home/peter/Documents/EENG_519/Final_Project/src/matlab_msg_gen/glnxa64/install/share/fp_msgs/local_setup.dsv
-- Installing: /home/peter/Documents/EENG_519/Final_Project/src/matlab_msg_gen/glnxa64/install/share/fp_msgs/package.dsv
-- Up-to-date: /home/peter/Documents/EENG_519/Final_Project/src/matlab_msg_gen/glnxa64/install/share/ament_index/resource_index/packages/fp_msgs
-- Up-to-date: /home/peter/Documents/EENG_519/Final_Project/src/matlab_msg_gen/glnxa64/install/share/fp_msgs/cmake/fp_msgs__rosidl_generator_cExport.cmake
-- Up-to-date: /home/peter/Documents/EENG_519/Final_Project/src/matlab_msg_gen/glnxa64/install/share/fp_msgs/cmake/fp_msgs__rosidl_generator_cExport-release.cmake
-- Up-to-date: /home/peter/Documents/EENG_519/Final_Project/src/matlab_msg_gen/glnxa64/install/share/fp_msgs/cmake/fp_msgs__rosidl_typesupport_introspection_cExport.cmake
-- Up-to-date: /home/peter/Documents/EENG_519/Final_Project/src/matlab_msg_gen/glnxa64/install/share/fp_msgs/cmake/fp_msgs__rosidl_typesupport_introspection_cExport-release.cmake
-- Up-to-date: /home/peter/Documents/EENG_519/Final_Project/src/matlab_msg_gen/glnxa64/install/share/fp_msgs/cmake/fp_msgs__rosidl_typesupport_cExport.cmake
-- Up-to-date: /home/peter/Documents/EENG_519/Final_Project/src/matlab_msg_gen/glnxa64/install/share/fp_msgs/cmake/fp_msgs__rosidl_typesupport_cExport-release.cmake
-- Up-to-date: /home/peter/Documents/EENG_519/Final_Project/src/matlab_msg_gen/glnxa64/install/share/fp_msgs/cmake/fp_msgs__rosidl_generator_cppExport.cmake
-- Up-to-date: /home/peter/Documents/EENG_519/Final_Project/src/matlab_msg_gen/glnxa64/install/share/fp_msgs/cmake/fp_msgs__rosidl_typesupport_introspection_cppExport.cmake
-- Up-to-date: /home/peter/Documents/EENG_519/Final_Project/src/matlab_msg_gen/glnxa64/install/share/fp_msgs/cmake/fp_msgs__rosidl_typesupport_introspection_cppExport-release.cmake
-- Up-to-date: /home/peter/Documents/EENG_519/Final_Project/src/matlab_msg_gen/glnxa64/install/share/fp_msgs/cmake/fp_msgs__rosidl_typesupport_cppExport.cmake
-- Up-to-date: /home/peter/Documents/EENG_519/Final_Project/src/matlab_msg_gen/glnxa64/install/share/fp_msgs/cmake/fp_msgs__rosidl_typesupport_cppExport-release.cmake
-- Up-to-date: /home/peter/Documents/EENG_519/Final_Project/src/matlab_msg_gen/glnxa64/install/share/fp_msgs/cmake/rosidl_cmake-extras.cmake
-- Up-to-date: /home/peter/Documents/EENG_519/Final_Project/src/matlab_msg_gen/glnxa64/install/share/fp_msgs/cmake/ament_cmake_export_dependencies-extras.cmake
-- Up-to-date: /home/peter/Documents/EENG_519/Final_Project/src/matlab_msg_gen/glnxa64/install/share/fp_msgs/cmake/ament_cmake_export_libraries-extras.cmake
-- Up-to-date: /home/peter/Documents/EENG_519/Final_Project/src/matlab_msg_gen/glnxa64/install/share/fp_msgs/cmake/ament_cmake_export_targets-extras.cmake
-- Up-to-date: /home/peter/Documents/EENG_519/Final_Project/src/matlab_msg_gen/glnxa64/install/share/fp_msgs/cmake/ament_cmake_export_include_directories-extras.cmake
-- Up-to-date: /home/peter/Documents/EENG_519/Final_Project/src/matlab_msg_gen/glnxa64/install/share/fp_msgs/cmake/rosidl_cmake_export_typesupport_libraries-extras.cmake
-- Up-to-date: /home/peter/Documents/EENG_519/Final_Project/src/matlab_msg_gen/glnxa64/install/share/fp_msgs/cmake/rosidl_cmake_export_typesupport_targets-extras.cmake
-- Up-to-date: /home/peter/Documents/EENG_519/Final_Project/src/matlab_msg_gen/glnxa64/install/share/fp_msgs/cmake/fp_msgsConfig.cmake
-- Up-to-date: /home/peter/Documents/EENG_519/Final_Project/src/matlab_msg_gen/glnxa64/install/share/fp_msgs/cmake/fp_msgsConfig-version.cmake
-- Installing: /home/peter/Documents/EENG_519/Final_Project/src/matlab_msg_gen/glnxa64/install/share/fp_msgs/package.xml
