[0.025s] Invoking command in '/home/peter/Documents/EENG_519/Final_Project/src/matlab_msg_gen/glnxa64/build/fp_msgs': PS1=(venv) /usr/bin/cmake --build /home/peter/Documents/EENG_519/Final_Project/src/matlab_msg_gen/glnxa64/build/fp_msgs -- -j16 -l16
[0.042s] /usr/bin/cmake -S/home/peter/Documents/EENG_519/Final_Project/src/matlab_msg_gen/glnxa64/src/fp_msgs -B/home/peter/Documents/EENG_519/Final_Project/src/matlab_msg_gen/glnxa64/build/fp_msgs --check-build-system CMakeFiles/Makefile.cmake 0
[0.062s] -- Found ament_cmake: 0.9.8 (/usr/local/MATLAB/R2022a/sys/ros2/glnxa64/ros2/share/ament_cmake/cmake)
[0.087s] -- Found PythonInterp: /home/peter/.matlab/R2022a/ros2/glnxa64/venv/bin/python3 (found suitable version "3.9.16", minimum required is "3") 
[0.087s] -- Using PYTHON_EXECUTABLE: /home/peter/.matlab/R2022a/ros2/glnxa64/venv/bin/python3
[0.283s] -- Found ament_cmake_ros: 0.9.2 (/usr/local/MATLAB/R2022a/sys/ros2/glnxa64/ros2/share/ament_cmake_ros/cmake)
[0.285s] -- Found rosidl_typesupport_c: 1.0.2 (/usr/local/MATLAB/R2022a/sys/ros2/glnxa64/ros2/share/rosidl_typesupport_c/cmake)
[0.285s] -- Using all available rosidl_typesupport_c: rosidl_typesupport_fastrtps_c;rosidl_typesupport_introspection_c
[0.288s] -- Found rosidl_adapter: 1.2.1 (/usr/local/MATLAB/R2022a/sys/ros2/glnxa64/ros2/share/rosidl_adapter/cmake)
[0.388s] -- Found rosidl_typesupport_cpp: 1.0.2 (/usr/local/MATLAB/R2022a/sys/ros2/glnxa64/ros2/share/rosidl_typesupport_cpp/cmake)
[0.388s] -- Using all available rosidl_typesupport_cpp: rosidl_typesupport_fastrtps_cpp;rosidl_typesupport_introspection_cpp
[0.408s] -- Found rosidl_default_generators: 1.0.1 (/usr/local/MATLAB/R2022a/sys/ros2/glnxa64/ros2/share/rosidl_default_generators/cmake)
[0.419s] -- Found class_loader: 2.0.2 (/usr/local/MATLAB/R2022a/sys/ros2/glnxa64/ros2/share/class_loader/cmake)
[0.422s] -- Found geometry_msgs: 2.0.4 (/usr/local/MATLAB/R2022a/sys/ros2/glnxa64/ros2/share/geometry_msgs/cmake)
[0.479s] -- Found rclcpp: 2.3.1 (/usr/local/MATLAB/R2022a/sys/ros2/glnxa64/ros2/share/rclcpp/cmake)
[0.501s] -- Found rmw_implementation_cmake: 1.0.3 (/usr/local/MATLAB/R2022a/sys/ros2/glnxa64/ros2/share/rmw_implementation_cmake/cmake)
[0.502s] -- Using RMW implementation 'rmw_fastrtps_cpp' as default
[0.595s] -- Found PythonInterp: /home/peter/.matlab/R2022a/ros2/glnxa64/venv/bin/python3 (found version "3.9.16") 
[1.023s] -- Using all available rosidl_typesupport_c: rosidl_typesupport_fastrtps_c;rosidl_typesupport_introspection_c
[1.127s] -- Using all available rosidl_typesupport_cpp: rosidl_typesupport_fastrtps_cpp;rosidl_typesupport_introspection_cpp
[1.148s] -- Found PythonInterp: /home/peter/.matlab/R2022a/ros2/glnxa64/venv/bin/python3 (found suitable version "3.9.16", minimum required is "3.5") 
[1.149s] -- Found python_cmake_module: 0.8.1 (/usr/local/MATLAB/R2022a/sys/ros2/glnxa64/ros2/share/python_cmake_module/cmake)
[1.165s] -- Using PYTHON_EXECUTABLE: /home/peter/.matlab/R2022a/ros2/glnxa64/venv/bin/python3
[1.166s] -- Using PYTHON_INCLUDE_DIRS: /home/peter/.matlab/R2022a/ros2/glnxa64/venv/include
[1.166s] -- Using PYTHON_LIBRARIES: /home/peter/.matlab/R2022a/ros2/glnxa64/venv/lib/libpython3.9.so
[1.314s] -- Using numpy include directory: /home/peter/.matlab/R2022a/ros2/glnxa64/venv/lib/python3.9/site-packages/numpy/core/include
[1.326s] -- Configuring done
[1.375s] -- Generating done
[1.378s] -- Build files have been written to: /home/peter/Documents/EENG_519/Final_Project/src/matlab_msg_gen/glnxa64/build/fp_msgs
[1.407s] /usr/bin/cmake -E cmake_progress_start /home/peter/Documents/EENG_519/Final_Project/src/matlab_msg_gen/glnxa64/build/fp_msgs/CMakeFiles /home/peter/Documents/EENG_519/Final_Project/src/matlab_msg_gen/glnxa64/build/fp_msgs//CMakeFiles/progress.marks
[1.423s] /usr/bin/make  -f CMakeFiles/Makefile2 all
[1.426s] make[1]: Entering directory '/home/peter/Documents/EENG_519/Final_Project/src/matlab_msg_gen/glnxa64/build/fp_msgs'
[1.427s] /usr/bin/make  -f CMakeFiles/fp_msgs__cpp.dir/build.make CMakeFiles/fp_msgs__cpp.dir/depend
[1.428s] /usr/bin/make  -f CMakeFiles/fp_msgs__rosidl_generator_c.dir/build.make CMakeFiles/fp_msgs__rosidl_generator_c.dir/depend
[1.429s] make[2]: Entering directory '/home/peter/Documents/EENG_519/Final_Project/src/matlab_msg_gen/glnxa64/build/fp_msgs'
[1.429s] cd /home/peter/Documents/EENG_519/Final_Project/src/matlab_msg_gen/glnxa64/build/fp_msgs && /usr/bin/cmake -E cmake_depends "Unix Makefiles" /home/peter/Documents/EENG_519/Final_Project/src/matlab_msg_gen/glnxa64/src/fp_msgs /home/peter/Documents/EENG_519/Final_Project/src/matlab_msg_gen/glnxa64/src/fp_msgs /home/peter/Documents/EENG_519/Final_Project/src/matlab_msg_gen/glnxa64/build/fp_msgs /home/peter/Documents/EENG_519/Final_Project/src/matlab_msg_gen/glnxa64/build/fp_msgs /home/peter/Documents/EENG_519/Final_Project/src/matlab_msg_gen/glnxa64/build/fp_msgs/CMakeFiles/fp_msgs__cpp.dir/DependInfo.cmake --color=
[1.430s] make[2]: Entering directory '/home/peter/Documents/EENG_519/Final_Project/src/matlab_msg_gen/glnxa64/build/fp_msgs'
[1.430s] cd /home/peter/Documents/EENG_519/Final_Project/src/matlab_msg_gen/glnxa64/build/fp_msgs && /usr/bin/cmake -E cmake_depends "Unix Makefiles" /home/peter/Documents/EENG_519/Final_Project/src/matlab_msg_gen/glnxa64/src/fp_msgs /home/peter/Documents/EENG_519/Final_Project/src/matlab_msg_gen/glnxa64/src/fp_msgs /home/peter/Documents/EENG_519/Final_Project/src/matlab_msg_gen/glnxa64/build/fp_msgs /home/peter/Documents/EENG_519/Final_Project/src/matlab_msg_gen/glnxa64/build/fp_msgs /home/peter/Documents/EENG_519/Final_Project/src/matlab_msg_gen/glnxa64/build/fp_msgs/CMakeFiles/fp_msgs__rosidl_generator_c.dir/DependInfo.cmake --color=
[1.441s] [35m[1mConsolidate compiler generated dependencies of target fp_msgs__rosidl_generator_c[0m
[1.442s] make[2]: Leaving directory '/home/peter/Documents/EENG_519/Final_Project/src/matlab_msg_gen/glnxa64/build/fp_msgs'
[1.442s] /usr/bin/make  -f CMakeFiles/fp_msgs__cpp.dir/build.make CMakeFiles/fp_msgs__cpp.dir/build
[1.443s] make[2]: Leaving directory '/home/peter/Documents/EENG_519/Final_Project/src/matlab_msg_gen/glnxa64/build/fp_msgs'
[1.443s] /usr/bin/make  -f CMakeFiles/fp_msgs__rosidl_generator_c.dir/build.make CMakeFiles/fp_msgs__rosidl_generator_c.dir/build
[1.444s] make[2]: Entering directory '/home/peter/Documents/EENG_519/Final_Project/src/matlab_msg_gen/glnxa64/build/fp_msgs'
[1.444s] make[2]: Nothing to be done for 'CMakeFiles/fp_msgs__cpp.dir/build'.
[1.444s] make[2]: Leaving directory '/home/peter/Documents/EENG_519/Final_Project/src/matlab_msg_gen/glnxa64/build/fp_msgs'
[1.445s] make[2]: Entering directory '/home/peter/Documents/EENG_519/Final_Project/src/matlab_msg_gen/glnxa64/build/fp_msgs'
[1.445s] make[2]: Nothing to be done for 'CMakeFiles/fp_msgs__rosidl_generator_c.dir/build'.
[1.445s] make[2]: Leaving directory '/home/peter/Documents/EENG_519/Final_Project/src/matlab_msg_gen/glnxa64/build/fp_msgs'
[1.457s] [  7%] Built target fp_msgs__cpp
[1.457s] [ 11%] Built target fp_msgs__rosidl_generator_c
[1.458s] /usr/bin/make  -f CMakeFiles/fp_msgs__rosidl_typesupport_cpp.dir/build.make CMakeFiles/fp_msgs__rosidl_typesupport_cpp.dir/depend
[1.459s] /usr/bin/make  -f CMakeFiles/fp_msgs__rosidl_typesupport_fastrtps_cpp.dir/build.make CMakeFiles/fp_msgs__rosidl_typesupport_fastrtps_cpp.dir/depend
[1.460s] /usr/bin/make  -f CMakeFiles/fp_msgs__rosidl_typesupport_introspection_c.dir/build.make CMakeFiles/fp_msgs__rosidl_typesupport_introspection_c.dir/depend
[1.460s] /usr/bin/make  -f CMakeFiles/fp_msgs__rosidl_typesupport_c.dir/build.make CMakeFiles/fp_msgs__rosidl_typesupport_c.dir/depend
[1.460s] /usr/bin/make  -f CMakeFiles/fp_msgs__rosidl_typesupport_introspection_cpp.dir/build.make CMakeFiles/fp_msgs__rosidl_typesupport_introspection_cpp.dir/depend
[1.460s] make[2]: Entering directory '/home/peter/Documents/EENG_519/Final_Project/src/matlab_msg_gen/glnxa64/build/fp_msgs'
[1.460s] make[2]: Entering directory '/home/peter/Documents/EENG_519/Final_Project/src/matlab_msg_gen/glnxa64/build/fp_msgs'
[1.461s] cd /home/peter/Documents/EENG_519/Final_Project/src/matlab_msg_gen/glnxa64/build/fp_msgs && /usr/bin/cmake -E cmake_depends "Unix Makefiles" /home/peter/Documents/EENG_519/Final_Project/src/matlab_msg_gen/glnxa64/src/fp_msgs /home/peter/Documents/EENG_519/Final_Project/src/matlab_msg_gen/glnxa64/src/fp_msgs /home/peter/Documents/EENG_519/Final_Project/src/matlab_msg_gen/glnxa64/build/fp_msgs /home/peter/Documents/EENG_519/Final_Project/src/matlab_msg_gen/glnxa64/build/fp_msgs /home/peter/Documents/EENG_519/Final_Project/src/matlab_msg_gen/glnxa64/build/fp_msgs/CMakeFiles/fp_msgs__rosidl_typesupport_fastrtps_cpp.dir/DependInfo.cmake --color=
[1.461s] cd /home/peter/Documents/EENG_519/Final_Project/src/matlab_msg_gen/glnxa64/build/fp_msgs && /usr/bin/cmake -E cmake_depends "Unix Makefiles" /home/peter/Documents/EENG_519/Final_Project/src/matlab_msg_gen/glnxa64/src/fp_msgs /home/peter/Documents/EENG_519/Final_Project/src/matlab_msg_gen/glnxa64/src/fp_msgs /home/peter/Documents/EENG_519/Final_Project/src/matlab_msg_gen/glnxa64/build/fp_msgs /home/peter/Documents/EENG_519/Final_Project/src/matlab_msg_gen/glnxa64/build/fp_msgs /home/peter/Documents/EENG_519/Final_Project/src/matlab_msg_gen/glnxa64/build/fp_msgs/CMakeFiles/fp_msgs__rosidl_typesupport_cpp.dir/DependInfo.cmake --color=
[1.461s] make[2]: Entering directory '/home/peter/Documents/EENG_519/Final_Project/src/matlab_msg_gen/glnxa64/build/fp_msgs'
[1.461s] cd /home/peter/Documents/EENG_519/Final_Project/src/matlab_msg_gen/glnxa64/build/fp_msgs && /usr/bin/cmake -E cmake_depends "Unix Makefiles" /home/peter/Documents/EENG_519/Final_Project/src/matlab_msg_gen/glnxa64/src/fp_msgs /home/peter/Documents/EENG_519/Final_Project/src/matlab_msg_gen/glnxa64/src/fp_msgs /home/peter/Documents/EENG_519/Final_Project/src/matlab_msg_gen/glnxa64/build/fp_msgs /home/peter/Documents/EENG_519/Final_Project/src/matlab_msg_gen/glnxa64/build/fp_msgs /home/peter/Documents/EENG_519/Final_Project/src/matlab_msg_gen/glnxa64/build/fp_msgs/CMakeFiles/fp_msgs__rosidl_typesupport_introspection_cpp.dir/DependInfo.cmake --color=
[1.461s] make[2]: Entering directory '/home/peter/Documents/EENG_519/Final_Project/src/matlab_msg_gen/glnxa64/build/fp_msgs'
[1.461s] cd /home/peter/Documents/EENG_519/Final_Project/src/matlab_msg_gen/glnxa64/build/fp_msgs && /usr/bin/cmake -E cmake_depends "Unix Makefiles" /home/peter/Documents/EENG_519/Final_Project/src/matlab_msg_gen/glnxa64/src/fp_msgs /home/peter/Documents/EENG_519/Final_Project/src/matlab_msg_gen/glnxa64/src/fp_msgs /home/peter/Documents/EENG_519/Final_Project/src/matlab_msg_gen/glnxa64/build/fp_msgs /home/peter/Documents/EENG_519/Final_Project/src/matlab_msg_gen/glnxa64/build/fp_msgs /home/peter/Documents/EENG_519/Final_Project/src/matlab_msg_gen/glnxa64/build/fp_msgs/CMakeFiles/fp_msgs__rosidl_typesupport_c.dir/DependInfo.cmake --color=
[1.462s] make[2]: Entering directory '/home/peter/Documents/EENG_519/Final_Project/src/matlab_msg_gen/glnxa64/build/fp_msgs'
[1.462s] cd /home/peter/Documents/EENG_519/Final_Project/src/matlab_msg_gen/glnxa64/build/fp_msgs && /usr/bin/cmake -E cmake_depends "Unix Makefiles" /home/peter/Documents/EENG_519/Final_Project/src/matlab_msg_gen/glnxa64/src/fp_msgs /home/peter/Documents/EENG_519/Final_Project/src/matlab_msg_gen/glnxa64/src/fp_msgs /home/peter/Documents/EENG_519/Final_Project/src/matlab_msg_gen/glnxa64/build/fp_msgs /home/peter/Documents/EENG_519/Final_Project/src/matlab_msg_gen/glnxa64/build/fp_msgs /home/peter/Documents/EENG_519/Final_Project/src/matlab_msg_gen/glnxa64/build/fp_msgs/CMakeFiles/fp_msgs__rosidl_typesupport_introspection_c.dir/DependInfo.cmake --color=
[1.473s] [35m[1mConsolidate compiler generated dependencies of target fp_msgs__rosidl_typesupport_c[0m
[1.473s] [35m[1mConsolidate compiler generated dependencies of target fp_msgs__rosidl_typesupport_introspection_c[0m
[1.473s] [35m[1mConsolidate compiler generated dependencies of target fp_msgs__rosidl_typesupport_introspection_cpp[0m
[1.473s] [35m[1mConsolidate compiler generated dependencies of target fp_msgs__rosidl_typesupport_fastrtps_cpp[0m
[1.473s] [35m[1mConsolidate compiler generated dependencies of target fp_msgs__rosidl_typesupport_cpp[0m
[1.477s] make[2]: Leaving directory '/home/peter/Documents/EENG_519/Final_Project/src/matlab_msg_gen/glnxa64/build/fp_msgs'
[1.477s] /usr/bin/make  -f CMakeFiles/fp_msgs__rosidl_typesupport_c.dir/build.make CMakeFiles/fp_msgs__rosidl_typesupport_c.dir/build
[1.477s] make[2]: Leaving directory '/home/peter/Documents/EENG_519/Final_Project/src/matlab_msg_gen/glnxa64/build/fp_msgs'
[1.477s] /usr/bin/make  -f CMakeFiles/fp_msgs__rosidl_typesupport_introspection_c.dir/build.make CMakeFiles/fp_msgs__rosidl_typesupport_introspection_c.dir/build
[1.477s] make[2]: Leaving directory '/home/peter/Documents/EENG_519/Final_Project/src/matlab_msg_gen/glnxa64/build/fp_msgs'
[1.477s] /usr/bin/make  -f CMakeFiles/fp_msgs__rosidl_typesupport_introspection_cpp.dir/build.make CMakeFiles/fp_msgs__rosidl_typesupport_introspection_cpp.dir/build
[1.478s] make[2]: Leaving directory '/home/peter/Documents/EENG_519/Final_Project/src/matlab_msg_gen/glnxa64/build/fp_msgs'
[1.478s] /usr/bin/make  -f CMakeFiles/fp_msgs__rosidl_typesupport_fastrtps_cpp.dir/build.make CMakeFiles/fp_msgs__rosidl_typesupport_fastrtps_cpp.dir/build
[1.478s] make[2]: Leaving directory '/home/peter/Documents/EENG_519/Final_Project/src/matlab_msg_gen/glnxa64/build/fp_msgs'
[1.479s] /usr/bin/make  -f CMakeFiles/fp_msgs__rosidl_typesupport_cpp.dir/build.make CMakeFiles/fp_msgs__rosidl_typesupport_cpp.dir/build
[1.479s] make[2]: Entering directory '/home/peter/Documents/EENG_519/Final_Project/src/matlab_msg_gen/glnxa64/build/fp_msgs'
[1.479s] make[2]: Nothing to be done for 'CMakeFiles/fp_msgs__rosidl_typesupport_c.dir/build'.
[1.479s] make[2]: Leaving directory '/home/peter/Documents/EENG_519/Final_Project/src/matlab_msg_gen/glnxa64/build/fp_msgs'
[1.479s] make[2]: Entering directory '/home/peter/Documents/EENG_519/Final_Project/src/matlab_msg_gen/glnxa64/build/fp_msgs'
[1.479s] make[2]: Nothing to be done for 'CMakeFiles/fp_msgs__rosidl_typesupport_introspection_c.dir/build'.
[1.479s] make[2]: Leaving directory '/home/peter/Documents/EENG_519/Final_Project/src/matlab_msg_gen/glnxa64/build/fp_msgs'
[1.480s] make[2]: Entering directory '/home/peter/Documents/EENG_519/Final_Project/src/matlab_msg_gen/glnxa64/build/fp_msgs'
[1.480s] make[2]: Nothing to be done for 'CMakeFiles/fp_msgs__rosidl_typesupport_introspection_cpp.dir/build'.
[1.480s] make[2]: Leaving directory '/home/peter/Documents/EENG_519/Final_Project/src/matlab_msg_gen/glnxa64/build/fp_msgs'
[1.481s] make[2]: Entering directory '/home/peter/Documents/EENG_519/Final_Project/src/matlab_msg_gen/glnxa64/build/fp_msgs'
[1.481s] make[2]: Nothing to be done for 'CMakeFiles/fp_msgs__rosidl_typesupport_cpp.dir/build'.
[1.481s] make[2]: Leaving directory '/home/peter/Documents/EENG_519/Final_Project/src/matlab_msg_gen/glnxa64/build/fp_msgs'
[1.481s] make[2]: Entering directory '/home/peter/Documents/EENG_519/Final_Project/src/matlab_msg_gen/glnxa64/build/fp_msgs'
[1.481s] make[2]: Nothing to be done for 'CMakeFiles/fp_msgs__rosidl_typesupport_fastrtps_cpp.dir/build'.
[1.481s] make[2]: Leaving directory '/home/peter/Documents/EENG_519/Final_Project/src/matlab_msg_gen/glnxa64/build/fp_msgs'
[1.492s] [ 38%] Built target fp_msgs__rosidl_typesupport_fastrtps_cpp
[1.493s] [ 40%] Built target fp_msgs__rosidl_typesupport_introspection_c
[1.493s] [ 40%] Built target fp_msgs__rosidl_typesupport_c
[1.493s] [ 50%] Built target fp_msgs__rosidl_typesupport_cpp
[1.494s] /usr/bin/make  -f CMakeFiles/fp_msgs__rosidl_typesupport_fastrtps_c.dir/build.make CMakeFiles/fp_msgs__rosidl_typesupport_fastrtps_c.dir/depend
[1.496s] make[2]: Entering directory '/home/peter/Documents/EENG_519/Final_Project/src/matlab_msg_gen/glnxa64/build/fp_msgs'
[1.496s] cd /home/peter/Documents/EENG_519/Final_Project/src/matlab_msg_gen/glnxa64/build/fp_msgs && /usr/bin/cmake -E cmake_depends "Unix Makefiles" /home/peter/Documents/EENG_519/Final_Project/src/matlab_msg_gen/glnxa64/src/fp_msgs /home/peter/Documents/EENG_519/Final_Project/src/matlab_msg_gen/glnxa64/src/fp_msgs /home/peter/Documents/EENG_519/Final_Project/src/matlab_msg_gen/glnxa64/build/fp_msgs /home/peter/Documents/EENG_519/Final_Project/src/matlab_msg_gen/glnxa64/build/fp_msgs /home/peter/Documents/EENG_519/Final_Project/src/matlab_msg_gen/glnxa64/build/fp_msgs/CMakeFiles/fp_msgs__rosidl_typesupport_fastrtps_c.dir/DependInfo.cmake --color=
[1.500s] [ 59%] Built target fp_msgs__rosidl_typesupport_introspection_cpp
[1.513s] [35m[1mConsolidate compiler generated dependencies of target fp_msgs__rosidl_typesupport_fastrtps_c[0m
[1.516s] make[2]: Leaving directory '/home/peter/Documents/EENG_519/Final_Project/src/matlab_msg_gen/glnxa64/build/fp_msgs'
[1.517s] /usr/bin/make  -f CMakeFiles/fp_msgs__rosidl_typesupport_fastrtps_c.dir/build.make CMakeFiles/fp_msgs__rosidl_typesupport_fastrtps_c.dir/build
[1.522s] make[2]: Entering directory '/home/peter/Documents/EENG_519/Final_Project/src/matlab_msg_gen/glnxa64/build/fp_msgs'
[1.522s] make[2]: Nothing to be done for 'CMakeFiles/fp_msgs__rosidl_typesupport_fastrtps_c.dir/build'.
[1.522s] make[2]: Leaving directory '/home/peter/Documents/EENG_519/Final_Project/src/matlab_msg_gen/glnxa64/build/fp_msgs'
[1.536s] [ 69%] Built target fp_msgs__rosidl_typesupport_fastrtps_c
[1.537s] /usr/bin/make  -f CMakeFiles/fp_msgs.dir/build.make CMakeFiles/fp_msgs.dir/depend
[1.538s] make[2]: Entering directory '/home/peter/Documents/EENG_519/Final_Project/src/matlab_msg_gen/glnxa64/build/fp_msgs'
[1.538s] cd /home/peter/Documents/EENG_519/Final_Project/src/matlab_msg_gen/glnxa64/build/fp_msgs && /usr/bin/cmake -E cmake_depends "Unix Makefiles" /home/peter/Documents/EENG_519/Final_Project/src/matlab_msg_gen/glnxa64/src/fp_msgs /home/peter/Documents/EENG_519/Final_Project/src/matlab_msg_gen/glnxa64/src/fp_msgs /home/peter/Documents/EENG_519/Final_Project/src/matlab_msg_gen/glnxa64/build/fp_msgs /home/peter/Documents/EENG_519/Final_Project/src/matlab_msg_gen/glnxa64/build/fp_msgs /home/peter/Documents/EENG_519/Final_Project/src/matlab_msg_gen/glnxa64/build/fp_msgs/CMakeFiles/fp_msgs.dir/DependInfo.cmake --color=
[1.555s] make[2]: Leaving directory '/home/peter/Documents/EENG_519/Final_Project/src/matlab_msg_gen/glnxa64/build/fp_msgs'
[1.555s] /usr/bin/make  -f CMakeFiles/fp_msgs.dir/build.make CMakeFiles/fp_msgs.dir/build
[1.555s] make[2]: Entering directory '/home/peter/Documents/EENG_519/Final_Project/src/matlab_msg_gen/glnxa64/build/fp_msgs'
[1.556s] make[2]: Nothing to be done for 'CMakeFiles/fp_msgs.dir/build'.
[1.556s] make[2]: Leaving directory '/home/peter/Documents/EENG_519/Final_Project/src/matlab_msg_gen/glnxa64/build/fp_msgs'
[1.569s] [ 69%] Built target fp_msgs
[1.570s] /usr/bin/make  -f fp_msgs__py/CMakeFiles/fp_msgs__py.dir/build.make fp_msgs__py/CMakeFiles/fp_msgs__py.dir/depend
[1.570s] /usr/bin/make  -f CMakeFiles/fp_msgs_matlab.dir/build.make CMakeFiles/fp_msgs_matlab.dir/depend
[1.571s] make[2]: Entering directory '/home/peter/Documents/EENG_519/Final_Project/src/matlab_msg_gen/glnxa64/build/fp_msgs'
[1.571s] cd /home/peter/Documents/EENG_519/Final_Project/src/matlab_msg_gen/glnxa64/build/fp_msgs && /usr/bin/cmake -E cmake_depends "Unix Makefiles" /home/peter/Documents/EENG_519/Final_Project/src/matlab_msg_gen/glnxa64/src/fp_msgs /home/peter/Documents/EENG_519/Final_Project/src/matlab_msg_gen/glnxa64/build/fp_msgs/fp_msgs__py /home/peter/Documents/EENG_519/Final_Project/src/matlab_msg_gen/glnxa64/build/fp_msgs /home/peter/Documents/EENG_519/Final_Project/src/matlab_msg_gen/glnxa64/build/fp_msgs/fp_msgs__py /home/peter/Documents/EENG_519/Final_Project/src/matlab_msg_gen/glnxa64/build/fp_msgs/fp_msgs__py/CMakeFiles/fp_msgs__py.dir/DependInfo.cmake --color=
[1.572s] make[2]: Entering directory '/home/peter/Documents/EENG_519/Final_Project/src/matlab_msg_gen/glnxa64/build/fp_msgs'
[1.572s] cd /home/peter/Documents/EENG_519/Final_Project/src/matlab_msg_gen/glnxa64/build/fp_msgs && /usr/bin/cmake -E cmake_depends "Unix Makefiles" /home/peter/Documents/EENG_519/Final_Project/src/matlab_msg_gen/glnxa64/src/fp_msgs /home/peter/Documents/EENG_519/Final_Project/src/matlab_msg_gen/glnxa64/src/fp_msgs /home/peter/Documents/EENG_519/Final_Project/src/matlab_msg_gen/glnxa64/build/fp_msgs /home/peter/Documents/EENG_519/Final_Project/src/matlab_msg_gen/glnxa64/build/fp_msgs /home/peter/Documents/EENG_519/Final_Project/src/matlab_msg_gen/glnxa64/build/fp_msgs/CMakeFiles/fp_msgs_matlab.dir/DependInfo.cmake --color=
[1.584s] [35m[1mConsolidate compiler generated dependencies of target fp_msgs_matlab[0m
[1.584s] make[2]: Leaving directory '/home/peter/Documents/EENG_519/Final_Project/src/matlab_msg_gen/glnxa64/build/fp_msgs'
[1.584s] /usr/bin/make  -f fp_msgs__py/CMakeFiles/fp_msgs__py.dir/build.make fp_msgs__py/CMakeFiles/fp_msgs__py.dir/build
[1.587s] make[2]: Entering directory '/home/peter/Documents/EENG_519/Final_Project/src/matlab_msg_gen/glnxa64/build/fp_msgs'
[1.587s] make[2]: Nothing to be done for 'fp_msgs__py/CMakeFiles/fp_msgs__py.dir/build'.
[1.587s] make[2]: Leaving directory '/home/peter/Documents/EENG_519/Final_Project/src/matlab_msg_gen/glnxa64/build/fp_msgs'
[1.591s] make[2]: Leaving directory '/home/peter/Documents/EENG_519/Final_Project/src/matlab_msg_gen/glnxa64/build/fp_msgs'
[1.591s] /usr/bin/make  -f CMakeFiles/fp_msgs_matlab.dir/build.make CMakeFiles/fp_msgs_matlab.dir/build
[1.596s] make[2]: Entering directory '/home/peter/Documents/EENG_519/Final_Project/src/matlab_msg_gen/glnxa64/build/fp_msgs'
[1.596s] make[2]: Nothing to be done for 'CMakeFiles/fp_msgs_matlab.dir/build'.
[1.596s] make[2]: Leaving directory '/home/peter/Documents/EENG_519/Final_Project/src/matlab_msg_gen/glnxa64/build/fp_msgs'
[1.600s] [ 71%] Built target fp_msgs__py
[1.602s] /usr/bin/make  -f CMakeFiles/fp_msgs__python.dir/build.make CMakeFiles/fp_msgs__python.dir/depend
[1.603s] make[2]: Entering directory '/home/peter/Documents/EENG_519/Final_Project/src/matlab_msg_gen/glnxa64/build/fp_msgs'
[1.604s] cd /home/peter/Documents/EENG_519/Final_Project/src/matlab_msg_gen/glnxa64/build/fp_msgs && /usr/bin/cmake -E cmake_depends "Unix Makefiles" /home/peter/Documents/EENG_519/Final_Project/src/matlab_msg_gen/glnxa64/src/fp_msgs /home/peter/Documents/EENG_519/Final_Project/src/matlab_msg_gen/glnxa64/src/fp_msgs /home/peter/Documents/EENG_519/Final_Project/src/matlab_msg_gen/glnxa64/build/fp_msgs /home/peter/Documents/EENG_519/Final_Project/src/matlab_msg_gen/glnxa64/build/fp_msgs /home/peter/Documents/EENG_519/Final_Project/src/matlab_msg_gen/glnxa64/build/fp_msgs/CMakeFiles/fp_msgs__python.dir/DependInfo.cmake --color=
[1.610s] [ 78%] Built target fp_msgs_matlab
[1.617s] [35m[1mConsolidate compiler generated dependencies of target fp_msgs__python[0m
[1.621s] make[2]: Leaving directory '/home/peter/Documents/EENG_519/Final_Project/src/matlab_msg_gen/glnxa64/build/fp_msgs'
[1.622s] /usr/bin/make  -f CMakeFiles/fp_msgs__python.dir/build.make CMakeFiles/fp_msgs__python.dir/build
[1.624s] make[2]: Entering directory '/home/peter/Documents/EENG_519/Final_Project/src/matlab_msg_gen/glnxa64/build/fp_msgs'
[1.624s] make[2]: Nothing to be done for 'CMakeFiles/fp_msgs__python.dir/build'.
[1.624s] make[2]: Leaving directory '/home/peter/Documents/EENG_519/Final_Project/src/matlab_msg_gen/glnxa64/build/fp_msgs'
[1.636s] [ 85%] Built target fp_msgs__python
[1.637s] /usr/bin/make  -f CMakeFiles/fp_msgs__rosidl_typesupport_fastrtps_c__pyext.dir/build.make CMakeFiles/fp_msgs__rosidl_typesupport_fastrtps_c__pyext.dir/depend
[1.637s] /usr/bin/make  -f CMakeFiles/fp_msgs__rosidl_typesupport_introspection_c__pyext.dir/build.make CMakeFiles/fp_msgs__rosidl_typesupport_introspection_c__pyext.dir/depend
[1.638s] /usr/bin/make  -f CMakeFiles/fp_msgs__rosidl_typesupport_c__pyext.dir/build.make CMakeFiles/fp_msgs__rosidl_typesupport_c__pyext.dir/depend
[1.638s] make[2]: Entering directory '/home/peter/Documents/EENG_519/Final_Project/src/matlab_msg_gen/glnxa64/build/fp_msgs'
[1.639s] cd /home/peter/Documents/EENG_519/Final_Project/src/matlab_msg_gen/glnxa64/build/fp_msgs && /usr/bin/cmake -E cmake_depends "Unix Makefiles" /home/peter/Documents/EENG_519/Final_Project/src/matlab_msg_gen/glnxa64/src/fp_msgs /home/peter/Documents/EENG_519/Final_Project/src/matlab_msg_gen/glnxa64/src/fp_msgs /home/peter/Documents/EENG_519/Final_Project/src/matlab_msg_gen/glnxa64/build/fp_msgs /home/peter/Documents/EENG_519/Final_Project/src/matlab_msg_gen/glnxa64/build/fp_msgs /home/peter/Documents/EENG_519/Final_Project/src/matlab_msg_gen/glnxa64/build/fp_msgs/CMakeFiles/fp_msgs__rosidl_typesupport_fastrtps_c__pyext.dir/DependInfo.cmake --color=
[1.639s] make[2]: Entering directory '/home/peter/Documents/EENG_519/Final_Project/src/matlab_msg_gen/glnxa64/build/fp_msgs'
[1.639s] cd /home/peter/Documents/EENG_519/Final_Project/src/matlab_msg_gen/glnxa64/build/fp_msgs && /usr/bin/cmake -E cmake_depends "Unix Makefiles" /home/peter/Documents/EENG_519/Final_Project/src/matlab_msg_gen/glnxa64/src/fp_msgs /home/peter/Documents/EENG_519/Final_Project/src/matlab_msg_gen/glnxa64/src/fp_msgs /home/peter/Documents/EENG_519/Final_Project/src/matlab_msg_gen/glnxa64/build/fp_msgs /home/peter/Documents/EENG_519/Final_Project/src/matlab_msg_gen/glnxa64/build/fp_msgs /home/peter/Documents/EENG_519/Final_Project/src/matlab_msg_gen/glnxa64/build/fp_msgs/CMakeFiles/fp_msgs__rosidl_typesupport_c__pyext.dir/DependInfo.cmake --color=
[1.639s] make[2]: Entering directory '/home/peter/Documents/EENG_519/Final_Project/src/matlab_msg_gen/glnxa64/build/fp_msgs'
[1.639s] cd /home/peter/Documents/EENG_519/Final_Project/src/matlab_msg_gen/glnxa64/build/fp_msgs && /usr/bin/cmake -E cmake_depends "Unix Makefiles" /home/peter/Documents/EENG_519/Final_Project/src/matlab_msg_gen/glnxa64/src/fp_msgs /home/peter/Documents/EENG_519/Final_Project/src/matlab_msg_gen/glnxa64/src/fp_msgs /home/peter/Documents/EENG_519/Final_Project/src/matlab_msg_gen/glnxa64/build/fp_msgs /home/peter/Documents/EENG_519/Final_Project/src/matlab_msg_gen/glnxa64/build/fp_msgs /home/peter/Documents/EENG_519/Final_Project/src/matlab_msg_gen/glnxa64/build/fp_msgs/CMakeFiles/fp_msgs__rosidl_typesupport_introspection_c__pyext.dir/DependInfo.cmake --color=
[1.652s] [35m[1mConsolidate compiler generated dependencies of target fp_msgs__rosidl_typesupport_introspection_c__pyext[0m
[1.652s] [35m[1mConsolidate compiler generated dependencies of target fp_msgs__rosidl_typesupport_fastrtps_c__pyext[0m
[1.652s] [35m[1mConsolidate compiler generated dependencies of target fp_msgs__rosidl_typesupport_c__pyext[0m
[1.656s] make[2]: Leaving directory '/home/peter/Documents/EENG_519/Final_Project/src/matlab_msg_gen/glnxa64/build/fp_msgs'
[1.656s] make[2]: Leaving directory '/home/peter/Documents/EENG_519/Final_Project/src/matlab_msg_gen/glnxa64/build/fp_msgs'
[1.656s] make[2]: Leaving directory '/home/peter/Documents/EENG_519/Final_Project/src/matlab_msg_gen/glnxa64/build/fp_msgs'
[1.656s] /usr/bin/make  -f CMakeFiles/fp_msgs__rosidl_typesupport_fastrtps_c__pyext.dir/build.make CMakeFiles/fp_msgs__rosidl_typesupport_fastrtps_c__pyext.dir/build
[1.656s] /usr/bin/make  -f CMakeFiles/fp_msgs__rosidl_typesupport_introspection_c__pyext.dir/build.make CMakeFiles/fp_msgs__rosidl_typesupport_introspection_c__pyext.dir/build
[1.656s] /usr/bin/make  -f CMakeFiles/fp_msgs__rosidl_typesupport_c__pyext.dir/build.make CMakeFiles/fp_msgs__rosidl_typesupport_c__pyext.dir/build
[1.657s] make[2]: Entering directory '/home/peter/Documents/EENG_519/Final_Project/src/matlab_msg_gen/glnxa64/build/fp_msgs'
[1.657s] make[2]: Nothing to be done for 'CMakeFiles/fp_msgs__rosidl_typesupport_introspection_c__pyext.dir/build'.
[1.658s] make[2]: Leaving directory '/home/peter/Documents/EENG_519/Final_Project/src/matlab_msg_gen/glnxa64/build/fp_msgs'
[1.658s] make[2]: Entering directory '/home/peter/Documents/EENG_519/Final_Project/src/matlab_msg_gen/glnxa64/build/fp_msgs'
[1.658s] make[2]: Nothing to be done for 'CMakeFiles/fp_msgs__rosidl_typesupport_fastrtps_c__pyext.dir/build'.
[1.658s] make[2]: Leaving directory '/home/peter/Documents/EENG_519/Final_Project/src/matlab_msg_gen/glnxa64/build/fp_msgs'
[1.658s] make[2]: Entering directory '/home/peter/Documents/EENG_519/Final_Project/src/matlab_msg_gen/glnxa64/build/fp_msgs'
[1.658s] make[2]: Nothing to be done for 'CMakeFiles/fp_msgs__rosidl_typesupport_c__pyext.dir/build'.
[1.658s] make[2]: Leaving directory '/home/peter/Documents/EENG_519/Final_Project/src/matlab_msg_gen/glnxa64/build/fp_msgs'
[1.669s] [100%] Built target fp_msgs__rosidl_typesupport_c__pyext
[1.670s] [100%] Built target fp_msgs__rosidl_typesupport_introspection_c__pyext
[1.670s] [100%] Built target fp_msgs__rosidl_typesupport_fastrtps_c__pyext
[1.670s] make[1]: Leaving directory '/home/peter/Documents/EENG_519/Final_Project/src/matlab_msg_gen/glnxa64/build/fp_msgs'
[1.670s] /usr/bin/cmake -E cmake_progress_start /home/peter/Documents/EENG_519/Final_Project/src/matlab_msg_gen/glnxa64/build/fp_msgs/CMakeFiles 0
[1.688s] Invoked command in '/home/peter/Documents/EENG_519/Final_Project/src/matlab_msg_gen/glnxa64/build/fp_msgs' returned '0': PS1=(venv) /usr/bin/cmake --build /home/peter/Documents/EENG_519/Final_Project/src/matlab_msg_gen/glnxa64/build/fp_msgs -- -j16 -l16
[1.764s] Invoking command in '/home/peter/Documents/EENG_519/Final_Project/src/matlab_msg_gen/glnxa64/build/fp_msgs': PS1=(venv) /usr/bin/cmake --install /home/peter/Documents/EENG_519/Final_Project/src/matlab_msg_gen/glnxa64/build/fp_msgs
[1.781s] -- Install configuration: "Release"
[1.781s] -- Up-to-date: /home/peter/Documents/EENG_519/Final_Project/src/matlab_msg_gen/glnxa64/install/share/ament_index/resource_index/rosidl_interfaces/fp_msgs
[1.781s] -- Up-to-date: /home/peter/Documents/EENG_519/Final_Project/src/matlab_msg_gen/glnxa64/install/include/fp_msgs
[1.781s] -- Up-to-date: /home/peter/Documents/EENG_519/Final_Project/src/matlab_msg_gen/glnxa64/install/include/fp_msgs/msg
[1.782s] -- Up-to-date: /home/peter/Documents/EENG_519/Final_Project/src/matlab_msg_gen/glnxa64/install/include/fp_msgs/msg/point_rpy.h
[1.782s] -- Up-to-date: /home/peter/Documents/EENG_519/Final_Project/src/matlab_msg_gen/glnxa64/install/include/fp_msgs/msg/sigma_id.h
[1.782s] -- Up-to-date: /home/peter/Documents/EENG_519/Final_Project/src/matlab_msg_gen/glnxa64/install/include/fp_msgs/msg/detail
[1.782s] -- Up-to-date: /home/peter/Documents/EENG_519/Final_Project/src/matlab_msg_gen/glnxa64/install/include/fp_msgs/msg/detail/sigma_id__type_support.h
[1.782s] -- Up-to-date: /home/peter/Documents/EENG_519/Final_Project/src/matlab_msg_gen/glnxa64/install/include/fp_msgs/msg/detail/sigma_id__functions.c
[1.782s] -- Up-to-date: /home/peter/Documents/EENG_519/Final_Project/src/matlab_msg_gen/glnxa64/install/include/fp_msgs/msg/detail/sigma_id__struct.h
[1.782s] -- Up-to-date: /home/peter/Documents/EENG_519/Final_Project/src/matlab_msg_gen/glnxa64/install/include/fp_msgs/msg/detail/sigma_id__functions.h
[1.782s] -- Up-to-date: /home/peter/Documents/EENG_519/Final_Project/src/matlab_msg_gen/glnxa64/install/include/fp_msgs/msg/detail/point_rpy__functions.h
[1.782s] -- Up-to-date: /home/peter/Documents/EENG_519/Final_Project/src/matlab_msg_gen/glnxa64/install/include/fp_msgs/msg/detail/point_rpy__functions.c
[1.782s] -- Up-to-date: /home/peter/Documents/EENG_519/Final_Project/src/matlab_msg_gen/glnxa64/install/include/fp_msgs/msg/detail/point_rpy__type_support.h
[1.783s] -- Up-to-date: /home/peter/Documents/EENG_519/Final_Project/src/matlab_msg_gen/glnxa64/install/include/fp_msgs/msg/detail/point_rpy__struct.h
[1.783s] -- Up-to-date: /home/peter/Documents/EENG_519/Final_Project/src/matlab_msg_gen/glnxa64/install/include/fp_msgs/msg/rosidl_generator_c__visibility_control.h
[1.783s] -- Up-to-date: /home/peter/Documents/EENG_519/Final_Project/src/matlab_msg_gen/glnxa64/install/share/fp_msgs/environment/library_path.sh
[1.783s] -- Installing: /home/peter/Documents/EENG_519/Final_Project/src/matlab_msg_gen/glnxa64/install/share/fp_msgs/environment/library_path.dsv
[1.783s] -- Up-to-date: /home/peter/Documents/EENG_519/Final_Project/src/matlab_msg_gen/glnxa64/install/lib/libfp_msgs__rosidl_generator_c.so
[1.783s] -- Up-to-date: /home/peter/Documents/EENG_519/Final_Project/src/matlab_msg_gen/glnxa64/install/include/fp_msgs
[1.783s] -- Up-to-date: /home/peter/Documents/EENG_519/Final_Project/src/matlab_msg_gen/glnxa64/install/include/fp_msgs/msg
[1.783s] -- Up-to-date: /home/peter/Documents/EENG_519/Final_Project/src/matlab_msg_gen/glnxa64/install/include/fp_msgs/msg/detail
[1.783s] -- Up-to-date: /home/peter/Documents/EENG_519/Final_Project/src/matlab_msg_gen/glnxa64/install/include/fp_msgs/msg/detail/point_rpy__rosidl_typesupport_fastrtps_c.h
[1.783s] -- Up-to-date: /home/peter/Documents/EENG_519/Final_Project/src/matlab_msg_gen/glnxa64/install/include/fp_msgs/msg/detail/sigma_id__rosidl_typesupport_fastrtps_c.h
[1.783s] -- Up-to-date: /home/peter/Documents/EENG_519/Final_Project/src/matlab_msg_gen/glnxa64/install/include/fp_msgs/msg/rosidl_typesupport_fastrtps_c__visibility_control.h
[1.783s] -- Up-to-date: /home/peter/Documents/EENG_519/Final_Project/src/matlab_msg_gen/glnxa64/install/lib/libfp_msgs__rosidl_typesupport_fastrtps_c.so
[1.784s] -- Up-to-date: /home/peter/Documents/EENG_519/Final_Project/src/matlab_msg_gen/glnxa64/install/include/fp_msgs
[1.784s] -- Up-to-date: /home/peter/Documents/EENG_519/Final_Project/src/matlab_msg_gen/glnxa64/install/include/fp_msgs/msg
[1.784s] -- Up-to-date: /home/peter/Documents/EENG_519/Final_Project/src/matlab_msg_gen/glnxa64/install/include/fp_msgs/msg/detail
[1.784s] -- Up-to-date: /home/peter/Documents/EENG_519/Final_Project/src/matlab_msg_gen/glnxa64/install/include/fp_msgs/msg/detail/point_rpy__rosidl_typesupport_fastrtps_cpp.hpp
[1.784s] -- Up-to-date: /home/peter/Documents/EENG_519/Final_Project/src/matlab_msg_gen/glnxa64/install/include/fp_msgs/msg/detail/sigma_id__rosidl_typesupport_fastrtps_cpp.hpp
[1.784s] -- Up-to-date: /home/peter/Documents/EENG_519/Final_Project/src/matlab_msg_gen/glnxa64/install/include/fp_msgs/msg/detail/dds_fastrtps
[1.784s] -- Up-to-date: /home/peter/Documents/EENG_519/Final_Project/src/matlab_msg_gen/glnxa64/install/include/fp_msgs/msg/rosidl_typesupport_fastrtps_cpp__visibility_control.h
[1.784s] -- Up-to-date: /home/peter/Documents/EENG_519/Final_Project/src/matlab_msg_gen/glnxa64/install/lib/libfp_msgs__rosidl_typesupport_fastrtps_cpp.so
[1.784s] -- Up-to-date: /home/peter/Documents/EENG_519/Final_Project/src/matlab_msg_gen/glnxa64/install/include/fp_msgs
[1.784s] -- Up-to-date: /home/peter/Documents/EENG_519/Final_Project/src/matlab_msg_gen/glnxa64/install/include/fp_msgs/msg
[1.784s] -- Up-to-date: /home/peter/Documents/EENG_519/Final_Project/src/matlab_msg_gen/glnxa64/install/include/fp_msgs/msg/rosidl_typesupport_introspection_c__visibility_control.h
[1.784s] -- Up-to-date: /home/peter/Documents/EENG_519/Final_Project/src/matlab_msg_gen/glnxa64/install/include/fp_msgs/msg/detail
[1.784s] -- Up-to-date: /home/peter/Documents/EENG_519/Final_Project/src/matlab_msg_gen/glnxa64/install/include/fp_msgs/msg/detail/point_rpy__type_support.c
[1.784s] -- Up-to-date: /home/peter/Documents/EENG_519/Final_Project/src/matlab_msg_gen/glnxa64/install/include/fp_msgs/msg/detail/point_rpy__rosidl_typesupport_introspection_c.h
[1.784s] -- Up-to-date: /home/peter/Documents/EENG_519/Final_Project/src/matlab_msg_gen/glnxa64/install/include/fp_msgs/msg/detail/sigma_id__type_support.c
[1.784s] -- Up-to-date: /home/peter/Documents/EENG_519/Final_Project/src/matlab_msg_gen/glnxa64/install/include/fp_msgs/msg/detail/sigma_id__rosidl_typesupport_introspection_c.h
[1.784s] -- Up-to-date: /home/peter/Documents/EENG_519/Final_Project/src/matlab_msg_gen/glnxa64/install/lib/libfp_msgs__rosidl_typesupport_introspection_c.so
[1.784s] -- Up-to-date: /home/peter/Documents/EENG_519/Final_Project/src/matlab_msg_gen/glnxa64/install/lib/libfp_msgs__rosidl_typesupport_c.so
[1.784s] -- Up-to-date: /home/peter/Documents/EENG_519/Final_Project/src/matlab_msg_gen/glnxa64/install/include/fp_msgs
[1.785s] -- Up-to-date: /home/peter/Documents/EENG_519/Final_Project/src/matlab_msg_gen/glnxa64/install/include/fp_msgs/msg
[1.785s] -- Up-to-date: /home/peter/Documents/EENG_519/Final_Project/src/matlab_msg_gen/glnxa64/install/include/fp_msgs/msg/sigma_id.hpp
[1.785s] -- Up-to-date: /home/peter/Documents/EENG_519/Final_Project/src/matlab_msg_gen/glnxa64/install/include/fp_msgs/msg/detail
[1.785s] -- Up-to-date: /home/peter/Documents/EENG_519/Final_Project/src/matlab_msg_gen/glnxa64/install/include/fp_msgs/msg/detail/point_rpy__struct.hpp
[1.785s] -- Up-to-date: /home/peter/Documents/EENG_519/Final_Project/src/matlab_msg_gen/glnxa64/install/include/fp_msgs/msg/detail/point_rpy__builder.hpp
[1.785s] -- Up-to-date: /home/peter/Documents/EENG_519/Final_Project/src/matlab_msg_gen/glnxa64/install/include/fp_msgs/msg/detail/point_rpy__traits.hpp
[1.785s] -- Up-to-date: /home/peter/Documents/EENG_519/Final_Project/src/matlab_msg_gen/glnxa64/install/include/fp_msgs/msg/detail/sigma_id__builder.hpp
[1.785s] -- Up-to-date: /home/peter/Documents/EENG_519/Final_Project/src/matlab_msg_gen/glnxa64/install/include/fp_msgs/msg/detail/sigma_id__struct.hpp
[1.785s] -- Up-to-date: /home/peter/Documents/EENG_519/Final_Project/src/matlab_msg_gen/glnxa64/install/include/fp_msgs/msg/detail/sigma_id__traits.hpp
[1.785s] -- Up-to-date: /home/peter/Documents/EENG_519/Final_Project/src/matlab_msg_gen/glnxa64/install/include/fp_msgs/msg/point_rpy.hpp
[1.785s] -- Up-to-date: /home/peter/Documents/EENG_519/Final_Project/src/matlab_msg_gen/glnxa64/install/include/fp_msgs
[1.785s] -- Up-to-date: /home/peter/Documents/EENG_519/Final_Project/src/matlab_msg_gen/glnxa64/install/include/fp_msgs/msg
[1.785s] -- Up-to-date: /home/peter/Documents/EENG_519/Final_Project/src/matlab_msg_gen/glnxa64/install/include/fp_msgs/msg/detail
[1.785s] -- Up-to-date: /home/peter/Documents/EENG_519/Final_Project/src/matlab_msg_gen/glnxa64/install/include/fp_msgs/msg/detail/sigma_id__rosidl_typesupport_introspection_cpp.hpp
[1.785s] -- Up-to-date: /home/peter/Documents/EENG_519/Final_Project/src/matlab_msg_gen/glnxa64/install/include/fp_msgs/msg/detail/point_rpy__type_support.cpp
[1.785s] -- Up-to-date: /home/peter/Documents/EENG_519/Final_Project/src/matlab_msg_gen/glnxa64/install/include/fp_msgs/msg/detail/sigma_id__type_support.cpp
[1.785s] -- Up-to-date: /home/peter/Documents/EENG_519/Final_Project/src/matlab_msg_gen/glnxa64/install/include/fp_msgs/msg/detail/point_rpy__rosidl_typesupport_introspection_cpp.hpp
[1.785s] -- Up-to-date: /home/peter/Documents/EENG_519/Final_Project/src/matlab_msg_gen/glnxa64/install/lib/libfp_msgs__rosidl_typesupport_introspection_cpp.so
[1.786s] -- Up-to-date: /home/peter/Documents/EENG_519/Final_Project/src/matlab_msg_gen/glnxa64/install/lib/libfp_msgs__rosidl_typesupport_cpp.so
[1.786s] -- Up-to-date: /home/peter/Documents/EENG_519/Final_Project/src/matlab_msg_gen/glnxa64/install/share/fp_msgs/environment/pythonpath.sh
[1.786s] -- Installing: /home/peter/Documents/EENG_519/Final_Project/src/matlab_msg_gen/glnxa64/install/share/fp_msgs/environment/pythonpath.dsv
[1.786s] -- Installing: /home/peter/Documents/EENG_519/Final_Project/src/matlab_msg_gen/glnxa64/install/lib/python3.9/site-packages/fp_msgs/__init__.py
[1.822s] Compiling '/home/peter/Documents/EENG_519/Final_Project/src/matlab_msg_gen/glnxa64/install/lib/python3.9/site-packages/fp_msgs/__init__.py'...
[1.831s] -- Up-to-date: /home/peter/Documents/EENG_519/Final_Project/src/matlab_msg_gen/glnxa64/install/lib/python3.9/site-packages/fp_msgs/msg
[1.831s] -- Up-to-date: /home/peter/Documents/EENG_519/Final_Project/src/matlab_msg_gen/glnxa64/install/lib/python3.9/site-packages/fp_msgs/msg/__init__.py
[1.831s] -- Up-to-date: /home/peter/Documents/EENG_519/Final_Project/src/matlab_msg_gen/glnxa64/install/lib/python3.9/site-packages/fp_msgs/msg/_point_rpy.py
[1.832s] -- Up-to-date: /home/peter/Documents/EENG_519/Final_Project/src/matlab_msg_gen/glnxa64/install/lib/python3.9/site-packages/fp_msgs/msg/_sigma_id.py
[1.832s] -- Up-to-date: /home/peter/Documents/EENG_519/Final_Project/src/matlab_msg_gen/glnxa64/install/lib/python3.9/site-packages/fp_msgs/msg/_sigma_id_s.c
[1.832s] -- Up-to-date: /home/peter/Documents/EENG_519/Final_Project/src/matlab_msg_gen/glnxa64/install/lib/python3.9/site-packages/fp_msgs/msg/_point_rpy_s.c
[1.832s] -- Up-to-date: /home/peter/Documents/EENG_519/Final_Project/src/matlab_msg_gen/glnxa64/install/lib/python3.9/site-packages/fp_msgs/fp_msgs_s__rosidl_typesupport_fastrtps_c.cpython-39-x86_64-linux-gnu.so
[1.832s] -- Up-to-date: /home/peter/Documents/EENG_519/Final_Project/src/matlab_msg_gen/glnxa64/install/lib/python3.9/site-packages/fp_msgs/fp_msgs_s__rosidl_typesupport_introspection_c.cpython-39-x86_64-linux-gnu.so
[1.832s] -- Up-to-date: /home/peter/Documents/EENG_519/Final_Project/src/matlab_msg_gen/glnxa64/install/lib/python3.9/site-packages/fp_msgs/fp_msgs_s__rosidl_typesupport_c.cpython-39-x86_64-linux-gnu.so
[1.832s] -- Up-to-date: /home/peter/Documents/EENG_519/Final_Project/src/matlab_msg_gen/glnxa64/install/lib/libfp_msgs__python.so
[1.832s] -- Up-to-date: /home/peter/Documents/EENG_519/Final_Project/src/matlab_msg_gen/glnxa64/install/share/fp_msgs/msg/PointRPY.idl
[1.832s] -- Up-to-date: /home/peter/Documents/EENG_519/Final_Project/src/matlab_msg_gen/glnxa64/install/share/fp_msgs/msg/SigmaID.idl
[1.833s] -- Up-to-date: /home/peter/Documents/EENG_519/Final_Project/src/matlab_msg_gen/glnxa64/install/share/fp_msgs/msg/PointRPY.msg
[1.833s] -- Up-to-date: /home/peter/Documents/EENG_519/Final_Project/src/matlab_msg_gen/glnxa64/install/share/fp_msgs/msg/SigmaID.msg
[1.833s] -- Up-to-date: /home/peter/Documents/EENG_519/Final_Project/src/matlab_msg_gen/glnxa64/install/include
[1.833s] -- Up-to-date: /home/peter/Documents/EENG_519/Final_Project/src/matlab_msg_gen/glnxa64/install/include/fp_msgs
[1.833s] -- Up-to-date: /home/peter/Documents/EENG_519/Final_Project/src/matlab_msg_gen/glnxa64/install/include/fp_msgs/visibility_control.h
[1.833s] -- Up-to-date: /home/peter/Documents/EENG_519/Final_Project/src/matlab_msg_gen/glnxa64/install/lib/libfp_msgs_matlab.so
[1.833s] -- Up-to-date: /home/peter/Documents/EENG_519/Final_Project/src/matlab_msg_gen/glnxa64/install/m/
[1.833s] -- Up-to-date: /home/peter/Documents/EENG_519/Final_Project/src/matlab_msg_gen/glnxa64/install/m//+ros
[1.833s] -- Up-to-date: /home/peter/Documents/EENG_519/Final_Project/src/matlab_msg_gen/glnxa64/install/m//+ros/+internal
[1.834s] -- Up-to-date: /home/peter/Documents/EENG_519/Final_Project/src/matlab_msg_gen/glnxa64/install/m//+ros/+internal/+ros2
[1.834s] -- Up-to-date: /home/peter/Documents/EENG_519/Final_Project/src/matlab_msg_gen/glnxa64/install/m//+ros/+internal/+ros2/+custommessages
[1.834s] -- Up-to-date: /home/peter/Documents/EENG_519/Final_Project/src/matlab_msg_gen/glnxa64/install/m//+ros/+internal/+ros2/+custommessages/+fp_msgs
[1.834s] -- Up-to-date: /home/peter/Documents/EENG_519/Final_Project/src/matlab_msg_gen/glnxa64/install/m//+ros/+internal/+ros2/+custommessages/+fp_msgs/fp_msgs_msg_PointRPY_2To1_Converter.m
[1.834s] -- Up-to-date: /home/peter/Documents/EENG_519/Final_Project/src/matlab_msg_gen/glnxa64/install/m//+ros/+internal/+ros2/+custommessages/+fp_msgs/fp_msgs_msg_SigmaID_1To2_Converter.m
[1.834s] -- Up-to-date: /home/peter/Documents/EENG_519/Final_Project/src/matlab_msg_gen/glnxa64/install/m//+ros/+internal/+ros2/+custommessages/+fp_msgs/pointRPY.m
[1.834s] -- Up-to-date: /home/peter/Documents/EENG_519/Final_Project/src/matlab_msg_gen/glnxa64/install/m//+ros/+internal/+ros2/+custommessages/+fp_msgs/fp_msgs_msg_PointRPY_1To2_Converter.m
[1.835s] -- Up-to-date: /home/peter/Documents/EENG_519/Final_Project/src/matlab_msg_gen/glnxa64/install/m//+ros/+internal/+ros2/+custommessages/+fp_msgs/fp_msgs_msg_SigmaID_2To1_Converter.m
[1.835s] -- Up-to-date: /home/peter/Documents/EENG_519/Final_Project/src/matlab_msg_gen/glnxa64/install/m//+ros/+internal/+ros2/+custommessages/+fp_msgs/sigmaID.m
[1.835s] -- Up-to-date: /home/peter/Documents/EENG_519/Final_Project/src/matlab_msg_gen/glnxa64/install/share/ament_index/resource_index/package_run_dependencies/fp_msgs
[1.835s] -- Up-to-date: /home/peter/Documents/EENG_519/Final_Project/src/matlab_msg_gen/glnxa64/install/share/ament_index/resource_index/parent_prefix_path/fp_msgs
[1.835s] -- Up-to-date: /home/peter/Documents/EENG_519/Final_Project/src/matlab_msg_gen/glnxa64/install/share/fp_msgs/environment/ament_prefix_path.sh
[1.835s] -- Installing: /home/peter/Documents/EENG_519/Final_Project/src/matlab_msg_gen/glnxa64/install/share/fp_msgs/environment/ament_prefix_path.dsv
[1.835s] -- Up-to-date: /home/peter/Documents/EENG_519/Final_Project/src/matlab_msg_gen/glnxa64/install/share/fp_msgs/environment/path.sh
[1.835s] -- Installing: /home/peter/Documents/EENG_519/Final_Project/src/matlab_msg_gen/glnxa64/install/share/fp_msgs/environment/path.dsv
[1.835s] -- Up-to-date: /home/peter/Documents/EENG_519/Final_Project/src/matlab_msg_gen/glnxa64/install/share/fp_msgs/local_setup.bash
[1.836s] -- Up-to-date: /home/peter/Documents/EENG_519/Final_Project/src/matlab_msg_gen/glnxa64/install/share/fp_msgs/local_setup.sh
[1.836s] -- Up-to-date: /home/peter/Documents/EENG_519/Final_Project/src/matlab_msg_gen/glnxa64/install/share/fp_msgs/local_setup.zsh
[1.836s] -- Installing: /home/peter/Documents/EENG_519/Final_Project/src/matlab_msg_gen/glnxa64/install/share/fp_msgs/local_setup.dsv
[1.836s] -- Installing: /home/peter/Documents/EENG_519/Final_Project/src/matlab_msg_gen/glnxa64/install/share/fp_msgs/package.dsv
[1.836s] -- Up-to-date: /home/peter/Documents/EENG_519/Final_Project/src/matlab_msg_gen/glnxa64/install/share/ament_index/resource_index/packages/fp_msgs
[1.836s] -- Up-to-date: /home/peter/Documents/EENG_519/Final_Project/src/matlab_msg_gen/glnxa64/install/share/fp_msgs/cmake/fp_msgs__rosidl_generator_cExport.cmake
[1.836s] -- Up-to-date: /home/peter/Documents/EENG_519/Final_Project/src/matlab_msg_gen/glnxa64/install/share/fp_msgs/cmake/fp_msgs__rosidl_generator_cExport-release.cmake
[1.836s] -- Up-to-date: /home/peter/Documents/EENG_519/Final_Project/src/matlab_msg_gen/glnxa64/install/share/fp_msgs/cmake/fp_msgs__rosidl_typesupport_introspection_cExport.cmake
[1.836s] -- Up-to-date: /home/peter/Documents/EENG_519/Final_Project/src/matlab_msg_gen/glnxa64/install/share/fp_msgs/cmake/fp_msgs__rosidl_typesupport_introspection_cExport-release.cmake
[1.836s] -- Up-to-date: /home/peter/Documents/EENG_519/Final_Project/src/matlab_msg_gen/glnxa64/install/share/fp_msgs/cmake/fp_msgs__rosidl_typesupport_cExport.cmake
[1.836s] -- Up-to-date: /home/peter/Documents/EENG_519/Final_Project/src/matlab_msg_gen/glnxa64/install/share/fp_msgs/cmake/fp_msgs__rosidl_typesupport_cExport-release.cmake
[1.837s] -- Up-to-date: /home/peter/Documents/EENG_519/Final_Project/src/matlab_msg_gen/glnxa64/install/share/fp_msgs/cmake/fp_msgs__rosidl_generator_cppExport.cmake
[1.837s] -- Up-to-date: /home/peter/Documents/EENG_519/Final_Project/src/matlab_msg_gen/glnxa64/install/share/fp_msgs/cmake/fp_msgs__rosidl_typesupport_introspection_cppExport.cmake
[1.837s] -- Up-to-date: /home/peter/Documents/EENG_519/Final_Project/src/matlab_msg_gen/glnxa64/install/share/fp_msgs/cmake/fp_msgs__rosidl_typesupport_introspection_cppExport-release.cmake
[1.837s] -- Up-to-date: /home/peter/Documents/EENG_519/Final_Project/src/matlab_msg_gen/glnxa64/install/share/fp_msgs/cmake/fp_msgs__rosidl_typesupport_cppExport.cmake
[1.837s] -- Up-to-date: /home/peter/Documents/EENG_519/Final_Project/src/matlab_msg_gen/glnxa64/install/share/fp_msgs/cmake/fp_msgs__rosidl_typesupport_cppExport-release.cmake
[1.837s] -- Up-to-date: /home/peter/Documents/EENG_519/Final_Project/src/matlab_msg_gen/glnxa64/install/share/fp_msgs/cmake/rosidl_cmake-extras.cmake
[1.837s] -- Up-to-date: /home/peter/Documents/EENG_519/Final_Project/src/matlab_msg_gen/glnxa64/install/share/fp_msgs/cmake/ament_cmake_export_dependencies-extras.cmake
[1.837s] -- Up-to-date: /home/peter/Documents/EENG_519/Final_Project/src/matlab_msg_gen/glnxa64/install/share/fp_msgs/cmake/ament_cmake_export_libraries-extras.cmake
[1.837s] -- Up-to-date: /home/peter/Documents/EENG_519/Final_Project/src/matlab_msg_gen/glnxa64/install/share/fp_msgs/cmake/ament_cmake_export_targets-extras.cmake
[1.837s] -- Up-to-date: /home/peter/Documents/EENG_519/Final_Project/src/matlab_msg_gen/glnxa64/install/share/fp_msgs/cmake/ament_cmake_export_include_directories-extras.cmake
[1.837s] -- Up-to-date: /home/peter/Documents/EENG_519/Final_Project/src/matlab_msg_gen/glnxa64/install/share/fp_msgs/cmake/rosidl_cmake_export_typesupport_libraries-extras.cmake
[1.837s] -- Up-to-date: /home/peter/Documents/EENG_519/Final_Project/src/matlab_msg_gen/glnxa64/install/share/fp_msgs/cmake/rosidl_cmake_export_typesupport_targets-extras.cmake
[1.837s] -- Up-to-date: /home/peter/Documents/EENG_519/Final_Project/src/matlab_msg_gen/glnxa64/install/share/fp_msgs/cmake/fp_msgsConfig.cmake
[1.837s] -- Up-to-date: /home/peter/Documents/EENG_519/Final_Project/src/matlab_msg_gen/glnxa64/install/share/fp_msgs/cmake/fp_msgsConfig-version.cmake
[1.838s] -- Installing: /home/peter/Documents/EENG_519/Final_Project/src/matlab_msg_gen/glnxa64/install/share/fp_msgs/package.xml
[1.843s] Invoked command in '/home/peter/Documents/EENG_519/Final_Project/src/matlab_msg_gen/glnxa64/build/fp_msgs' returned '0': PS1=(venv) /usr/bin/cmake --install /home/peter/Documents/EENG_519/Final_Project/src/matlab_msg_gen/glnxa64/build/fp_msgs
